<?xml version="1.0" encoding="UTF-8" standalone="no"?><Transaction xmlns:xsd="http://www.w3.org/2001/XMLSchema" xmlns:xsi="http://www.w3.org/2001/XMLSchema-instance" Version="15.4.1.7"><TransactionAttributes><ContextItem><Name>Description</Name><Description>Transaction Description</Description><MinRange>0</MinRange><MaxRange>0</MaxRange><Value xsi:type="string"/><ReadOnly>true</ReadOnly><AlertXMLAssigned>false</AlertXMLAssigned></ContextItem><ContextItem><Name>Comments</Name><Description>User Comments</Description><MinRange>0</MinRange><MaxRange>0</MaxRange><Value xsi:type="string"/><ReadOnly>true</ReadOnly><AlertXMLAssigned>false</AlertXMLAssigned></ContextItem><ContextItem><Name>CreatedBy</Name><Description>Created By</Description><MinRange>0</MinRange><MaxRange>0</MaxRange><Value xsi:type="string">MKVI1</Value><ReadOnly>true</ReadOnly><AlertXMLAssigned>false</AlertXMLAssigned></ContextItem><ContextItem><Name>CreationDate</Name><Description>Creation Date</Description><MinRange>0</MinRange><MaxRange>0</MaxRange><Value xsi:type="dateTime">2022-12-09T23:06:00</Value><ReadOnly>true</ReadOnly><AlertXMLAssigned>false</AlertXMLAssigned></ContextItem><ContextItem><Name>Category</Name><Description>Transaction Category</Description><MinRange>0</MinRange><MaxRange>0</MaxRange><Value xsi:type="string"/><ReadOnly>true</ReadOnly><AlertXMLAssigned>false</AlertXMLAssigned></ContextItem><ContextItem><Name>Status</Name><Description>Deployment Status</Description><MinRange>0</MinRange><MaxRange>0</MaxRange><Value xsi:type="string">DEVELOPMENT</Value><ReadOnly>true</ReadOnly><AlertXMLAssigned>false</AlertXMLAssigned></ContextItem><ContextItem><Name>LegacyProcessingMode</Name><Description>Support the pre MII 12.1 Transaction Engine.</Description><MinRange>0</MinRange><MaxRange>0</MaxRange><Value xsi:type="boolean">0</Value><ReadOnly>true</ReadOnly><AlertXMLAssigned>false</AlertXMLAssigned></ContextItem><ContextItem><Name>AutoAppendBlankNamespaces</Name><Description>AutoAppendBlankNamespaces</Description><MinRange>0</MinRange><MaxRange>0</MaxRange><Value xsi:type="boolean">1</Value><ReadOnly>true</ReadOnly><AlertXMLAssigned>false</AlertXMLAssigned></ContextItem><ContextItem><Name>ThrowOnLinkError</Name><Description>Throws an exception when a link error occures</Description><MinRange>0</MinRange><MaxRange>0</MaxRange><Value xsi:type="boolean">0</Value><ReadOnly>true</ReadOnly><AlertXMLAssigned>false</AlertXMLAssigned></ContextItem><ContextItem><Name>ThrowOnActionError</Name><Description>Throws an exception when an action error occurs</Description><MinRange>0</MinRange><MaxRange>0</MaxRange><Value xsi:type="boolean">1</Value><ReadOnly>true</ReadOnly><AlertXMLAssigned>false</AlertXMLAssigned></ContextItem><ContextItem><Name>FormatXMLOnConversion</Name><Description>By default XML will be formatted when assigned from XML data type to String data type. This behaviour can be changed with this flag.</Description><MinRange>0</MinRange><MaxRange>0</MaxRange><Value xsi:type="boolean">1</Value><ReadOnly>true</ReadOnly><AlertXMLAssigned>false</AlertXMLAssigned></ContextItem><ContextItem><Name>LastEditedBy</Name><Description>Last Edited By</Description><MinRange>0</MinRange><MaxRange>0</MaxRange><Value xsi:type="xsd:string">MKVI1</Value><ReadOnly>true</ReadOnly><AlertXMLAssigned>false</AlertXMLAssigned></ContextItem><ContextItem><Name>LastEditedDate</Name><Description>Last Edited Date</Description><MinRange>0</MinRange><MaxRange>0</MaxRange><Value xsi:type="xsd:dateTime">2022-12-19T20:02:13</Value><ReadOnly>true</ReadOnly><AlertXMLAssigned>false</AlertXMLAssigned></ContextItem></TransactionAttributes><Name>Default/Viswajith/MKVI1/transactions/CreateshiftTracker</Name><Version>317</Version><WriterRoles>SAP_XMII_Super_Administrator,SAP_XMII_Administrator,SAP_XMII_Developer</WriterRoles><Context><ContextItem><Name>Month</Name><Description/><MinRange>0</MinRange><MaxRange>0</MaxRange><Value xsi:type="string">November</Value><ReadOnly>false</ReadOnly><AlertXMLAssigned>false</AlertXMLAssigned></ContextItem><ContextItem><Name>output</Name><Description/><MinRange>0</MinRange><MaxRange>0</MaxRange><Value xsi:type="string"/><ReadOnly>true</ReadOnly><AlertXMLAssigned>false</AlertXMLAssigned></ContextItem><ContextItem><Name>status</Name><Description/><MinRange>0</MinRange><MaxRange>0</MaxRange><Value xsi:type="string"/><ReadOnly>true</ReadOnly><AlertXMLAssigned>false</AlertXMLAssigned></ContextItem><ContextItem><Name>Team_name</Name><Description/><MinRange>0</MinRange><MaxRange>0</MaxRange><Value xsi:type="string">AL_Ops_MII</Value><ReadOnly>false</ReadOnly><AlertXMLAssigned>false</AlertXMLAssigned></ContextItem><ContextItem><Name>User521ID</Name><Description/><MinRange>0</MinRange><MaxRange>0</MaxRange><Value xsi:type="string">MKVI1</Value><ReadOnly>false</ReadOnly><AlertXMLAssigned>false</AlertXMLAssigned></ContextItem><ContextItem><Name>Year</Name><Description/><MinRange>0</MinRange><MaxRange>0</MaxRange><Value xsi:type="integer">2022</Value><ReadOnly>false</ReadOnly><AlertXMLAssigned>false</AlertXMLAssigned></ContextItem></Context><Local><ContextItem><Name>baseshiftmap</Name><Description/><MinRange>0</MinRange><MaxRange>0</MaxRange><Value xsi:type="map"/><ReadOnly>false</ReadOnly><AlertXMLAssigned>false</AlertXMLAssigned></ContextItem><ContextItem><Name>datevsbackupuser</Name><Description/><MinRange>0</MinRange><MaxRange>0</MaxRange><Value xsi:type="map"/><ReadOnly>false</ReadOnly><AlertXMLAssigned>false</AlertXMLAssigned></ContextItem><ContextItem><Name>InitialDate</Name><Description/><MinRange>0</MinRange><MaxRange>0</MaxRange><Value xsi:type="string">2023-01-01T00:00:00</Value><ReadOnly>false</ReadOnly><AlertXMLAssigned>false</AlertXMLAssigned></ContextItem><ContextItem><Name>leavemap</Name><Description/><MinRange>0</MinRange><MaxRange>0</MaxRange><Value xsi:type="map"/><ReadOnly>false</ReadOnly><AlertXMLAssigned>false</AlertXMLAssigned></ContextItem><ContextItem><Name>leaveuserbackupuser</Name><Description/><MinRange>0</MinRange><MaxRange>0</MaxRange><Value xsi:type="map"/><ReadOnly>false</ReadOnly><AlertXMLAssigned>false</AlertXMLAssigned></ContextItem><ContextItem><Name>monthindigit</Name><Description/><MinRange>0</MinRange><MaxRange>0</MaxRange><Value xsi:type="string">0</Value><ReadOnly>false</ReadOnly><AlertXMLAssigned>false</AlertXMLAssigned></ContextItem><ContextItem><Name>monthmap</Name><Description/><MinRange>0</MinRange><MaxRange>0</MaxRange><Value xsi:type="map">{June=[string:06], October=[string:10], December=[string:12], May=[string:05], September=[string:09], March=[string:03], July=[string:07], January=[string:01], February=[string:02], April=[string:04], August=[string:08], November=[string:11]}</Value><ReadOnly>false</ReadOnly><AlertXMLAssigned>false</AlertXMLAssigned></ContextItem></Local><Layout><GUILayoutItem><Name>Sequence</Name><X>440</X><Y>8</Y><Width>120</Width><SpacingWidth>984</SpacingWidth><DescendantWidth>984</DescendantWidth><Height>96</Height></GUILayoutItem><GUILayoutItem><Name>Exception_Enabler_0</Name><X>448</X><Y>24</Y><Width>104</Width><SpacingWidth>0</SpacingWidth><DescendantWidth>0</DescendantWidth><Height>72</Height></GUILayoutItem><GUILayoutItem><Name>Sequence_0</Name><X>368</X><Y>144</Y><Width>120</Width><SpacingWidth>840</SpacingWidth><DescendantWidth>840</DescendantWidth><Height>96</Height></GUILayoutItem><GUILayoutItem><Name>Sequence_1</Name><X>872</X><Y>144</Y><Width>120</Width><SpacingWidth>120</SpacingWidth><DescendantWidth>120</DescendantWidth><Height>96</Height></GUILayoutItem><GUILayoutItem><Name>Catch_0</Name><X>880</X><Y>160</Y><Width>104</Width><SpacingWidth>0</SpacingWidth><DescendantWidth>0</DescendantWidth><Height>72</Height></GUILayoutItem><GUILayoutItem><Name>Sequence_2</Name><X>872</X><Y>280</Y><Width>120</Width><SpacingWidth>120</SpacingWidth><DescendantWidth>0</DescendantWidth><Height>96</Height></GUILayoutItem><GUILayoutItem><Name>Assignment_0</Name><X>880</X><Y>296</Y><Width>104</Width><SpacingWidth>0</SpacingWidth><DescendantWidth>0</DescendantWidth><Height>72</Height></GUILayoutItem><GUILayoutItem><Name>convertingMonthtoDigitformatandassigning</Name><X>376</X><Y>160</Y><Width>104</Width><SpacingWidth>0</SpacingWidth><DescendantWidth>0</DescendantWidth><Height>72</Height></GUILayoutItem><GUILayoutItem><Name>Sequence_4</Name><X>368</X><Y>280</Y><Width>120</Width><SpacingWidth>840</SpacingWidth><DescendantWidth>840</DescendantWidth><Height>96</Height></GUILayoutItem><GUILayoutItem><Name>Sequence_5</Name><X>368</X><Y>416</Y><Width>120</Width><SpacingWidth>840</SpacingWidth><DescendantWidth>840</DescendantWidth><Height>96</Height></GUILayoutItem><GUILayoutItem><Name>Repeater_0</Name><X>376</X><Y>432</Y><Width>104</Width><SpacingWidth>0</SpacingWidth><DescendantWidth>0</DescendantWidth><Height>72</Height></GUILayoutItem><GUILayoutItem><Name>Team_membersandshift_0</Name><X>376</X><Y>296</Y><Width>104</Width><SpacingWidth>0</SpacingWidth><DescendantWidth>0</DescendantWidth><Height>72</Height></GUILayoutItem><GUILayoutItem><Name>Sequence_10</Name><X>368</X><Y>688</Y><Width>120</Width><SpacingWidth>840</SpacingWidth><DescendantWidth>840</DescendantWidth><Height>96</Height></GUILayoutItem><GUILayoutItem><Name>Conditional_0</Name><X>376</X><Y>704</Y><Width>104</Width><SpacingWidth>0</SpacingWidth><DescendantWidth>0</DescendantWidth><Height>72</Height></GUILayoutItem><GUILayoutItem><Name>Sequence_12</Name><X>584</X><Y>960</Y><Width>120</Width><SpacingWidth>408</SpacingWidth><DescendantWidth>408</DescendantWidth><Height>96</Height></GUILayoutItem><GUILayoutItem><Name>General shift logic</Name><X>152</X><Y>960</Y><Width>120</Width><SpacingWidth>408</SpacingWidth><DescendantWidth>408</DescendantWidth><Height>96</Height></GUILayoutItem><GUILayoutItem><Name>Weekend shift logic</Name><X>584</X><Y>824</Y><Width>120</Width><SpacingWidth>408</SpacingWidth><DescendantWidth>408</DescendantWidth><Height>96</Height></GUILayoutItem><GUILayoutItem><Name>leavedetailsbasedonuserid_0</Name><X>160</X><Y>976</Y><Width>104</Width><SpacingWidth>0</SpacingWidth><DescendantWidth>0</DescendantWidth><Height>72</Height></GUILayoutItem><GUILayoutItem><Name>Sequence_6</Name><X>368</X><Y>552</Y><Width>120</Width><SpacingWidth>840</SpacingWidth><DescendantWidth>840</DescendantWidth><Height>96</Height></GUILayoutItem><GUILayoutItem><Name>Sequence_7</Name><X>8</X><Y>1096</Y><Width>120</Width><SpacingWidth>120</SpacingWidth><DescendantWidth>120</DescendantWidth><Height>96</Height></GUILayoutItem><GUILayoutItem><Name>Repeater_1</Name><X>16</X><Y>1112</Y><Width>104</Width><SpacingWidth>0</SpacingWidth><DescendantWidth>0</DescendantWidth><Height>72</Height></GUILayoutItem><GUILayoutItem><Name>Sequence_8</Name><X>8</X><Y>1232</Y><Width>120</Width><SpacingWidth>120</SpacingWidth><DescendantWidth>0</DescendantWidth><Height>96</Height></GUILayoutItem><GUILayoutItem><Name>Assignment_1</Name><X>16</X><Y>1248</Y><Width>104</Width><SpacingWidth>0</SpacingWidth><DescendantWidth>0</DescendantWidth><Height>72</Height></GUILayoutItem><GUILayoutItem><Name>Assignment_2</Name><X>376</X><Y>568</Y><Width>104</Width><SpacingWidth>0</SpacingWidth><DescendantWidth>0</DescendantWidth><Height>72</Height></GUILayoutItem><GUILayoutItem><Name>general shift</Name><X>152</X><Y>824</Y><Width>120</Width><SpacingWidth>408</SpacingWidth><DescendantWidth>408</DescendantWidth><Height>96</Height></GUILayoutItem><GUILayoutItem><Name>leavedetailsbasedonuserid_1</Name><X>592</X><Y>976</Y><Width>104</Width><SpacingWidth>0</SpacingWidth><DescendantWidth>0</DescendantWidth><Height>72</Height></GUILayoutItem><GUILayoutItem><Name>Sequence_11</Name><X>440</X><Y>1232</Y><Width>120</Width><SpacingWidth>120</SpacingWidth><DescendantWidth>0</DescendantWidth><Height>96</Height></GUILayoutItem><GUILayoutItem><Name>Sequence_3</Name><X>440</X><Y>1096</Y><Width>120</Width><SpacingWidth>120</SpacingWidth><DescendantWidth>120</DescendantWidth><Height>96</Height></GUILayoutItem><GUILayoutItem><Name>Repeater_2</Name><X>448</X><Y>1112</Y><Width>104</Width><SpacingWidth>0</SpacingWidth><DescendantWidth>0</DescendantWidth><Height>72</Height></GUILayoutItem><GUILayoutItem><Name>Assignment_3</Name><X>448</X><Y>1248</Y><Width>104</Width><SpacingWidth>0</SpacingWidth><DescendantWidth>0</DescendantWidth><Height>72</Height></GUILayoutItem><GUILayoutItem><Name>Sequence_25</Name><X>152</X><Y>1368</Y><Width>120</Width><SpacingWidth>120</SpacingWidth><DescendantWidth>120</DescendantWidth><Height>96</Height></GUILayoutItem><GUILayoutItem><Name>Sequence_26</Name><X>152</X><Y>1504</Y><Width>120</Width><SpacingWidth>120</SpacingWidth><DescendantWidth>0</DescendantWidth><Height>96</Height></GUILayoutItem><GUILayoutItem><Name>InsertShiftDetails_2</Name><X>160</X><Y>1384</Y><Width>104</Width><SpacingWidth>0</SpacingWidth><DescendantWidth>0</DescendantWidth><Height>72</Height></GUILayoutItem><GUILayoutItem><Name>update_last_three_dates_0</Name><X>160</X><Y>1520</Y><Width>104</Width><SpacingWidth>0</SpacingWidth><DescendantWidth>0</DescendantWidth><Height>72</Height></GUILayoutItem><GUILayoutItem><Name>Sequence_29</Name><X>584</X><Y>1368</Y><Width>120</Width><SpacingWidth>120</SpacingWidth><DescendantWidth>120</DescendantWidth><Height>96</Height></GUILayoutItem><GUILayoutItem><Name>Sequence_30</Name><X>584</X><Y>1504</Y><Width>120</Width><SpacingWidth>120</SpacingWidth><DescendantWidth>0</DescendantWidth><Height>96</Height></GUILayoutItem><GUILayoutItem><Name>InsertShiftDetails_3</Name><X>592</X><Y>1384</Y><Width>104</Width><SpacingWidth>0</SpacingWidth><DescendantWidth>0</DescendantWidth><Height>72</Height></GUILayoutItem><GUILayoutItem><Name>update_last_three_dates_1</Name><X>592</X><Y>1520</Y><Width>104</Width><SpacingWidth>0</SpacingWidth><DescendantWidth>0</DescendantWidth><Height>72</Height></GUILayoutItem><GUILayoutItem><Name>Sequence_13</Name><X>296</X><Y>1368</Y><Width>120</Width><SpacingWidth>120</SpacingWidth><DescendantWidth>120</DescendantWidth><Height>96</Height></GUILayoutItem><GUILayoutItem><Name>Sequence_14</Name><X>224</X><Y>1096</Y><Width>120</Width><SpacingWidth>264</SpacingWidth><DescendantWidth>264</DescendantWidth><Height>96</Height></GUILayoutItem><GUILayoutItem><Name>Sequence_16</Name><X>728</X><Y>1368</Y><Width>120</Width><SpacingWidth>120</SpacingWidth><DescendantWidth>120</DescendantWidth><Height>96</Height></GUILayoutItem><GUILayoutItem><Name>Sequence_17</Name><X>656</X><Y>1096</Y><Width>120</Width><SpacingWidth>264</SpacingWidth><DescendantWidth>264</DescendantWidth><Height>96</Height></GUILayoutItem><GUILayoutItem><Name>Sequence_18</Name><X>296</X><Y>1504</Y><Width>120</Width><SpacingWidth>120</SpacingWidth><DescendantWidth>0</DescendantWidth><Height>96</Height></GUILayoutItem><GUILayoutItem><Name>Sequence_19</Name><X>728</X><Y>1504</Y><Width>120</Width><SpacingWidth>120</SpacingWidth><DescendantWidth>0</DescendantWidth><Height>96</Height></GUILayoutItem><GUILayoutItem><Name>Sequence_9</Name><X>224</X><Y>1232</Y><Width>120</Width><SpacingWidth>264</SpacingWidth><DescendantWidth>264</DescendantWidth><Height>96</Height></GUILayoutItem><GUILayoutItem><Name>Conditional_1</Name><X>232</X><Y>1248</Y><Width>104</Width><SpacingWidth>0</SpacingWidth><DescendantWidth>0</DescendantWidth><Height>72</Height></GUILayoutItem><GUILayoutItem><Name>Sequence_15</Name><X>656</X><Y>1232</Y><Width>120</Width><SpacingWidth>264</SpacingWidth><DescendantWidth>264</DescendantWidth><Height>96</Height></GUILayoutItem><GUILayoutItem><Name>Conditional_2</Name><X>664</X><Y>1248</Y><Width>104</Width><SpacingWidth>0</SpacingWidth><DescendantWidth>0</DescendantWidth><Height>72</Height></GUILayoutItem><GUILayoutItem><Name>Shifttrackerrecordvalidation_0</Name><X>232</X><Y>1112</Y><Width>104</Width><SpacingWidth>0</SpacingWidth><DescendantWidth>0</DescendantWidth><Height>72</Height></GUILayoutItem><GUILayoutItem><Name>Shifttrackerrecordvalidation_1</Name><X>664</X><Y>1112</Y><Width>104</Width><SpacingWidth>0</SpacingWidth><DescendantWidth>0</DescendantWidth><Height>72</Height></GUILayoutItem><GUILayoutItem><Name>update_last_three_dates_2</Name><X>304</X><Y>1520</Y><Width>104</Width><SpacingWidth>0</SpacingWidth><DescendantWidth>0</DescendantWidth><Height>72</Height></GUILayoutItem><GUILayoutItem><Name>update_last_three_dates_3</Name><X>736</X><Y>1520</Y><Width>104</Width><SpacingWidth>0</SpacingWidth><DescendantWidth>0</DescendantWidth><Height>72</Height></GUILayoutItem><GUILayoutItem><Name>updateshiftifexists_0</Name><X>304</X><Y>1384</Y><Width>104</Width><SpacingWidth>0</SpacingWidth><DescendantWidth>0</DescendantWidth><Height>72</Height></GUILayoutItem><GUILayoutItem><Name>updateshiftifexists_1</Name><X>736</X><Y>1384</Y><Width>104</Width><SpacingWidth>0</SpacingWidth><DescendantWidth>0</DescendantWidth><Height>72</Height></GUILayoutItem></Layout><Actions><ContextItem><Name>Exception_Enabler_0</Name><Description/><MinRange>0</MinRange><MaxRange>0</MaxRange><Value xsi:type="ExceptionEnabler"><EnableActionExceptions>true</EnableActionExceptions><EnableLinkExceptions>true</EnableLinkExceptions></Value><ReadOnly>false</ReadOnly><AlertXMLAssigned>false</AlertXMLAssigned></ContextItem><ContextItem><Name>Catch_0</Name><Description/><MinRange>0</MinRange><MaxRange>0</MaxRange><Value xsi:type="CatchAction"/><ReadOnly>false</ReadOnly><AlertXMLAssigned>false</AlertXMLAssigned></ContextItem><ContextItem><Name>Assignment_0</Name><Description/><MinRange>0</MinRange><MaxRange>0</MaxRange><Value xsi:type="Assignment"/><ReadOnly>false</ReadOnly><AlertXMLAssigned>false</AlertXMLAssigned></ContextItem><ContextItem><Name>convertingMonthtoDigitformatandassigning</Name><Description/><MinRange>0</MinRange><MaxRange>0</MaxRange><Value xsi:type="Assignment"/><ReadOnly>false</ReadOnly><AlertXMLAssigned>false</AlertXMLAssigned></ContextItem><ContextItem><Name>Repeater_0</Name><Description/><MinRange>0</MinRange><MaxRange>0</MaxRange><Value xsi:type="RepeaterAction"><Output><ReferenceDocumentSource/></Output><Break>false</Break><ItemCount>0</ItemCount><CurrentItem>0</CurrentItem><Source>Team_membersandshift_0.Results{/Rowsets/Rowset/Row}</Source><Item><ReferenceDocumentSource/></Item></Value><SchemaURI/><SchemaElement/><ValidateXMLOnExecution>1</ValidateXMLOnExecution><SchemaURI/><SchemaElement/><ValidateXMLOnExecution>1</ValidateXMLOnExecution><ReadOnly>false</ReadOnly><AlertXMLAssigned>false</AlertXMLAssigned></ContextItem><ContextItem><Name>Team_membersandshift_0</Name><Description/><MinRange>0</MinRange><MaxRange>0</MaxRange><Value xsi:type="IlluminatorMDOQueryObject"><Timeout>60</Timeout><Format>text/xml</Format><QueryParameters/><SQLTransaction/><ResultsAsString/><QueryStartDate>2022-12-14T19:22:08</QueryStartDate><QueryTemplate>Default/Viswajith/MKVI1/queries/Team_membersandshift</QueryTemplate><ResultSet/><QueryEndDate>2022-12-14T19:22:08</QueryEndDate><TagList/><Results><ReferenceDocumentSource/>&lt;?xml version="1.0" encoding="UTF-8"?&gt;&lt;Rowsets CachedTime="" DateCreated="2022-12-14T13:52:08" EndDate="2022-12-14T13:52:08" StartDate="2022-12-14T12:52:08" Version="15.4 SP1 Patch 7 (Mar 2, 2021)"&gt;&lt;Rowset&gt;&lt;Columns&gt;&lt;Column Description="" MaxRange="100" MinRange="0" Name="User_Name" SQLDataType="12" SourceColumn="User_Name"/&gt;&lt;Column Description="" MaxRange="100" MinRange="0" Name="SHIFT_TYPE" SQLDataType="12" SourceColumn="SHIFT_TYPE"/&gt;&lt;/Columns&gt;&lt;/Rowset&gt;&lt;/Rowsets&gt;</Results></Value><SchemaURI/><SchemaElement/><ValidateXMLOnExecution>1</ValidateXMLOnExecution><ReadOnly>false</ReadOnly><AlertXMLAssigned>false</AlertXMLAssigned></ContextItem><ContextItem><Name>Conditional_0</Name><Description/><MinRange>0</MinRange><MaxRange>0</MaxRange><Value xsi:type="ConditionalAction"><Output>false</Output><InputCount>4</InputCount><LogicalAnd>false</LogicalAnd><Input1>false</Input1><Input2>false</Input2><Input3>false</Input3><Input4>false</Input4></Value><ReadOnly>false</ReadOnly><AlertXMLAssigned>false</AlertXMLAssigned></ContextItem><ContextItem><Name>leavedetailsbasedonuserid_0</Name><Description/><MinRange>0</MinRange><MaxRange>0</MaxRange><Value xsi:type="IlluminatorMDOQueryObject"><Timeout>60</Timeout><Format>text/xml</Format><QueryParameters/><SQLTransaction/><ResultsAsString/><QueryStartDate>2022-12-14T20:35:03</QueryStartDate><QueryTemplate>Default/Viswajith/MKVI1/queries/leavedetailsbasedonuserid</QueryTemplate><ResultSet/><QueryEndDate>2022-12-14T20:35:03</QueryEndDate><TagList/><Results><ReferenceDocumentSource/>&lt;?xml version="1.0" encoding="UTF-8"?&gt;&lt;Rowsets CachedTime="" DateCreated="2022-12-14T15:05:04" EndDate="2022-12-14T15:05:04" StartDate="2022-12-14T14:05:04" Version="15.4 SP1 Patch 7 (Mar 2, 2021)"&gt;&lt;Rowset&gt;&lt;Columns&gt;&lt;Column Description="" MaxRange="100" MinRange="0" Name="USER_521ID" SQLDataType="12" SourceColumn="USER_521ID"/&gt;&lt;Column Description="" MaxRange="100" MinRange="0" Name="month" SQLDataType="12" SourceColumn="month"/&gt;&lt;Column Description="" MaxRange="100" MinRange="0" Name="year" SQLDataType="4" SourceColumn="year"/&gt;&lt;Column Description="" MaxRange="100" MinRange="0" Name="TYPE" SQLDataType="12" SourceColumn="TYPE"/&gt;&lt;Column Description="" MaxRange="100" MinRange="0" Name="date" SQLDataType="4" SourceColumn="date"/&gt;&lt;/Columns&gt;&lt;Row&gt;&lt;USER_521ID&gt;MKVI1&lt;/USER_521ID&gt;&lt;month&gt;November&lt;/month&gt;&lt;year&gt;2022&lt;/year&gt;&lt;TYPE&gt;LEAVE&lt;/TYPE&gt;&lt;date&gt;11&lt;/date&gt;&lt;/Row&gt;&lt;Row&gt;&lt;USER_521ID&gt;MKVI1&lt;/USER_521ID&gt;&lt;month&gt;November&lt;/month&gt;&lt;year&gt;2022&lt;/year&gt;&lt;TYPE&gt;LEAVE&lt;/TYPE&gt;&lt;date&gt;24&lt;/date&gt;&lt;/Row&gt;&lt;Row&gt;&lt;USER_521ID&gt;MKVI1&lt;/USER_521ID&gt;&lt;month&gt;November&lt;/month&gt;&lt;year&gt;2022&lt;/year&gt;&lt;TYPE&gt;LEAVE&lt;/TYPE&gt;&lt;date&gt;25&lt;/date&gt;&lt;/Row&gt;&lt;Row&gt;&lt;USER_521ID&gt;MKVI1&lt;/USER_521ID&gt;&lt;month&gt;November&lt;/month&gt;&lt;year&gt;2022&lt;/year&gt;&lt;TYPE&gt;HOLIDAY&lt;/TYPE&gt;&lt;date&gt;1&lt;/date&gt;&lt;/Row&gt;&lt;/Rowset&gt;&lt;/Rowsets&gt;</Results></Value><SchemaURI/><SchemaElement/><ValidateXMLOnExecution>1</ValidateXMLOnExecution><ReadOnly>false</ReadOnly><AlertXMLAssigned>false</AlertXMLAssigned></ContextItem><ContextItem><Name>Repeater_1</Name><Description/><MinRange>0</MinRange><MaxRange>0</MaxRange><Value xsi:type="RepeaterAction"><Output><ReferenceDocumentSource/>&lt;?xml version="1.0" encoding="UTF-8"?&gt;&lt;Row&gt;&lt;USER_521ID&gt;MKVI1&lt;/USER_521ID&gt;&lt;month&gt;November&lt;/month&gt;&lt;year&gt;2022&lt;/year&gt;&lt;TYPE&gt;LEAVE&lt;/TYPE&gt;&lt;date&gt;11&lt;/date&gt;&lt;/Row&gt;</Output><Break>false</Break><ItemCount>0</ItemCount><CurrentItem>0</CurrentItem><Source>leavedetailsbasedonuserid_0.Results{/Rowsets/Rowset/Row}</Source><Item><ReferenceDocumentSource/>&lt;?xml version="1.0" encoding="UTF-8"?&gt;&lt;Row&gt;&lt;USER_521ID&gt;MKVI1&lt;/USER_521ID&gt;&lt;month&gt;November&lt;/month&gt;&lt;year&gt;2022&lt;/year&gt;&lt;TYPE&gt;LEAVE&lt;/TYPE&gt;&lt;date&gt;11&lt;/date&gt;&lt;/Row&gt;</Item></Value><SchemaURI/><SchemaElement/><ValidateXMLOnExecution>1</ValidateXMLOnExecution><SchemaURI/><SchemaElement/><ValidateXMLOnExecution>1</ValidateXMLOnExecution><ReadOnly>false</ReadOnly><AlertXMLAssigned>false</AlertXMLAssigned></ContextItem><ContextItem><Name>Assignment_1</Name><Description/><MinRange>0</MinRange><MaxRange>0</MaxRange><Value xsi:type="Assignment"/><ReadOnly>false</ReadOnly><AlertXMLAssigned>false</AlertXMLAssigned></ContextItem><ContextItem><Name>Assignment_2</Name><Description/><MinRange>0</MinRange><MaxRange>0</MaxRange><Value xsi:type="Assignment"/><ReadOnly>false</ReadOnly><AlertXMLAssigned>false</AlertXMLAssigned></ContextItem><ContextItem><Name>leavedetailsbasedonuserid_1</Name><Description/><MinRange>0</MinRange><MaxRange>0</MaxRange><Value xsi:type="IlluminatorMDOQueryObject"><Timeout>60</Timeout><Format>text/xml</Format><QueryParameters/><SQLTransaction/><ResultsAsString/><QueryStartDate>2022-12-14T20:35:03</QueryStartDate><QueryTemplate>Default/Viswajith/MKVI1/queries/leavedetailsbasedonuserid</QueryTemplate><ResultSet/><QueryEndDate>2022-12-14T20:35:03</QueryEndDate><TagList/><Results><ReferenceDocumentSource/>&lt;?xml version="1.0" encoding="UTF-8"?&gt;&lt;Rowsets CachedTime="" DateCreated="2022-12-14T15:05:04" EndDate="2022-12-14T15:05:04" StartDate="2022-12-14T14:05:04" Version="15.4 SP1 Patch 7 (Mar 2, 2021)"&gt;&lt;Rowset&gt;&lt;Columns&gt;&lt;Column Description="" MaxRange="100" MinRange="0" Name="USER_521ID" SQLDataType="12" SourceColumn="USER_521ID"/&gt;&lt;Column Description="" MaxRange="100" MinRange="0" Name="month" SQLDataType="12" SourceColumn="month"/&gt;&lt;Column Description="" MaxRange="100" MinRange="0" Name="year" SQLDataType="4" SourceColumn="year"/&gt;&lt;Column Description="" MaxRange="100" MinRange="0" Name="TYPE" SQLDataType="12" SourceColumn="TYPE"/&gt;&lt;Column Description="" MaxRange="100" MinRange="0" Name="date" SQLDataType="4" SourceColumn="date"/&gt;&lt;/Columns&gt;&lt;Row&gt;&lt;USER_521ID&gt;MKVI1&lt;/USER_521ID&gt;&lt;month&gt;November&lt;/month&gt;&lt;year&gt;2022&lt;/year&gt;&lt;TYPE&gt;LEAVE&lt;/TYPE&gt;&lt;date&gt;11&lt;/date&gt;&lt;/Row&gt;&lt;Row&gt;&lt;USER_521ID&gt;MKVI1&lt;/USER_521ID&gt;&lt;month&gt;November&lt;/month&gt;&lt;year&gt;2022&lt;/year&gt;&lt;TYPE&gt;LEAVE&lt;/TYPE&gt;&lt;date&gt;24&lt;/date&gt;&lt;/Row&gt;&lt;Row&gt;&lt;USER_521ID&gt;MKVI1&lt;/USER_521ID&gt;&lt;month&gt;November&lt;/month&gt;&lt;year&gt;2022&lt;/year&gt;&lt;TYPE&gt;LEAVE&lt;/TYPE&gt;&lt;date&gt;25&lt;/date&gt;&lt;/Row&gt;&lt;Row&gt;&lt;USER_521ID&gt;MKVI1&lt;/USER_521ID&gt;&lt;month&gt;November&lt;/month&gt;&lt;year&gt;2022&lt;/year&gt;&lt;TYPE&gt;HOLIDAY&lt;/TYPE&gt;&lt;date&gt;1&lt;/date&gt;&lt;/Row&gt;&lt;/Rowset&gt;&lt;/Rowsets&gt;</Results></Value><SchemaURI/><SchemaElement/><ValidateXMLOnExecution>1</ValidateXMLOnExecution><ReadOnly>false</ReadOnly><AlertXMLAssigned>false</AlertXMLAssigned></ContextItem><ContextItem><Name>Repeater_2</Name><Description/><MinRange>0</MinRange><MaxRange>0</MaxRange><Value xsi:type="RepeaterAction"><Output><ReferenceDocumentSource/>&lt;?xml version="1.0" encoding="UTF-8"?&gt;&lt;Row&gt;&lt;USER_521ID&gt;MKVI1&lt;/USER_521ID&gt;&lt;month&gt;November&lt;/month&gt;&lt;year&gt;2022&lt;/year&gt;&lt;TYPE&gt;LEAVE&lt;/TYPE&gt;&lt;date&gt;11&lt;/date&gt;&lt;/Row&gt;</Output><Break>false</Break><ItemCount>0</ItemCount><CurrentItem>0</CurrentItem><Source>leavedetailsbasedonuserid_1.Results{/Rowsets/Rowset/Row}</Source><Item><ReferenceDocumentSource/>&lt;?xml version="1.0" encoding="UTF-8"?&gt;&lt;Row&gt;&lt;USER_521ID&gt;MKVI1&lt;/USER_521ID&gt;&lt;month&gt;November&lt;/month&gt;&lt;year&gt;2022&lt;/year&gt;&lt;TYPE&gt;LEAVE&lt;/TYPE&gt;&lt;date&gt;11&lt;/date&gt;&lt;/Row&gt;</Item></Value><SchemaURI/><SchemaElement/><ValidateXMLOnExecution>1</ValidateXMLOnExecution><SchemaURI/><SchemaElement/><ValidateXMLOnExecution>1</ValidateXMLOnExecution><ReadOnly>false</ReadOnly><AlertXMLAssigned>false</AlertXMLAssigned></ContextItem><ContextItem><Name>Assignment_3</Name><Description/><MinRange>0</MinRange><MaxRange>0</MaxRange><Value xsi:type="Assignment"/><ReadOnly>false</ReadOnly><AlertXMLAssigned>false</AlertXMLAssigned></ContextItem><ContextItem><Name>InsertShiftDetails_2</Name><Description/><MinRange>0</MinRange><MaxRange>0</MaxRange><Value xsi:type="IlluminatorMDOQueryObject"><Timeout>60</Timeout><Format>text/xml</Format><QueryParameters/><SQLTransaction/><ResultsAsString/><QueryStartDate>2022-12-14T19:10:07</QueryStartDate><QueryTemplate>Default/Viswajith/MKVI1/queries/InsertShiftDetails</QueryTemplate><ResultSet/><QueryEndDate>2022-12-14T19:10:07</QueryEndDate><TagList/><Results><ReferenceDocumentSource/>&lt;?xml version="1.0" encoding="UTF-8"?&gt;&lt;Rowsets CachedTime="" DateCreated="2022-12-14T13:40:08" EndDate="2022-12-14T13:40:08" StartDate="2022-12-14T12:40:08" Version="15.4 SP1 Patch 7 (Mar 2, 2021)"&gt;&lt;FatalError&gt;com.sap.sql.log.OpenSQLException: The SQL statement "INSERT INTO MDO74118 (FIELD1,FIELD35,FIELD3,FIELD2,FIELD4,FIELD5,FIELD6,FIELD7,FIELD8,FIELD9,FIELD10,FIELD11,FIELD12,FIELD13,FIELD14,FIELD15,FIELD16,FIELD17,FIELD18,FIELD19,FIELD20,FIELD21,FIELD22,FIELD23,FIELD24,FIELD25,FIELD26,FIELD27,FIELD28,FIELD29,FIELD30,FIELD31,FIELD32,FIELD33,FIELD34,LASTQUERYEXECUTION,LASTQUERYEXECUTIONBY) VALUES(?,?,?,?,?,?,?,?,?,?,?,?,?,?,?,?,?,?,?,?,?,?,?,?,?,?,?,?,?,?,?,?,[Param.33],[Param.34],[Param.35],?,?)" contains the syntax error[s]: - 1:405 - SQL syntax error: the token "," was not expected here&#13;
&lt;/FatalError&gt;&lt;/Rowsets&gt;</Results></Value><SchemaURI/><SchemaElement/><ValidateXMLOnExecution>1</ValidateXMLOnExecution><ReadOnly>false</ReadOnly><AlertXMLAssigned>false</AlertXMLAssigned></ContextItem><ContextItem><Name>update_last_three_dates_0</Name><Description/><MinRange>0</MinRange><MaxRange>0</MaxRange><Value xsi:type="IlluminatorMDOQueryObject"><Timeout>60</Timeout><Format>text/xml</Format><QueryParameters/><SQLTransaction/><ResultsAsString/><QueryStartDate>2022-12-15T17:21:05</QueryStartDate><QueryTemplate>Default/Viswajith/MKVI1/queries/update last three dates</QueryTemplate><ResultSet/><QueryEndDate>2022-12-15T17:21:05</QueryEndDate><TagList/><Results><ReferenceDocumentSource/>&lt;?xml version="1.0" encoding="UTF-8"?&gt;&lt;Rowsets CachedTime="" DateCreated="2022-12-15T11:51:05" EndDate="2022-12-15T11:51:05" StartDate="2022-12-15T10:51:05" Version="15.4 SP1 Patch 7 (Mar 2, 2021)"&gt;&lt;FatalError&gt;com.sap.sql.log.OpenSQLException: Failed to set the parameter 6 of the statement &amp;gt;&amp;gt;UPDATE MDO74118 SET FIELD32 = ?,FIELD33 = ?,FIELD34 = ?,LASTQUERYEXECUTION = ?,LASTQUERYEXECUTIONBY = ? WHERE FIELD1=? AND FIELD3=? AND FIELD2=?&amp;lt;&amp;lt;: Cannot assign NULL. The setNull() method can only be used in the VALUES clause of an INSERT statement or in the SET clause of and UPDATE statement. &lt;/FatalError&gt;&lt;/Rowsets&gt;</Results></Value><SchemaURI/><SchemaElement/><ValidateXMLOnExecution>1</ValidateXMLOnExecution><ReadOnly>false</ReadOnly><AlertXMLAssigned>false</AlertXMLAssigned></ContextItem><ContextItem><Name>InsertShiftDetails_3</Name><Description/><MinRange>0</MinRange><MaxRange>0</MaxRange><Value xsi:type="IlluminatorMDOQueryObject"><Timeout>60</Timeout><Format>text/xml</Format><QueryParameters/><SQLTransaction/><ResultsAsString/><QueryStartDate>2022-12-14T19:10:07</QueryStartDate><QueryTemplate>Default/Viswajith/MKVI1/queries/InsertShiftDetails</QueryTemplate><ResultSet/><QueryEndDate>2022-12-14T19:10:07</QueryEndDate><TagList/><Results><ReferenceDocumentSource/>&lt;?xml version="1.0" encoding="UTF-8"?&gt;&lt;Rowsets CachedTime="" DateCreated="2022-12-14T13:40:08" EndDate="2022-12-14T13:40:08" StartDate="2022-12-14T12:40:08" Version="15.4 SP1 Patch 7 (Mar 2, 2021)"&gt;&lt;FatalError&gt;com.sap.sql.log.OpenSQLException: The SQL statement "INSERT INTO MDO74118 (FIELD1,FIELD35,FIELD3,FIELD2,FIELD4,FIELD5,FIELD6,FIELD7,FIELD8,FIELD9,FIELD10,FIELD11,FIELD12,FIELD13,FIELD14,FIELD15,FIELD16,FIELD17,FIELD18,FIELD19,FIELD20,FIELD21,FIELD22,FIELD23,FIELD24,FIELD25,FIELD26,FIELD27,FIELD28,FIELD29,FIELD30,FIELD31,FIELD32,FIELD33,FIELD34,LASTQUERYEXECUTION,LASTQUERYEXECUTIONBY) VALUES(?,?,?,?,?,?,?,?,?,?,?,?,?,?,?,?,?,?,?,?,?,?,?,?,?,?,?,?,?,?,?,?,[Param.33],[Param.34],[Param.35],?,?)" contains the syntax error[s]: - 1:405 - SQL syntax error: the token "," was not expected here&#13;
&lt;/FatalError&gt;&lt;/Rowsets&gt;</Results></Value><SchemaURI/><SchemaElement/><ValidateXMLOnExecution>1</ValidateXMLOnExecution><ReadOnly>false</ReadOnly><AlertXMLAssigned>false</AlertXMLAssigned></ContextItem><ContextItem><Name>update_last_three_dates_1</Name><Description/><MinRange>0</MinRange><MaxRange>0</MaxRange><Value xsi:type="IlluminatorMDOQueryObject"><Timeout>60</Timeout><Format>text/xml</Format><QueryParameters/><SQLTransaction/><ResultsAsString/><QueryStartDate>2022-12-15T17:21:05</QueryStartDate><QueryTemplate>Default/Viswajith/MKVI1/queries/update last three dates</QueryTemplate><ResultSet/><QueryEndDate>2022-12-15T17:21:05</QueryEndDate><TagList/><Results><ReferenceDocumentSource/>&lt;?xml version="1.0" encoding="UTF-8"?&gt;&lt;Rowsets CachedTime="" DateCreated="2022-12-15T11:51:05" EndDate="2022-12-15T11:51:05" StartDate="2022-12-15T10:51:05" Version="15.4 SP1 Patch 7 (Mar 2, 2021)"&gt;&lt;FatalError&gt;com.sap.sql.log.OpenSQLException: Failed to set the parameter 6 of the statement &amp;gt;&amp;gt;UPDATE MDO74118 SET FIELD32 = ?,FIELD33 = ?,FIELD34 = ?,LASTQUERYEXECUTION = ?,LASTQUERYEXECUTIONBY = ? WHERE FIELD1=? AND FIELD3=? AND FIELD2=?&amp;lt;&amp;lt;: Cannot assign NULL. The setNull() method can only be used in the VALUES clause of an INSERT statement or in the SET clause of and UPDATE statement. &lt;/FatalError&gt;&lt;/Rowsets&gt;</Results></Value><SchemaURI/><SchemaElement/><ValidateXMLOnExecution>1</ValidateXMLOnExecution><ReadOnly>false</ReadOnly><AlertXMLAssigned>false</AlertXMLAssigned></ContextItem><ContextItem><Name>Conditional_1</Name><Description/><MinRange>0</MinRange><MaxRange>0</MaxRange><Value xsi:type="ConditionalAction"><Output>false</Output><InputCount>1</InputCount><LogicalAnd>false</LogicalAnd><Input1>false</Input1></Value><ReadOnly>false</ReadOnly><AlertXMLAssigned>false</AlertXMLAssigned></ContextItem><ContextItem><Name>Conditional_2</Name><Description/><MinRange>0</MinRange><MaxRange>0</MaxRange><Value xsi:type="ConditionalAction"><Output>false</Output><InputCount>1</InputCount><LogicalAnd>false</LogicalAnd><Input1>false</Input1></Value><ReadOnly>false</ReadOnly><AlertXMLAssigned>false</AlertXMLAssigned></ContextItem><ContextItem><Name>Shifttrackerrecordvalidation_0</Name><Description/><MinRange>0</MinRange><MaxRange>0</MaxRange><Value xsi:type="IlluminatorMDOQueryObject"><Timeout>60</Timeout><Format>text/xml</Format><QueryParameters/><SQLTransaction/><ResultsAsString/><QueryStartDate>2022-12-19T18:59:42</QueryStartDate><QueryTemplate>Default/Viswajith/MKVI1/queries/Shifttrackerrecordvalidation</QueryTemplate><ResultSet/><QueryEndDate>2022-12-19T18:59:42</QueryEndDate><TagList/><Results><ReferenceDocumentSource/>&lt;?xml version="1.0" encoding="UTF-8"?&gt;&lt;Rowsets CachedTime="" DateCreated="2022-12-19T13:29:42" EndDate="2022-12-19T13:29:42" StartDate="2022-12-19T12:29:42" Version="15.4 SP1 Patch 7 (Mar 2, 2021)"&gt;&lt;FatalError&gt;java.sql.SQLException: Error while processing the template Default/Viswajith/MKVI1/queries/Shifttrackerrecordvalidation - 1:434 - SQL syntax error: the token ANDYear.was not expected here&#13;
&lt;/FatalError&gt;&lt;/Rowsets&gt;</Results></Value><SchemaURI/><SchemaElement/><ValidateXMLOnExecution>1</ValidateXMLOnExecution><ReadOnly>false</ReadOnly><AlertXMLAssigned>false</AlertXMLAssigned></ContextItem><ContextItem><Name>Shifttrackerrecordvalidation_1</Name><Description/><MinRange>0</MinRange><MaxRange>0</MaxRange><Value xsi:type="IlluminatorMDOQueryObject"><Timeout>60</Timeout><Format>text/xml</Format><QueryParameters/><SQLTransaction/><ResultsAsString/><QueryStartDate>2022-12-19T18:59:55</QueryStartDate><QueryTemplate>Default/Viswajith/MKVI1/queries/Shifttrackerrecordvalidation</QueryTemplate><ResultSet/><QueryEndDate>2022-12-19T18:59:55</QueryEndDate><TagList/><Results><ReferenceDocumentSource/>&lt;?xml version="1.0" encoding="UTF-8"?&gt;&lt;Rowsets CachedTime="" DateCreated="2022-12-19T13:29:56" EndDate="2022-12-19T13:29:56" StartDate="2022-12-19T12:29:56" Version="15.4 SP1 Patch 7 (Mar 2, 2021)"&gt;&lt;FatalError&gt;java.sql.SQLException: Error while processing the template Default/Viswajith/MKVI1/queries/Shifttrackerrecordvalidation - 1:434 - SQL syntax error: the token ANDYear.was not expected here&#13;
&lt;/FatalError&gt;&lt;/Rowsets&gt;</Results></Value><SchemaURI/><SchemaElement/><ValidateXMLOnExecution>1</ValidateXMLOnExecution><ReadOnly>false</ReadOnly><AlertXMLAssigned>false</AlertXMLAssigned></ContextItem><ContextItem><Name>update_last_three_dates_2</Name><Description/><MinRange>0</MinRange><MaxRange>0</MaxRange><Value xsi:type="IlluminatorMDOQueryObject"><Timeout>60</Timeout><Format>text/xml</Format><QueryParameters/><SQLTransaction/><ResultsAsString/><QueryStartDate>2022-12-15T17:21:05</QueryStartDate><QueryTemplate>Default/Viswajith/MKVI1/queries/update last three dates</QueryTemplate><ResultSet/><QueryEndDate>2022-12-15T17:21:05</QueryEndDate><TagList/><Results><ReferenceDocumentSource/>&lt;?xml version="1.0" encoding="UTF-8"?&gt;&lt;Rowsets CachedTime="" DateCreated="2022-12-15T11:51:05" EndDate="2022-12-15T11:51:05" StartDate="2022-12-15T10:51:05" Version="15.4 SP1 Patch 7 (Mar 2, 2021)"&gt;&lt;FatalError&gt;com.sap.sql.log.OpenSQLException: Failed to set the parameter 6 of the statement &amp;gt;&amp;gt;UPDATE MDO74118 SET FIELD32 = ?,FIELD33 = ?,FIELD34 = ?,LASTQUERYEXECUTION = ?,LASTQUERYEXECUTIONBY = ? WHERE FIELD1=? AND FIELD3=? AND FIELD2=?&amp;lt;&amp;lt;: Cannot assign NULL. The setNull() method can only be used in the VALUES clause of an INSERT statement or in the SET clause of and UPDATE statement. &lt;/FatalError&gt;&lt;/Rowsets&gt;</Results></Value><SchemaURI/><SchemaElement/><ValidateXMLOnExecution>1</ValidateXMLOnExecution><ReadOnly>false</ReadOnly><AlertXMLAssigned>false</AlertXMLAssigned></ContextItem><ContextItem><Name>update_last_three_dates_3</Name><Description/><MinRange>0</MinRange><MaxRange>0</MaxRange><Value xsi:type="IlluminatorMDOQueryObject"><Timeout>60</Timeout><Format>text/xml</Format><QueryParameters/><SQLTransaction/><ResultsAsString/><QueryStartDate>2022-12-15T17:21:05</QueryStartDate><QueryTemplate>Default/Viswajith/MKVI1/queries/update last three dates</QueryTemplate><ResultSet/><QueryEndDate>2022-12-15T17:21:05</QueryEndDate><TagList/><Results><ReferenceDocumentSource/>&lt;?xml version="1.0" encoding="UTF-8"?&gt;&lt;Rowsets CachedTime="" DateCreated="2022-12-15T11:51:05" EndDate="2022-12-15T11:51:05" StartDate="2022-12-15T10:51:05" Version="15.4 SP1 Patch 7 (Mar 2, 2021)"&gt;&lt;FatalError&gt;com.sap.sql.log.OpenSQLException: Failed to set the parameter 6 of the statement &amp;gt;&amp;gt;UPDATE MDO74118 SET FIELD32 = ?,FIELD33 = ?,FIELD34 = ?,LASTQUERYEXECUTION = ?,LASTQUERYEXECUTIONBY = ? WHERE FIELD1=? AND FIELD3=? AND FIELD2=?&amp;lt;&amp;lt;: Cannot assign NULL. The setNull() method can only be used in the VALUES clause of an INSERT statement or in the SET clause of and UPDATE statement. &lt;/FatalError&gt;&lt;/Rowsets&gt;</Results></Value><SchemaURI/><SchemaElement/><ValidateXMLOnExecution>1</ValidateXMLOnExecution><ReadOnly>false</ReadOnly><AlertXMLAssigned>false</AlertXMLAssigned></ContextItem><ContextItem><Name>updateshiftifexists_0</Name><Description/><MinRange>0</MinRange><MaxRange>0</MaxRange><Value xsi:type="IlluminatorMDOQueryObject"><Timeout>60</Timeout><Format>text/xml</Format><QueryParameters/><SQLTransaction/><ResultsAsString/><QueryStartDate>2022-12-19T19:43:08</QueryStartDate><QueryTemplate>Default/Viswajith/MKVI1/queries/updateshiftifexists</QueryTemplate><ResultSet/><QueryEndDate>2022-12-19T19:43:08</QueryEndDate><TagList/><Results><ReferenceDocumentSource/>&lt;?xml version="1.0" encoding="UTF-8"?&gt;&lt;Rowsets CachedTime="" DateCreated="2022-12-19T14:13:09" EndDate="2022-12-19T14:13:09" StartDate="2022-12-19T13:13:09" Version="15.4 SP1 Patch 7 (Mar 2, 2021)"&gt;&lt;FatalError&gt;com.sap.sql.log.OpenSQLException: Failed to set the parameter 35 of the statement &amp;gt;&amp;gt;UPDATE MDO74118 SET FIELD1 = ?,FIELD35 = ?,FIELD3 = ?,FIELD2 = ?,FIELD4 = ?,FIELD5 = ?,FIELD6 = ?,FIELD7 = ?,FIELD8 = ?,FIELD9 = ?,FIELD10 = ?,FIELD11 = ?,FIELD12 = ?,FIELD13 = ?,FIELD14 = ?,FIELD15 = ?,FIELD16 = ?,FIELD17 = ?,FIELD18 = ?,FIELD19 = ?,FIELD20 = ?,FIELD21 = ?,FIELD22 = ?,FIELD23 = ?,FIELD24 = ?,FIELD25 = ?,FIELD26 = ?,FIELD27 = ?,FIELD28 = ?,FIELD29 = ?,FIELD30 = ?,FIELD31 = ?,LASTQUERYEXECUTION = ?,LASTQUERYEXECUTIONBY = ? WHERE FIELD1=? AND FIELD35=? AND FIELD3=? AND FIELD2=?&amp;lt;&amp;lt;: Cannot assign NULL. The setNull() method can only be used in the VALUES clause of an INSERT statement or in the SET clause of and UPDATE statement. &lt;/FatalError&gt;&lt;/Rowsets&gt;</Results></Value><SchemaURI/><SchemaElement/><ValidateXMLOnExecution>1</ValidateXMLOnExecution><ReadOnly>false</ReadOnly><AlertXMLAssigned>false</AlertXMLAssigned></ContextItem><ContextItem><Name>updateshiftifexists_1</Name><Description/><MinRange>0</MinRange><MaxRange>0</MaxRange><Value xsi:type="IlluminatorMDOQueryObject"><Timeout>60</Timeout><Format>text/xml</Format><QueryParameters/><SQLTransaction/><ResultsAsString/><QueryStartDate>2022-12-19T19:43:34</QueryStartDate><QueryTemplate>Default/Viswajith/MKVI1/queries/updateshiftifexists</QueryTemplate><ResultSet/><QueryEndDate>2022-12-19T19:43:34</QueryEndDate><TagList/><Results><ReferenceDocumentSource/>&lt;?xml version="1.0" encoding="UTF-8"?&gt;&lt;Rowsets CachedTime="" DateCreated="2022-12-19T14:13:34" EndDate="2022-12-19T14:13:34" StartDate="2022-12-19T13:13:34" Version="15.4 SP1 Patch 7 (Mar 2, 2021)"&gt;&lt;FatalError&gt;com.sap.sql.log.OpenSQLException: Failed to set the parameter 35 of the statement &amp;gt;&amp;gt;UPDATE MDO74118 SET FIELD1 = ?,FIELD35 = ?,FIELD3 = ?,FIELD2 = ?,FIELD4 = ?,FIELD5 = ?,FIELD6 = ?,FIELD7 = ?,FIELD8 = ?,FIELD9 = ?,FIELD10 = ?,FIELD11 = ?,FIELD12 = ?,FIELD13 = ?,FIELD14 = ?,FIELD15 = ?,FIELD16 = ?,FIELD17 = ?,FIELD18 = ?,FIELD19 = ?,FIELD20 = ?,FIELD21 = ?,FIELD22 = ?,FIELD23 = ?,FIELD24 = ?,FIELD25 = ?,FIELD26 = ?,FIELD27 = ?,FIELD28 = ?,FIELD29 = ?,FIELD30 = ?,FIELD31 = ?,LASTQUERYEXECUTION = ?,LASTQUERYEXECUTIONBY = ? WHERE FIELD1=? AND FIELD35=? AND FIELD3=? AND FIELD2=?&amp;lt;&amp;lt;: Cannot assign NULL. The setNull() method can only be used in the VALUES clause of an INSERT statement or in the SET clause of and UPDATE statement. &lt;/FatalError&gt;&lt;/Rowsets&gt;</Results></Value><SchemaURI/><SchemaElement/><ValidateXMLOnExecution>1</ValidateXMLOnExecution><ReadOnly>false</ReadOnly><AlertXMLAssigned>false</AlertXMLAssigned></ContextItem></Actions><ReaderRoles>SAP_XMII_Super_Administrator,SAP_XMII_Administrator,SAP_XMII_Developer,SAP_XMII_User</ReaderRoles><Steps><Step xsi:type="ActionSequence"><Name>Sequence</Name><Description/><Steps><Step xsi:type="ActionSequence"><Name>Sequence_0</Name><Description/><Steps><Step xsi:type="ActionSequence"><Name>Sequence_4</Name><Description/><Steps><Step xsi:type="Repeater"><Name>Sequence_5</Name><Description/><Steps><Step xsi:type="ActionSequence"><Name>Sequence_6</Name><Description/><Steps><Step xsi:type="Conditional"><Name>Sequence_10</Name><Description/><Steps><Step xsi:type="ActionSequence"><Name>general shift</Name><Description/><Steps><Step xsi:type="ActionSequence"><Name>General shift logic</Name><Description/><Steps><Step xsi:type="Repeater"><Name>Sequence_7</Name><Description/><Steps><Step xsi:type="ActionSequence"><Name>Sequence_8</Name><Description/><Steps/><Actions><Action><Name>Assignment_1</Name><Description> </Description><Expiration/><IncomingLinks/><OutgoingLinks><Assign xsi:type="Assign"><Name/><Description/><To>Local.leavemap</To><From>put(Local.leavemap, Repeater_1.Output{/Row/date}, Repeater_1.Output{/Row/TYPE})</From></Assign></OutgoingLinks></Action></Actions></Step></Steps><Actions><Action><Name>Repeater_1</Name><Description> </Description><Expiration>Weekend shift logic</Expiration><IncomingLinks/><OutgoingLinks/></Action></Actions></Step><Step xsi:type="ActionSequence"><Name>Sequence_14</Name><Description/><Steps><Step xsi:type="Conditional"><Name>Sequence_9</Name><Description/><Steps><Step xsi:type="ActionSequence"><Name>Sequence_25</Name><Description/><Steps><Step xsi:type="ActionSequence"><Name>Sequence_26</Name><Description/><Steps/><Actions><Action><Name>update_last_three_dates_0</Name><Description>MDO Query</Description><Expiration>Sequence_13</Expiration><IncomingLinks><Assign xsi:type="Assign"><Name/><Description/><To>update_last_three_dates_0.Param.1</To><From>Repeater_0.Output{Row/User_521ID}</From></Assign><Assign xsi:type="Assign"><Name/><Description/><To>update_last_three_dates_0.Param.2</To><From>Transaction.Month</From></Assign><Assign xsi:type="Assign"><Name/><Description/><To>update_last_three_dates_0.Param.3</To><From>Transaction.Year</From></Assign><Assign xsi:type="Assign"><Name/><Description/><To>update_last_three_dates_0.Param.4</To><From>stringif(((dayofweek(dateadddays(Local.InitialDate,28))==1)||(dayofweek(dateadddays(Local.InitialDate,28))==7)	),"",stringif(containskey(Local.leavemap, "29")==1,getvaluefromMap(Local.leavemap, "29"),Repeater_0.Output{Row/SHIFT_TYPE}))</From></Assign><Assign xsi:type="Assign"><Name/><Description/><To>update_last_three_dates_0.Param.5</To><From>stringif(((dayofweek(dateadddays(Local.InitialDate,29))==1)||(dayofweek(dateadddays(Local.InitialDate,29))==7)	),"",stringif(containskey(Local.leavemap, "30")==1,getvaluefromMap(Local.leavemap, "30"),Repeater_0.Output{Row/SHIFT_TYPE}))</From></Assign><Assign xsi:type="Assign"><Name/><Description/><To>update_last_three_dates_0.Param.6</To><From>stringif(((dayofweek(dateadddays(Local.InitialDate,30))==1)||(dayofweek(dateadddays(Local.InitialDate,30))==7)	),"",stringif(containskey(Local.leavemap, "31")==1,getvaluefromMap(Local.leavemap, "31"),Repeater_0.Output{Row/SHIFT_TYPE}))</From></Assign><Assign xsi:type="Assign"><Name/><Description/><To>update_last_three_dates_0.Param.7</To><From>Repeater_0.Output{Row/SPOC_FLAG}</From></Assign><Assign xsi:type="Assign"><Name/><Description/><To>update_last_three_dates_0.Param.8</To><From>Repeater_0.Output{Row/User_Name}</From></Assign><Assign xsi:type="Assign"><Name/><Description/><To>update_last_three_dates_0.Param.9</To><From>Repeater_0.Output{Row/EMAIL}</From></Assign><Assign xsi:type="Assign"><Name/><Description/><To>update_last_three_dates_0.Param.10</To><From>Repeater_0.Output{Row/LOCATION}</From></Assign><Assign xsi:type="Assign"><Name/><Description/><To>update_last_three_dates_0.Param.11</To><From>Repeater_0.Output{Row/PHONE_NUMBER}</From></Assign><Assign xsi:type="Assign"><Name/><Description/><To>update_last_three_dates_0.Param.12</To><From>Repeater_0.Output{Row/ALTERNATE_NUMBER}</From></Assign></IncomingLinks><OutgoingLinks/></Action></Actions></Step></Steps><Actions><Action><Name>InsertShiftDetails_2</Name><Description>MDO Query</Description><Expiration>Sequence_13</Expiration><IncomingLinks><Assign xsi:type="Assign"><Name/><Description/><To>InsertShiftDetails_2.Param.1</To><From>Repeater_0.Output{Row/User_521ID}</From></Assign><Assign xsi:type="Assign"><Name/><Description/><To>InsertShiftDetails_2.Param.2</To><From>Transaction.Team_name</From></Assign><Assign xsi:type="Assign"><Name/><Description/><To>InsertShiftDetails_2.Param.3</To><From>Transaction.Month</From></Assign><Assign xsi:type="Assign"><Name/><Description/><To>InsertShiftDetails_2.Param.4</To><From>Transaction.Year</From></Assign><Assign xsi:type="Assign"><Name/><Description/><To>InsertShiftDetails_2.Param.5</To><From>stringif(((dayofweek(dateadddays(Local.InitialDate,0))==1)||(dayofweek(dateadddays(Local.InitialDate,0))==7)	),"",stringif(containskey(Local.leavemap, "1")==1,getvaluefromMap(Local.leavemap, "1"),Repeater_0.Output{Row/SHIFT_TYPE}))</From></Assign><Assign xsi:type="Assign"><Name/><Description/><To>InsertShiftDetails_2.Param.6</To><From>stringif(((dayofweek(dateadddays(Local.InitialDate,1))==1)||(dayofweek(dateadddays(Local.InitialDate,1))==7)	),"",stringif(containskey(Local.leavemap, "2")==1,getvaluefromMap(Local.leavemap, "2"),Repeater_0.Output{Row/SHIFT_TYPE}))</From></Assign><Assign xsi:type="Assign"><Name/><Description/><To>InsertShiftDetails_2.Param.7</To><From>stringif(((dayofweek(dateadddays(Local.InitialDate,2))==1)||(dayofweek(dateadddays(Local.InitialDate,2))==7)	),"",stringif(containskey(Local.leavemap, "3")==1,getvaluefromMap(Local.leavemap, "3"),Repeater_0.Output{Row/SHIFT_TYPE}))</From></Assign><Assign xsi:type="Assign"><Name/><Description/><To>InsertShiftDetails_2.Param.8</To><From>stringif(((dayofweek(dateadddays(Local.InitialDate,3))==1)||(dayofweek(dateadddays(Local.InitialDate,3))==7)	),"",stringif(containskey(Local.leavemap, "4")==1,getvaluefromMap(Local.leavemap, "4"),Repeater_0.Output{Row/SHIFT_TYPE}))</From></Assign><Assign xsi:type="Assign"><Name/><Description/><To>InsertShiftDetails_2.Param.9</To><From>stringif(((dayofweek(dateadddays(Local.InitialDate,4))==1)||(dayofweek(dateadddays(Local.InitialDate,4))==7)	),"",stringif(containskey(Local.leavemap, "5")==1,getvaluefromMap(Local.leavemap, "5"),Repeater_0.Output{Row/SHIFT_TYPE}))</From></Assign><Assign xsi:type="Assign"><Name/><Description/><To>InsertShiftDetails_2.Param.10</To><From>stringif(((dayofweek(dateadddays(Local.InitialDate,5))==1)||(dayofweek(dateadddays(Local.InitialDate,5))==7)	),"",stringif(containskey(Local.leavemap, "6")==1,getvaluefromMap(Local.leavemap, "6"),Repeater_0.Output{Row/SHIFT_TYPE}))</From></Assign><Assign xsi:type="Assign"><Name/><Description/><To>InsertShiftDetails_2.Param.11</To><From>stringif(((dayofweek(dateadddays(Local.InitialDate,6))==1)||(dayofweek(dateadddays(Local.InitialDate,6))==7)	),"",stringif(containskey(Local.leavemap, "7")==1,getvaluefromMap(Local.leavemap, "7"),Repeater_0.Output{Row/SHIFT_TYPE}))</From></Assign><Assign xsi:type="Assign"><Name/><Description/><To>InsertShiftDetails_2.Param.12</To><From>stringif(((dayofweek(dateadddays(Local.InitialDate,7))==1)||(dayofweek(dateadddays(Local.InitialDate,7))==7)	),"",stringif(containskey(Local.leavemap, "8")==1,getvaluefromMap(Local.leavemap, "8"),Repeater_0.Output{Row/SHIFT_TYPE}))</From></Assign><Assign xsi:type="Assign"><Name/><Description/><To>InsertShiftDetails_2.Param.13</To><From>stringif(((dayofweek(dateadddays(Local.InitialDate,8))==1)||(dayofweek(dateadddays(Local.InitialDate,8))==7)	),"",stringif(containskey(Local.leavemap, "9")==1,getvaluefromMap(Local.leavemap, "9"),Repeater_0.Output{Row/SHIFT_TYPE}))</From></Assign><Assign xsi:type="Assign"><Name/><Description/><To>InsertShiftDetails_2.Param.14</To><From>stringif(((dayofweek(dateadddays(Local.InitialDate,9))==1)||(dayofweek(dateadddays(Local.InitialDate,9))==7)	),"",stringif(containskey(Local.leavemap, "10")==1,getvaluefromMap(Local.leavemap, "10"),Repeater_0.Output{Row/SHIFT_TYPE}))</From></Assign><Assign xsi:type="Assign"><Name/><Description/><To>InsertShiftDetails_2.Param.15</To><From>stringif(((dayofweek(dateadddays(Local.InitialDate,10))==1)||(dayofweek(dateadddays(Local.InitialDate,10))==7)	),"",stringif(containskey(Local.leavemap, "11")==1,getvaluefromMap(Local.leavemap, "11"),Repeater_0.Output{Row/SHIFT_TYPE}))</From></Assign><Assign xsi:type="Assign"><Name/><Description/><To>InsertShiftDetails_2.Param.16</To><From>stringif(((dayofweek(dateadddays(Local.InitialDate,11))==1)||(dayofweek(dateadddays(Local.InitialDate,11))==7)	),"",stringif(containskey(Local.leavemap, "12")==1,getvaluefromMap(Local.leavemap, "12"),Repeater_0.Output{Row/SHIFT_TYPE}))</From></Assign><Assign xsi:type="Assign"><Name/><Description/><To>InsertShiftDetails_2.Param.17</To><From>stringif(((dayofweek(dateadddays(Local.InitialDate,12))==1)||(dayofweek(dateadddays(Local.InitialDate,12))==7)	),"",stringif(containskey(Local.leavemap, "13")==1,getvaluefromMap(Local.leavemap, "13"),Repeater_0.Output{Row/SHIFT_TYPE}))</From></Assign><Assign xsi:type="Assign"><Name/><Description/><To>InsertShiftDetails_2.Param.18</To><From>stringif(((dayofweek(dateadddays(Local.InitialDate,13))==1)||(dayofweek(dateadddays(Local.InitialDate,13))==7)	),"",stringif(containskey(Local.leavemap, "14")==1,getvaluefromMap(Local.leavemap, "14"),Repeater_0.Output{Row/SHIFT_TYPE}))</From></Assign><Assign xsi:type="Assign"><Name/><Description/><To>InsertShiftDetails_2.Param.19</To><From>stringif(((dayofweek(dateadddays(Local.InitialDate,14))==1)||(dayofweek(dateadddays(Local.InitialDate,14))==7)	),"",stringif(containskey(Local.leavemap, "15")==1,getvaluefromMap(Local.leavemap, "15"),Repeater_0.Output{Row/SHIFT_TYPE}))</From></Assign><Assign xsi:type="Assign"><Name/><Description/><To>InsertShiftDetails_2.Param.20</To><From>stringif(((dayofweek(dateadddays(Local.InitialDate,15))==1)||(dayofweek(dateadddays(Local.InitialDate,15))==7)	),"",stringif(containskey(Local.leavemap, "16")==1,getvaluefromMap(Local.leavemap, "16"),Repeater_0.Output{Row/SHIFT_TYPE}))</From></Assign><Assign xsi:type="Assign"><Name/><Description/><To>InsertShiftDetails_2.Param.21</To><From>stringif(((dayofweek(dateadddays(Local.InitialDate,16))==1)||(dayofweek(dateadddays(Local.InitialDate,16))==7)	),"",stringif(containskey(Local.leavemap, "17")==1,getvaluefromMap(Local.leavemap, "17"),Repeater_0.Output{Row/SHIFT_TYPE}))</From></Assign><Assign xsi:type="Assign"><Name/><Description/><To>InsertShiftDetails_2.Param.22</To><From>stringif(((dayofweek(dateadddays(Local.InitialDate,17))==1)||(dayofweek(dateadddays(Local.InitialDate,17))==7)	),"",stringif(containskey(Local.leavemap, "18")==1,getvaluefromMap(Local.leavemap, "18"),Repeater_0.Output{Row/SHIFT_TYPE}))</From></Assign><Assign xsi:type="Assign"><Name/><Description/><To>InsertShiftDetails_2.Param.23</To><From>stringif(((dayofweek(dateadddays(Local.InitialDate,18))==1)||(dayofweek(dateadddays(Local.InitialDate,18))==7)	),"",stringif(containskey(Local.leavemap, "19")==1,getvaluefromMap(Local.leavemap, "19"),Repeater_0.Output{Row/SHIFT_TYPE}))</From></Assign><Assign xsi:type="Assign"><Name/><Description/><To>InsertShiftDetails_2.Param.24</To><From>stringif(((dayofweek(dateadddays(Local.InitialDate,19))==1)||(dayofweek(dateadddays(Local.InitialDate,19))==7)	),"",stringif(containskey(Local.leavemap, "20")==1,getvaluefromMap(Local.leavemap, "20"),Repeater_0.Output{Row/SHIFT_TYPE}))</From></Assign><Assign xsi:type="Assign"><Name/><Description/><To>InsertShiftDetails_2.Param.25</To><From>stringif(((dayofweek(dateadddays(Local.InitialDate,20))==1)||(dayofweek(dateadddays(Local.InitialDate,20))==7)	),"",stringif(containskey(Local.leavemap, "21")==1,getvaluefromMap(Local.leavemap, "21"),Repeater_0.Output{Row/SHIFT_TYPE}))</From></Assign><Assign xsi:type="Assign"><Name/><Description/><To>InsertShiftDetails_2.Param.26</To><From>stringif(((dayofweek(dateadddays(Local.InitialDate,21))==1)||(dayofweek(dateadddays(Local.InitialDate,21))==7)	),"",stringif(containskey(Local.leavemap, "22")==1,getvaluefromMap(Local.leavemap, "22"),Repeater_0.Output{Row/SHIFT_TYPE}))</From></Assign><Assign xsi:type="Assign"><Name/><Description/><To>InsertShiftDetails_2.Param.27</To><From>stringif(((dayofweek(dateadddays(Local.InitialDate,22))==1)||(dayofweek(dateadddays(Local.InitialDate,22))==7)	),"",stringif(containskey(Local.leavemap, "23")==1,getvaluefromMap(Local.leavemap, "23"),Repeater_0.Output{Row/SHIFT_TYPE}))</From></Assign><Assign xsi:type="Assign"><Name/><Description/><To>InsertShiftDetails_2.Param.28</To><From>stringif(((dayofweek(dateadddays(Local.InitialDate,23))==1)||(dayofweek(dateadddays(Local.InitialDate,23))==7)	),"",stringif(containskey(Local.leavemap, "24")==1,getvaluefromMap(Local.leavemap, "24"),Repeater_0.Output{Row/SHIFT_TYPE}))</From></Assign><Assign xsi:type="Assign"><Name/><Description/><To>InsertShiftDetails_2.Param.29</To><From>stringif(((dayofweek(dateadddays(Local.InitialDate,24))==1)||(dayofweek(dateadddays(Local.InitialDate,24))==7)	),"",stringif(containskey(Local.leavemap, "25")==1,getvaluefromMap(Local.leavemap, "25"),Repeater_0.Output{Row/SHIFT_TYPE}))</From></Assign><Assign xsi:type="Assign"><Name/><Description/><To>InsertShiftDetails_2.Param.30</To><From>stringif(((dayofweek(dateadddays(Local.InitialDate,25))==1)||(dayofweek(dateadddays(Local.InitialDate,25))==7)	),"",stringif(containskey(Local.leavemap, "26")==1,getvaluefromMap(Local.leavemap, "26"),Repeater_0.Output{Row/SHIFT_TYPE}))</From></Assign><Assign xsi:type="Assign"><Name/><Description/><To>InsertShiftDetails_2.Param.31</To><From>stringif(((dayofweek(dateadddays(Local.InitialDate,26))==1)||(dayofweek(dateadddays(Local.InitialDate,26))==7)	),"",stringif(containskey(Local.leavemap, "27")==1,getvaluefromMap(Local.leavemap, "27"),Repeater_0.Output{Row/SHIFT_TYPE}))</From></Assign><Assign xsi:type="Assign"><Name/><Description/><To>InsertShiftDetails_2.Param.32</To><From>stringif(((dayofweek(dateadddays(Local.InitialDate,27))==1)||(dayofweek(dateadddays(Local.InitialDate,27))==7)	),"",stringif(containskey(Local.leavemap, "28")==1,getvaluefromMap(Local.leavemap, "28"),Repeater_0.Output{Row/SHIFT_TYPE}))</From></Assign></IncomingLinks><OutgoingLinks/></Action></Actions></Step><Step xsi:type="ActionSequence"><Name>Sequence_13</Name><Description/><Steps><Step xsi:type="ActionSequence"><Name>Sequence_18</Name><Description/><Steps/><Actions><Action><Name>update_last_three_dates_2</Name><Description>MDO Query</Description><Expiration>Weekend shift logic</Expiration><IncomingLinks><Assign xsi:type="Assign"><Name/><Description/><To>update_last_three_dates_2.Param.1</To><From>Repeater_0.Output{Row/User_521ID}</From></Assign><Assign xsi:type="Assign"><Name/><Description/><To>update_last_three_dates_2.Param.2</To><From>Transaction.Month</From></Assign><Assign xsi:type="Assign"><Name/><Description/><To>update_last_three_dates_2.Param.3</To><From>Transaction.Year</From></Assign><Assign xsi:type="Assign"><Name/><Description/><To>update_last_three_dates_2.Param.4</To><From>stringif(((dayofweek(dateadddays(Local.InitialDate,28))==1)||(dayofweek(dateadddays(Local.InitialDate,28))==7)	),"",stringif(containskey(Local.leavemap, "29")==1,getvaluefromMap(Local.leavemap, "29"),Repeater_0.Output{Row/SHIFT_TYPE}))</From></Assign><Assign xsi:type="Assign"><Name/><Description/><To>update_last_three_dates_2.Param.5</To><From>stringif(((dayofweek(dateadddays(Local.InitialDate,29))==1)||(dayofweek(dateadddays(Local.InitialDate,29))==7)	),"",stringif(containskey(Local.leavemap, "30")==1,getvaluefromMap(Local.leavemap, "30"),Repeater_0.Output{Row/SHIFT_TYPE}))</From></Assign><Assign xsi:type="Assign"><Name/><Description/><To>update_last_three_dates_2.Param.6</To><From>stringif(((dayofweek(dateadddays(Local.InitialDate,30))==1)||(dayofweek(dateadddays(Local.InitialDate,30))==7)	),"",stringif(containskey(Local.leavemap, "31")==1,getvaluefromMap(Local.leavemap, "31"),Repeater_0.Output{Row/SHIFT_TYPE}))</From></Assign><Assign xsi:type="Assign"><Name/><Description/><To>update_last_three_dates_2.Param.7</To><From>Repeater_0.Output{Row/SPOC_FLAG}</From></Assign><Assign xsi:type="Assign"><Name/><Description/><To>update_last_three_dates_2.Param.8</To><From>Repeater_0.Output{Row/User_Name}</From></Assign><Assign xsi:type="Assign"><Name/><Description/><To>update_last_three_dates_2.Param.9</To><From>Repeater_0.Output{Row/EMAIL}</From></Assign><Assign xsi:type="Assign"><Name/><Description/><To>update_last_three_dates_2.Param.10</To><From>Repeater_0.Output{Row/LOCATION}</From></Assign><Assign xsi:type="Assign"><Name/><Description/><To>update_last_three_dates_2.Param.11</To><From>Repeater_0.Output{Row/PHONE_NUMBER}</From></Assign><Assign xsi:type="Assign"><Name/><Description/><To>update_last_three_dates_2.Param.12</To><From>Repeater_0.Output{Row/ALTERNATE_NUMBER}</From></Assign></IncomingLinks><OutgoingLinks/></Action></Actions></Step></Steps><Actions><Action><Name>updateshiftifexists_0</Name><Description>MDO Query</Description><Expiration>Sequence_18</Expiration><IncomingLinks><Assign xsi:type="Assign"><Name/><Description/><To>updateshiftifexists_0.Param.1</To><From>Repeater_0.Output{Row/User_521ID}</From></Assign><Assign xsi:type="Assign"><Name/><Description/><To>updateshiftifexists_0.Param.2</To><From>Transaction.Team_name</From></Assign><Assign xsi:type="Assign"><Name/><Description/><To>updateshiftifexists_0.Param.3</To><From>Transaction.Month</From></Assign><Assign xsi:type="Assign"><Name/><Description/><To>updateshiftifexists_0.Param.4</To><From>Transaction.Year</From></Assign><Assign xsi:type="Assign"><Name/><Description/><To>updateshiftifexists_0.Param.5</To><From>stringif(((dayofweek(dateadddays(Local.InitialDate,0))==1)||(dayofweek(dateadddays(Local.InitialDate,0))==7)	),"",stringif(containskey(Local.leavemap, "1")==1,getvaluefromMap(Local.leavemap, "1"),Repeater_0.Output{Row/SHIFT_TYPE}))</From></Assign><Assign xsi:type="Assign"><Name/><Description/><To>updateshiftifexists_0.Param.6</To><From>stringif(((dayofweek(dateadddays(Local.InitialDate,1))==1)||(dayofweek(dateadddays(Local.InitialDate,1))==7)	),"",stringif(containskey(Local.leavemap, "2")==1,getvaluefromMap(Local.leavemap, "2"),Repeater_0.Output{Row/SHIFT_TYPE}))</From></Assign><Assign xsi:type="Assign"><Name/><Description/><To>updateshiftifexists_0.Param.7</To><From>stringif(((dayofweek(dateadddays(Local.InitialDate,2))==1)||(dayofweek(dateadddays(Local.InitialDate,2))==7)	),"",stringif(containskey(Local.leavemap, "3")==1,getvaluefromMap(Local.leavemap, "3"),Repeater_0.Output{Row/SHIFT_TYPE}))</From></Assign><Assign xsi:type="Assign"><Name/><Description/><To>updateshiftifexists_0.Param.8</To><From>stringif(((dayofweek(dateadddays(Local.InitialDate,3))==1)||(dayofweek(dateadddays(Local.InitialDate,3))==7)	),"",stringif(containskey(Local.leavemap, "4")==1,getvaluefromMap(Local.leavemap, "4"),Repeater_0.Output{Row/SHIFT_TYPE}))</From></Assign><Assign xsi:type="Assign"><Name/><Description/><To>updateshiftifexists_0.Param.9</To><From>stringif(((dayofweek(dateadddays(Local.InitialDate,4))==1)||(dayofweek(dateadddays(Local.InitialDate,4))==7)	),"",stringif(containskey(Local.leavemap, "5")==1,getvaluefromMap(Local.leavemap, "5"),Repeater_0.Output{Row/SHIFT_TYPE}))</From></Assign><Assign xsi:type="Assign"><Name/><Description/><To>updateshiftifexists_0.Param.10</To><From>stringif(((dayofweek(dateadddays(Local.InitialDate,5))==1)||(dayofweek(dateadddays(Local.InitialDate,5))==7)	),"",stringif(containskey(Local.leavemap, "6")==1,getvaluefromMap(Local.leavemap, "6"),Repeater_0.Output{Row/SHIFT_TYPE}))</From></Assign><Assign xsi:type="Assign"><Name/><Description/><To>updateshiftifexists_0.Param.11</To><From>stringif(((dayofweek(dateadddays(Local.InitialDate,6))==1)||(dayofweek(dateadddays(Local.InitialDate,6))==7)	),"",stringif(containskey(Local.leavemap, "7")==1,getvaluefromMap(Local.leavemap, "7"),Repeater_0.Output{Row/SHIFT_TYPE}))</From></Assign><Assign xsi:type="Assign"><Name/><Description/><To>updateshiftifexists_0.Param.12</To><From>stringif(((dayofweek(dateadddays(Local.InitialDate,7))==1)||(dayofweek(dateadddays(Local.InitialDate,7))==7)	),"",stringif(containskey(Local.leavemap, "8")==1,getvaluefromMap(Local.leavemap, "8"),Repeater_0.Output{Row/SHIFT_TYPE}))</From></Assign><Assign xsi:type="Assign"><Name/><Description/><To>updateshiftifexists_0.Param.13</To><From>stringif(((dayofweek(dateadddays(Local.InitialDate,8))==1)||(dayofweek(dateadddays(Local.InitialDate,8))==7)	),"",stringif(containskey(Local.leavemap, "9")==1,getvaluefromMap(Local.leavemap, "9"),Repeater_0.Output{Row/SHIFT_TYPE}))</From></Assign><Assign xsi:type="Assign"><Name/><Description/><To>updateshiftifexists_0.Param.14</To><From>stringif(((dayofweek(dateadddays(Local.InitialDate,9))==1)||(dayofweek(dateadddays(Local.InitialDate,9))==7)	),"",stringif(containskey(Local.leavemap, "10")==1,getvaluefromMap(Local.leavemap, "10"),Repeater_0.Output{Row/SHIFT_TYPE}))</From></Assign><Assign xsi:type="Assign"><Name/><Description/><To>updateshiftifexists_0.Param.15</To><From>stringif(((dayofweek(dateadddays(Local.InitialDate,10))==1)||(dayofweek(dateadddays(Local.InitialDate,10))==7)	),"",stringif(containskey(Local.leavemap, "11")==1,getvaluefromMap(Local.leavemap, "11"),Repeater_0.Output{Row/SHIFT_TYPE}))</From></Assign><Assign xsi:type="Assign"><Name/><Description/><To>updateshiftifexists_0.Param.16</To><From>stringif(((dayofweek(dateadddays(Local.InitialDate,11))==1)||(dayofweek(dateadddays(Local.InitialDate,11))==7)	),"",stringif(containskey(Local.leavemap, "12")==1,getvaluefromMap(Local.leavemap, "12"),Repeater_0.Output{Row/SHIFT_TYPE}))</From></Assign><Assign xsi:type="Assign"><Name/><Description/><To>updateshiftifexists_0.Param.17</To><From>stringif(((dayofweek(dateadddays(Local.InitialDate,12))==1)||(dayofweek(dateadddays(Local.InitialDate,12))==7)	),"",stringif(containskey(Local.leavemap, "13")==1,getvaluefromMap(Local.leavemap, "13"),Repeater_0.Output{Row/SHIFT_TYPE}))</From></Assign><Assign xsi:type="Assign"><Name/><Description/><To>updateshiftifexists_0.Param.18</To><From>stringif(((dayofweek(dateadddays(Local.InitialDate,13))==1)||(dayofweek(dateadddays(Local.InitialDate,13))==7)	),"",stringif(containskey(Local.leavemap, "14")==1,getvaluefromMap(Local.leavemap, "14"),Repeater_0.Output{Row/SHIFT_TYPE}))</From></Assign><Assign xsi:type="Assign"><Name/><Description/><To>updateshiftifexists_0.Param.19</To><From>stringif(((dayofweek(dateadddays(Local.InitialDate,14))==1)||(dayofweek(dateadddays(Local.InitialDate,14))==7)	),"",stringif(containskey(Local.leavemap, "15")==1,getvaluefromMap(Local.leavemap, "15"),Repeater_0.Output{Row/SHIFT_TYPE}))</From></Assign><Assign xsi:type="Assign"><Name/><Description/><To>updateshiftifexists_0.Param.20</To><From>stringif(((dayofweek(dateadddays(Local.InitialDate,15))==1)||(dayofweek(dateadddays(Local.InitialDate,15))==7)	),"",stringif(containskey(Local.leavemap, "16")==1,getvaluefromMap(Local.leavemap, "16"),Repeater_0.Output{Row/SHIFT_TYPE}))</From></Assign><Assign xsi:type="Assign"><Name/><Description/><To>updateshiftifexists_0.Param.21</To><From>stringif(((dayofweek(dateadddays(Local.InitialDate,16))==1)||(dayofweek(dateadddays(Local.InitialDate,16))==7)	),"",stringif(containskey(Local.leavemap, "17")==1,getvaluefromMap(Local.leavemap, "17"),Repeater_0.Output{Row/SHIFT_TYPE}))</From></Assign><Assign xsi:type="Assign"><Name/><Description/><To>updateshiftifexists_0.Param.22</To><From>stringif(((dayofweek(dateadddays(Local.InitialDate,17))==1)||(dayofweek(dateadddays(Local.InitialDate,17))==7)	),"",stringif(containskey(Local.leavemap, "18")==1,getvaluefromMap(Local.leavemap, "18"),Repeater_0.Output{Row/SHIFT_TYPE}))</From></Assign><Assign xsi:type="Assign"><Name/><Description/><To>updateshiftifexists_0.Param.23</To><From>stringif(((dayofweek(dateadddays(Local.InitialDate,18))==1)||(dayofweek(dateadddays(Local.InitialDate,18))==7)	),"",stringif(containskey(Local.leavemap, "19")==1,getvaluefromMap(Local.leavemap, "19"),Repeater_0.Output{Row/SHIFT_TYPE}))</From></Assign><Assign xsi:type="Assign"><Name/><Description/><To>updateshiftifexists_0.Param.24</To><From>stringif(((dayofweek(dateadddays(Local.InitialDate,19))==1)||(dayofweek(dateadddays(Local.InitialDate,19))==7)	),"",stringif(containskey(Local.leavemap, "20")==1,getvaluefromMap(Local.leavemap, "20"),Repeater_0.Output{Row/SHIFT_TYPE}))</From></Assign><Assign xsi:type="Assign"><Name/><Description/><To>updateshiftifexists_0.Param.25</To><From>stringif(((dayofweek(dateadddays(Local.InitialDate,20))==1)||(dayofweek(dateadddays(Local.InitialDate,20))==7)	),"",stringif(containskey(Local.leavemap, "21")==1,getvaluefromMap(Local.leavemap, "21"),Repeater_0.Output{Row/SHIFT_TYPE}))</From></Assign><Assign xsi:type="Assign"><Name/><Description/><To>updateshiftifexists_0.Param.26</To><From>stringif(((dayofweek(dateadddays(Local.InitialDate,21))==1)||(dayofweek(dateadddays(Local.InitialDate,21))==7)	),"",stringif(containskey(Local.leavemap, "22")==1,getvaluefromMap(Local.leavemap, "22"),Repeater_0.Output{Row/SHIFT_TYPE}))</From></Assign><Assign xsi:type="Assign"><Name/><Description/><To>updateshiftifexists_0.Param.27</To><From>stringif(((dayofweek(dateadddays(Local.InitialDate,22))==1)||(dayofweek(dateadddays(Local.InitialDate,22))==7)	),"",stringif(containskey(Local.leavemap, "23")==1,getvaluefromMap(Local.leavemap, "23"),Repeater_0.Output{Row/SHIFT_TYPE}))</From></Assign><Assign xsi:type="Assign"><Name/><Description/><To>updateshiftifexists_0.Param.28</To><From>stringif(((dayofweek(dateadddays(Local.InitialDate,23))==1)||(dayofweek(dateadddays(Local.InitialDate,23))==7)	),"",stringif(containskey(Local.leavemap, "24")==1,getvaluefromMap(Local.leavemap, "24"),Repeater_0.Output{Row/SHIFT_TYPE}))</From></Assign><Assign xsi:type="Assign"><Name/><Description/><To>updateshiftifexists_0.Param.29</To><From>stringif(((dayofweek(dateadddays(Local.InitialDate,24))==1)||(dayofweek(dateadddays(Local.InitialDate,24))==7)	),"",stringif(containskey(Local.leavemap, "25")==1,getvaluefromMap(Local.leavemap, "25"),Repeater_0.Output{Row/SHIFT_TYPE}))</From></Assign><Assign xsi:type="Assign"><Name/><Description/><To>updateshiftifexists_0.Param.30</To><From>stringif(((dayofweek(dateadddays(Local.InitialDate,25))==1)||(dayofweek(dateadddays(Local.InitialDate,25))==7)	),"",stringif(containskey(Local.leavemap, "26")==1,getvaluefromMap(Local.leavemap, "26"),Repeater_0.Output{Row/SHIFT_TYPE}))</From></Assign><Assign xsi:type="Assign"><Name/><Description/><To>updateshiftifexists_0.Param.31</To><From>stringif(((dayofweek(dateadddays(Local.InitialDate,26))==1)||(dayofweek(dateadddays(Local.InitialDate,26))==7)	),"",stringif(containskey(Local.leavemap, "27")==1,getvaluefromMap(Local.leavemap, "27"),Repeater_0.Output{Row/SHIFT_TYPE}))</From></Assign><Assign xsi:type="Assign"><Name/><Description/><To>updateshiftifexists_0.Param.32</To><From>stringif(((dayofweek(dateadddays(Local.InitialDate,27))==1)||(dayofweek(dateadddays(Local.InitialDate,27))==7)	),"",stringif(containskey(Local.leavemap, "28")==1,getvaluefromMap(Local.leavemap, "28"),Repeater_0.Output{Row/SHIFT_TYPE}))</From></Assign></IncomingLinks><OutgoingLinks/></Action></Actions></Step></Steps><Actions><Action><Name>Conditional_1</Name><Description> </Description><Expiration>Weekend shift logic</Expiration><IncomingLinks><Assign xsi:type="Assign"><Name/><Description/><To>Conditional_1.Input1</To><From>Shifttrackerrecordvalidation_0.Results{count(/Rowsets/Rowset/Row)}==0</From></Assign></IncomingLinks><OutgoingLinks/></Action></Actions></Step></Steps><Actions><Action><Name>Shifttrackerrecordvalidation_0</Name><Description>MDO Query</Description><Expiration>Weekend shift logic</Expiration><IncomingLinks><Assign xsi:type="Assign"><Name/><Description/><To>Shifttrackerrecordvalidation_0.Param.1</To><From>Transaction.Team_name</From></Assign><Assign xsi:type="Assign"><Name/><Description/><To>Shifttrackerrecordvalidation_0.Param.2</To><From>Transaction.Year</From></Assign><Assign xsi:type="Assign"><Name/><Description/><To>Shifttrackerrecordvalidation_0.Param.3</To><From>Transaction.Month</From></Assign><Assign xsi:type="Assign"><Name/><Description/><To>Shifttrackerrecordvalidation_0.Param.4</To><From>Repeater_0.Output{Row/User_521ID}</From></Assign></IncomingLinks><OutgoingLinks/></Action></Actions></Step></Steps><Actions><Action><Name>leavedetailsbasedonuserid_0</Name><Description>MDO Query</Description><Expiration>Weekend shift logic</Expiration><IncomingLinks><Assign xsi:type="Assign"><Name/><Description/><To>leavedetailsbasedonuserid_0.Param.1</To><From>Repeater_0.Output{Row/User_521ID}</From></Assign><Assign xsi:type="Assign"><Name/><Description/><To>leavedetailsbasedonuserid_0.Param.2</To><From>Transaction.Month</From></Assign><Assign xsi:type="Assign"><Name/><Description/><To>leavedetailsbasedonuserid_0.Param.3</To><From>Transaction.Year</From></Assign></IncomingLinks><OutgoingLinks/></Action></Actions></Step></Steps><Actions/></Step><Step xsi:type="ActionSequence"><Name>Weekend shift logic</Name><Description/><Steps><Step xsi:type="ActionSequence"><Name>Sequence_12</Name><Description/><Steps><Step xsi:type="Repeater"><Name>Sequence_3</Name><Description/><Steps><Step xsi:type="ActionSequence"><Name>Sequence_11</Name><Description/><Steps/><Actions><Action><Name>Assignment_3</Name><Description> </Description><Expiration/><IncomingLinks/><OutgoingLinks><Assign xsi:type="Assign"><Name/><Description/><To>Local.leavemap</To><From>put(Local.leavemap, Repeater_2.Output{/Row/date}, Repeater_2.Output{/Row/TYPE})</From></Assign></OutgoingLinks></Action></Actions></Step></Steps><Actions><Action><Name>Repeater_2</Name><Description> </Description><Expiration>Sequence_17</Expiration><IncomingLinks/><OutgoingLinks/></Action></Actions></Step><Step xsi:type="ActionSequence"><Name>Sequence_17</Name><Description/><Steps><Step xsi:type="Conditional"><Name>Sequence_15</Name><Description/><Steps><Step xsi:type="ActionSequence"><Name>Sequence_29</Name><Description/><Steps><Step xsi:type="ActionSequence"><Name>Sequence_30</Name><Description/><Steps/><Actions><Action><Name>update_last_three_dates_1</Name><Description>MDO Query</Description><Expiration>Sequence_16</Expiration><IncomingLinks><Assign xsi:type="Assign"><Name/><Description/><To>update_last_three_dates_1.Param.1</To><From>Repeater_0.Output{Row/User_521ID}</From></Assign><Assign xsi:type="Assign"><Name/><Description/><To>update_last_three_dates_1.Param.2</To><From>Transaction.Month</From></Assign><Assign xsi:type="Assign"><Name/><Description/><To>update_last_three_dates_1.Param.3</To><From>Transaction.Year</From></Assign><Assign xsi:type="Assign"><Name/><Description/><To>update_last_three_dates_1.Param.4</To><From>stringif(((dayofweek(dateadddays(Local.InitialDate,28))==2)||(dayofweek(dateadddays(Local.InitialDate,28))==3)	),"",
stringif(containskey(Local.leavemap, "29")==1,getvaluefromMap(Local.leavemap, "29"),
stringif(((dayofweek(dateadddays(Local.InitialDate,28))==4)||(dayofweek(dateadddays(Local.InitialDate,28))==5)||(dayofweek(dateadddays(Local.InitialDate,28))==6)	)
,Repeater_0.Output{Row/GENERAL_SHIFT_TYPE},Repeater_0.Output{Row/SHIFT_TYPE})))</From></Assign><Assign xsi:type="Assign"><Name/><Description/><To>update_last_three_dates_1.Param.5</To><From>stringif(((dayofweek(dateadddays(Local.InitialDate,29))==2)||(dayofweek(dateadddays(Local.InitialDate,29))==3)	),"",
stringif(containskey(Local.leavemap, "30")==1,getvaluefromMap(Local.leavemap, "30"),
stringif(((dayofweek(dateadddays(Local.InitialDate,29))==4)||(dayofweek(dateadddays(Local.InitialDate,29))==5)||(dayofweek(dateadddays(Local.InitialDate,29))==6)	)
,Repeater_0.Output{Row/GENERAL_SHIFT_TYPE},Repeater_0.Output{Row/SHIFT_TYPE})))</From></Assign><Assign xsi:type="Assign"><Name/><Description/><To>update_last_three_dates_1.Param.6</To><From>stringif(((dayofweek(dateadddays(Local.InitialDate,30))==2)||(dayofweek(dateadddays(Local.InitialDate,30))==3)	),"",
stringif(containskey(Local.leavemap, "31")==1,getvaluefromMap(Local.leavemap, "31"),
stringif(((dayofweek(dateadddays(Local.InitialDate,30))==4)||(dayofweek(dateadddays(Local.InitialDate,30))==5)||(dayofweek(dateadddays(Local.InitialDate,30))==6)	)
,Repeater_0.Output{Row/GENERAL_SHIFT_TYPE},Repeater_0.Output{Row/SHIFT_TYPE})))</From></Assign><Assign xsi:type="Assign"><Name/><Description/><To>update_last_three_dates_1.Param.7</To><From>Repeater_0.Output{Row/SPOC_FLAG}</From></Assign><Assign xsi:type="Assign"><Name/><Description/><To>update_last_three_dates_1.Param.8</To><From>Repeater_0.Output{Row/User_Name}</From></Assign><Assign xsi:type="Assign"><Name/><Description/><To>update_last_three_dates_1.Param.9</To><From>Repeater_0.Output{Row/EMAIL}</From></Assign><Assign xsi:type="Assign"><Name/><Description/><To>update_last_three_dates_1.Param.10</To><From>Repeater_0.Output{Row/LOCATION}</From></Assign><Assign xsi:type="Assign"><Name/><Description/><To>update_last_three_dates_1.Param.11</To><From>Repeater_0.Output{Row/PHONE_NUMBER}</From></Assign><Assign xsi:type="Assign"><Name/><Description/><To>update_last_three_dates_1.Param.12</To><From>Repeater_0.Output{Row/ALTERNATE_NUMBER}</From></Assign></IncomingLinks><OutgoingLinks/></Action></Actions></Step></Steps><Actions><Action><Name>InsertShiftDetails_3</Name><Description>MDO Query</Description><Expiration>Sequence_16</Expiration><IncomingLinks><Assign xsi:type="Assign"><Name/><Description/><To>InsertShiftDetails_3.Param.1</To><From>Repeater_0.Output{Row/User_521ID}</From></Assign><Assign xsi:type="Assign"><Name/><Description/><To>InsertShiftDetails_3.Param.2</To><From>Transaction.Team_name</From></Assign><Assign xsi:type="Assign"><Name/><Description/><To>InsertShiftDetails_3.Param.3</To><From>Transaction.Month</From></Assign><Assign xsi:type="Assign"><Name/><Description/><To>InsertShiftDetails_3.Param.4</To><From>Transaction.Year</From></Assign><Assign xsi:type="Assign"><Name/><Description/><To>InsertShiftDetails_3.Param.5</To><From>stringif(((dayofweek(dateadddays(Local.InitialDate,0))==2)||(dayofweek(dateadddays(Local.InitialDate,0))==3)	),"",
stringif(containskey(Local.leavemap, "1")==1,getvaluefromMap(Local.leavemap, "1"),
stringif(((dayofweek(dateadddays(Local.InitialDate,0))==4)||(dayofweek(dateadddays(Local.InitialDate,0))==5)||(dayofweek(dateadddays(Local.InitialDate,0))==6)	)
,Repeater_0.Output{Row/GENERAL_SHIFT_TYPE},Repeater_0.Output{Row/SHIFT_TYPE})))</From></Assign><Assign xsi:type="Assign"><Name/><Description/><To>InsertShiftDetails_3.Param.6</To><From>stringif(((dayofweek(dateadddays(Local.InitialDate,1))==2)||(dayofweek(dateadddays(Local.InitialDate,1))==3)	),"",
stringif(containskey(Local.leavemap, "2")==1,getvaluefromMap(Local.leavemap, "2"),
stringif(((dayofweek(dateadddays(Local.InitialDate,1))==4)||(dayofweek(dateadddays(Local.InitialDate,1))==5)||(dayofweek(dateadddays(Local.InitialDate,1))==6)	)
,Repeater_0.Output{Row/GENERAL_SHIFT_TYPE},Repeater_0.Output{Row/SHIFT_TYPE})))</From></Assign><Assign xsi:type="Assign"><Name/><Description/><To>InsertShiftDetails_3.Param.7</To><From>stringif(((dayofweek(dateadddays(Local.InitialDate,2))==2)||(dayofweek(dateadddays(Local.InitialDate,2))==3)	),"",
stringif(containskey(Local.leavemap, "3")==1,getvaluefromMap(Local.leavemap, "3"),
stringif(((dayofweek(dateadddays(Local.InitialDate,2))==4)||(dayofweek(dateadddays(Local.InitialDate,2))==5)||(dayofweek(dateadddays(Local.InitialDate,2))==6)	)
,Repeater_0.Output{Row/GENERAL_SHIFT_TYPE},Repeater_0.Output{Row/SHIFT_TYPE})))</From></Assign><Assign xsi:type="Assign"><Name/><Description/><To>InsertShiftDetails_3.Param.8</To><From>stringif(((dayofweek(dateadddays(Local.InitialDate,3))==2)||(dayofweek(dateadddays(Local.InitialDate,3))==3)	),"",
stringif(containskey(Local.leavemap, "4")==1,getvaluefromMap(Local.leavemap, "4"),
stringif(((dayofweek(dateadddays(Local.InitialDate,3))==4)||(dayofweek(dateadddays(Local.InitialDate,3))==5)||(dayofweek(dateadddays(Local.InitialDate,3))==6)	)
,Repeater_0.Output{Row/GENERAL_SHIFT_TYPE},Repeater_0.Output{Row/SHIFT_TYPE})))</From></Assign><Assign xsi:type="Assign"><Name/><Description/><To>InsertShiftDetails_3.Param.9</To><From>stringif(((dayofweek(dateadddays(Local.InitialDate,4))==2)||(dayofweek(dateadddays(Local.InitialDate,4))==3)	),"",
stringif(containskey(Local.leavemap, "5")==1,getvaluefromMap(Local.leavemap, "5"),
stringif(((dayofweek(dateadddays(Local.InitialDate,4))==4)||(dayofweek(dateadddays(Local.InitialDate,4))==5)||(dayofweek(dateadddays(Local.InitialDate,4))==6)	)
,Repeater_0.Output{Row/GENERAL_SHIFT_TYPE},Repeater_0.Output{Row/SHIFT_TYPE})))</From></Assign><Assign xsi:type="Assign"><Name/><Description/><To>InsertShiftDetails_3.Param.10</To><From>stringif(((dayofweek(dateadddays(Local.InitialDate,5))==2)||(dayofweek(dateadddays(Local.InitialDate,5))==3)	),"",
stringif(containskey(Local.leavemap, "6")==1,getvaluefromMap(Local.leavemap, "6"),
stringif(((dayofweek(dateadddays(Local.InitialDate,5))==4)||(dayofweek(dateadddays(Local.InitialDate,5))==5)||(dayofweek(dateadddays(Local.InitialDate,5))==6)	)
,Repeater_0.Output{Row/GENERAL_SHIFT_TYPE},Repeater_0.Output{Row/SHIFT_TYPE})))</From></Assign><Assign xsi:type="Assign"><Name/><Description/><To>InsertShiftDetails_3.Param.11</To><From>stringif(((dayofweek(dateadddays(Local.InitialDate,6))==2)||(dayofweek(dateadddays(Local.InitialDate,6))==3)	),"",
stringif(containskey(Local.leavemap, "7")==1,getvaluefromMap(Local.leavemap, "7"),
stringif(((dayofweek(dateadddays(Local.InitialDate,6))==4)||(dayofweek(dateadddays(Local.InitialDate,6))==5)||(dayofweek(dateadddays(Local.InitialDate,6))==6)	)
,Repeater_0.Output{Row/GENERAL_SHIFT_TYPE},Repeater_0.Output{Row/SHIFT_TYPE})))</From></Assign><Assign xsi:type="Assign"><Name/><Description/><To>InsertShiftDetails_3.Param.12</To><From>stringif(((dayofweek(dateadddays(Local.InitialDate,7))==2)||(dayofweek(dateadddays(Local.InitialDate,7))==3)	),"",
stringif(containskey(Local.leavemap, "8")==1,getvaluefromMap(Local.leavemap, "8"),
stringif(((dayofweek(dateadddays(Local.InitialDate,7))==4)||(dayofweek(dateadddays(Local.InitialDate,7))==5)||(dayofweek(dateadddays(Local.InitialDate,7))==6)	)
,Repeater_0.Output{Row/GENERAL_SHIFT_TYPE},Repeater_0.Output{Row/SHIFT_TYPE})))</From></Assign><Assign xsi:type="Assign"><Name/><Description/><To>InsertShiftDetails_3.Param.13</To><From>stringif(((dayofweek(dateadddays(Local.InitialDate,8))==2)||(dayofweek(dateadddays(Local.InitialDate,8))==3)	),"",
stringif(containskey(Local.leavemap, "9")==1,getvaluefromMap(Local.leavemap, "9"),
stringif(((dayofweek(dateadddays(Local.InitialDate,8))==4)||(dayofweek(dateadddays(Local.InitialDate,8))==5)||(dayofweek(dateadddays(Local.InitialDate,8))==6)	)
,Repeater_0.Output{Row/GENERAL_SHIFT_TYPE},Repeater_0.Output{Row/SHIFT_TYPE})))</From></Assign><Assign xsi:type="Assign"><Name/><Description/><To>InsertShiftDetails_3.Param.14</To><From>stringif(((dayofweek(dateadddays(Local.InitialDate,9))==2)||(dayofweek(dateadddays(Local.InitialDate,9))==3)	),"",
stringif(containskey(Local.leavemap, "10")==1,getvaluefromMap(Local.leavemap, "10"),
stringif(((dayofweek(dateadddays(Local.InitialDate,9))==4)||(dayofweek(dateadddays(Local.InitialDate,9))==5)||(dayofweek(dateadddays(Local.InitialDate,9))==6)	)
,Repeater_0.Output{Row/GENERAL_SHIFT_TYPE},Repeater_0.Output{Row/SHIFT_TYPE})))</From></Assign><Assign xsi:type="Assign"><Name/><Description/><To>InsertShiftDetails_3.Param.15</To><From>stringif(((dayofweek(dateadddays(Local.InitialDate,10))==2)||(dayofweek(dateadddays(Local.InitialDate,10))==3)	),"",
stringif(containskey(Local.leavemap, "11")==1,getvaluefromMap(Local.leavemap, "11"),
stringif(((dayofweek(dateadddays(Local.InitialDate,10))==4)||(dayofweek(dateadddays(Local.InitialDate,10))==5)||(dayofweek(dateadddays(Local.InitialDate,10))==6)	)
,Repeater_0.Output{Row/GENERAL_SHIFT_TYPE},Repeater_0.Output{Row/SHIFT_TYPE})))</From></Assign><Assign xsi:type="Assign"><Name/><Description/><To>InsertShiftDetails_3.Param.16</To><From>stringif(((dayofweek(dateadddays(Local.InitialDate,11))==2)||(dayofweek(dateadddays(Local.InitialDate,11))==3)	),"",
stringif(containskey(Local.leavemap, "12")==1,getvaluefromMap(Local.leavemap, "12"),
stringif(((dayofweek(dateadddays(Local.InitialDate,11))==4)||(dayofweek(dateadddays(Local.InitialDate,11))==5)||(dayofweek(dateadddays(Local.InitialDate,11))==6)	)
,Repeater_0.Output{Row/GENERAL_SHIFT_TYPE},Repeater_0.Output{Row/SHIFT_TYPE})))</From></Assign><Assign xsi:type="Assign"><Name/><Description/><To>InsertShiftDetails_3.Param.17</To><From>stringif(((dayofweek(dateadddays(Local.InitialDate,12))==2)||(dayofweek(dateadddays(Local.InitialDate,12))==3)	),"",
stringif(containskey(Local.leavemap, "13")==1,getvaluefromMap(Local.leavemap, "13"),
stringif(((dayofweek(dateadddays(Local.InitialDate,12))==4)||(dayofweek(dateadddays(Local.InitialDate,12))==5)||(dayofweek(dateadddays(Local.InitialDate,12))==6)	)
,Repeater_0.Output{Row/GENERAL_SHIFT_TYPE},Repeater_0.Output{Row/SHIFT_TYPE})))</From></Assign><Assign xsi:type="Assign"><Name/><Description/><To>InsertShiftDetails_3.Param.18</To><From>stringif(((dayofweek(dateadddays(Local.InitialDate,13))==2)||(dayofweek(dateadddays(Local.InitialDate,13))==3)	),"",
stringif(containskey(Local.leavemap, "14")==1,getvaluefromMap(Local.leavemap, "14"),
stringif(((dayofweek(dateadddays(Local.InitialDate,13))==4)||(dayofweek(dateadddays(Local.InitialDate,13))==5)||(dayofweek(dateadddays(Local.InitialDate,13))==6)	)
,Repeater_0.Output{Row/GENERAL_SHIFT_TYPE},Repeater_0.Output{Row/SHIFT_TYPE})))</From></Assign><Assign xsi:type="Assign"><Name/><Description/><To>InsertShiftDetails_3.Param.19</To><From>stringif(((dayofweek(dateadddays(Local.InitialDate,14))==2)||(dayofweek(dateadddays(Local.InitialDate,14))==3)	),"",
stringif(containskey(Local.leavemap, "15")==1,getvaluefromMap(Local.leavemap, "15"),
stringif(((dayofweek(dateadddays(Local.InitialDate,14))==4)||(dayofweek(dateadddays(Local.InitialDate,14))==5)||(dayofweek(dateadddays(Local.InitialDate,14))==6)	)
,Repeater_0.Output{Row/GENERAL_SHIFT_TYPE},Repeater_0.Output{Row/SHIFT_TYPE})))</From></Assign><Assign xsi:type="Assign"><Name/><Description/><To>InsertShiftDetails_3.Param.20</To><From>stringif(((dayofweek(dateadddays(Local.InitialDate,15))==2)||(dayofweek(dateadddays(Local.InitialDate,15))==3)	),"",
stringif(containskey(Local.leavemap, "16")==1,getvaluefromMap(Local.leavemap, "16"),
stringif(((dayofweek(dateadddays(Local.InitialDate,15))==4)||(dayofweek(dateadddays(Local.InitialDate,15))==5)||(dayofweek(dateadddays(Local.InitialDate,15))==6)	)
,Repeater_0.Output{Row/GENERAL_SHIFT_TYPE},Repeater_0.Output{Row/SHIFT_TYPE})))</From></Assign><Assign xsi:type="Assign"><Name/><Description/><To>InsertShiftDetails_3.Param.21</To><From>stringif(((dayofweek(dateadddays(Local.InitialDate,16))==2)||(dayofweek(dateadddays(Local.InitialDate,16))==3)	),"",
stringif(containskey(Local.leavemap, "17")==1,getvaluefromMap(Local.leavemap, "17"),
stringif(((dayofweek(dateadddays(Local.InitialDate,16))==4)||(dayofweek(dateadddays(Local.InitialDate,16))==5)||(dayofweek(dateadddays(Local.InitialDate,16))==6)	)
,Repeater_0.Output{Row/GENERAL_SHIFT_TYPE},Repeater_0.Output{Row/SHIFT_TYPE})))</From></Assign><Assign xsi:type="Assign"><Name/><Description/><To>InsertShiftDetails_3.Param.22</To><From>stringif(((dayofweek(dateadddays(Local.InitialDate,17))==2)||(dayofweek(dateadddays(Local.InitialDate,17))==3)	),"",
stringif(containskey(Local.leavemap, "18")==1,getvaluefromMap(Local.leavemap, "18"),
stringif(((dayofweek(dateadddays(Local.InitialDate,17))==4)||(dayofweek(dateadddays(Local.InitialDate,17))==5)||(dayofweek(dateadddays(Local.InitialDate,17))==6)	)
,Repeater_0.Output{Row/GENERAL_SHIFT_TYPE},Repeater_0.Output{Row/SHIFT_TYPE})))</From></Assign><Assign xsi:type="Assign"><Name/><Description/><To>InsertShiftDetails_3.Param.23</To><From>stringif(((dayofweek(dateadddays(Local.InitialDate,18))==2)||(dayofweek(dateadddays(Local.InitialDate,18))==3)	),"",
stringif(containskey(Local.leavemap, "19")==1,getvaluefromMap(Local.leavemap, "19"),
stringif(((dayofweek(dateadddays(Local.InitialDate,18))==4)||(dayofweek(dateadddays(Local.InitialDate,18))==5)||(dayofweek(dateadddays(Local.InitialDate,18))==6)	)
,Repeater_0.Output{Row/GENERAL_SHIFT_TYPE},Repeater_0.Output{Row/SHIFT_TYPE})))</From></Assign><Assign xsi:type="Assign"><Name/><Description/><To>InsertShiftDetails_3.Param.24</To><From>stringif(((dayofweek(dateadddays(Local.InitialDate,19))==2)||(dayofweek(dateadddays(Local.InitialDate,19))==3)	),"",
stringif(containskey(Local.leavemap, "20")==1,getvaluefromMap(Local.leavemap, "20"),
stringif(((dayofweek(dateadddays(Local.InitialDate,19))==4)||(dayofweek(dateadddays(Local.InitialDate,19))==5)||(dayofweek(dateadddays(Local.InitialDate,19))==6)	)
,Repeater_0.Output{Row/GENERAL_SHIFT_TYPE},Repeater_0.Output{Row/SHIFT_TYPE})))</From></Assign><Assign xsi:type="Assign"><Name/><Description/><To>InsertShiftDetails_3.Param.25</To><From>stringif(((dayofweek(dateadddays(Local.InitialDate,20))==2)||(dayofweek(dateadddays(Local.InitialDate,20))==3)	),"",
stringif(containskey(Local.leavemap, "21")==1,getvaluefromMap(Local.leavemap, "21"),
stringif(((dayofweek(dateadddays(Local.InitialDate,20))==4)||(dayofweek(dateadddays(Local.InitialDate,20))==5)||(dayofweek(dateadddays(Local.InitialDate,20))==6)	)
,Repeater_0.Output{Row/GENERAL_SHIFT_TYPE},Repeater_0.Output{Row/SHIFT_TYPE})))</From></Assign><Assign xsi:type="Assign"><Name/><Description/><To>InsertShiftDetails_3.Param.26</To><From>stringif(((dayofweek(dateadddays(Local.InitialDate,21))==2)||(dayofweek(dateadddays(Local.InitialDate,21))==3)	),"",
stringif(containskey(Local.leavemap, "22")==1,getvaluefromMap(Local.leavemap, "22"),
stringif(((dayofweek(dateadddays(Local.InitialDate,21))==4)||(dayofweek(dateadddays(Local.InitialDate,21))==5)||(dayofweek(dateadddays(Local.InitialDate,21))==6)	)
,Repeater_0.Output{Row/GENERAL_SHIFT_TYPE},Repeater_0.Output{Row/SHIFT_TYPE})))</From></Assign><Assign xsi:type="Assign"><Name/><Description/><To>InsertShiftDetails_3.Param.27</To><From>stringif(((dayofweek(dateadddays(Local.InitialDate,22))==2)||(dayofweek(dateadddays(Local.InitialDate,22))==3)	),"",
stringif(containskey(Local.leavemap, "23")==1,getvaluefromMap(Local.leavemap, "23"),
stringif(((dayofweek(dateadddays(Local.InitialDate,22))==4)||(dayofweek(dateadddays(Local.InitialDate,22))==5)||(dayofweek(dateadddays(Local.InitialDate,22))==6)	)
,Repeater_0.Output{Row/GENERAL_SHIFT_TYPE},Repeater_0.Output{Row/SHIFT_TYPE})))</From></Assign><Assign xsi:type="Assign"><Name/><Description/><To>InsertShiftDetails_3.Param.28</To><From>stringif(((dayofweek(dateadddays(Local.InitialDate,23))==2)||(dayofweek(dateadddays(Local.InitialDate,23))==3)	),"",
stringif(containskey(Local.leavemap, "24")==1,getvaluefromMap(Local.leavemap, "24"),
stringif(((dayofweek(dateadddays(Local.InitialDate,23))==4)||(dayofweek(dateadddays(Local.InitialDate,23))==5)||(dayofweek(dateadddays(Local.InitialDate,23))==6)	)
,Repeater_0.Output{Row/GENERAL_SHIFT_TYPE},Repeater_0.Output{Row/SHIFT_TYPE})))</From></Assign><Assign xsi:type="Assign"><Name/><Description/><To>InsertShiftDetails_3.Param.29</To><From>stringif(((dayofweek(dateadddays(Local.InitialDate,24))==2)||(dayofweek(dateadddays(Local.InitialDate,24))==3)	),"",
stringif(containskey(Local.leavemap, "25")==1,getvaluefromMap(Local.leavemap, "25"),
stringif(((dayofweek(dateadddays(Local.InitialDate,24))==4)||(dayofweek(dateadddays(Local.InitialDate,24))==5)||(dayofweek(dateadddays(Local.InitialDate,24))==6)	)
,Repeater_0.Output{Row/GENERAL_SHIFT_TYPE},Repeater_0.Output{Row/SHIFT_TYPE})))</From></Assign><Assign xsi:type="Assign"><Name/><Description/><To>InsertShiftDetails_3.Param.30</To><From>stringif(((dayofweek(dateadddays(Local.InitialDate,25))==2)||(dayofweek(dateadddays(Local.InitialDate,25))==3)	),"",
stringif(containskey(Local.leavemap, "26")==1,getvaluefromMap(Local.leavemap, "26"),
stringif(((dayofweek(dateadddays(Local.InitialDate,25))==4)||(dayofweek(dateadddays(Local.InitialDate,25))==5)||(dayofweek(dateadddays(Local.InitialDate,25))==6)	)
,Repeater_0.Output{Row/GENERAL_SHIFT_TYPE},Repeater_0.Output{Row/SHIFT_TYPE})))</From></Assign><Assign xsi:type="Assign"><Name/><Description/><To>InsertShiftDetails_3.Param.31</To><From>stringif(((dayofweek(dateadddays(Local.InitialDate,26))==2)||(dayofweek(dateadddays(Local.InitialDate,26))==3)	),"",
stringif(containskey(Local.leavemap, "27")==1,getvaluefromMap(Local.leavemap, "27"),
stringif(((dayofweek(dateadddays(Local.InitialDate,26))==4)||(dayofweek(dateadddays(Local.InitialDate,26))==5)||(dayofweek(dateadddays(Local.InitialDate,26))==6)	)
,Repeater_0.Output{Row/GENERAL_SHIFT_TYPE},Repeater_0.Output{Row/SHIFT_TYPE})))</From></Assign><Assign xsi:type="Assign"><Name/><Description/><To>InsertShiftDetails_3.Param.32</To><From>stringif(((dayofweek(dateadddays(Local.InitialDate,27))==2)||(dayofweek(dateadddays(Local.InitialDate,27))==3)	),"",
stringif(containskey(Local.leavemap, "28")==1,getvaluefromMap(Local.leavemap, "28"),
stringif(((dayofweek(dateadddays(Local.InitialDate,27))==4)||(dayofweek(dateadddays(Local.InitialDate,27))==5)||(dayofweek(dateadddays(Local.InitialDate,27))==6)	)
,Repeater_0.Output{Row/GENERAL_SHIFT_TYPE},Repeater_0.Output{Row/SHIFT_TYPE})))</From></Assign></IncomingLinks><OutgoingLinks/></Action></Actions></Step><Step xsi:type="ActionSequence"><Name>Sequence_16</Name><Description/><Steps><Step xsi:type="ActionSequence"><Name>Sequence_19</Name><Description/><Steps/><Actions><Action><Name>update_last_three_dates_3</Name><Description>MDO Query</Description><Expiration>Sequence_1</Expiration><IncomingLinks><Assign xsi:type="Assign"><Name/><Description/><To>update_last_three_dates_3.Param.1</To><From>Repeater_0.Output{Row/User_521ID}</From></Assign><Assign xsi:type="Assign"><Name/><Description/><To>update_last_three_dates_3.Param.2</To><From>Transaction.Month</From></Assign><Assign xsi:type="Assign"><Name/><Description/><To>update_last_three_dates_3.Param.3</To><From>Transaction.Year</From></Assign><Assign xsi:type="Assign"><Name/><Description/><To>update_last_three_dates_3.Param.4</To><From>stringif(((dayofweek(dateadddays(Local.InitialDate,28))==2)||(dayofweek(dateadddays(Local.InitialDate,28))==3)	),"",
stringif(containskey(Local.leavemap, "29")==1,getvaluefromMap(Local.leavemap, "29"),
stringif(((dayofweek(dateadddays(Local.InitialDate,28))==4)||(dayofweek(dateadddays(Local.InitialDate,28))==5)||(dayofweek(dateadddays(Local.InitialDate,28))==6)	)
,Repeater_0.Output{Row/GENERAL_SHIFT_TYPE},Repeater_0.Output{Row/SHIFT_TYPE})))</From></Assign><Assign xsi:type="Assign"><Name/><Description/><To>update_last_three_dates_3.Param.5</To><From>stringif(((dayofweek(dateadddays(Local.InitialDate,29))==2)||(dayofweek(dateadddays(Local.InitialDate,29))==3)	),"",
stringif(containskey(Local.leavemap, "30")==1,getvaluefromMap(Local.leavemap, "30"),
stringif(((dayofweek(dateadddays(Local.InitialDate,29))==4)||(dayofweek(dateadddays(Local.InitialDate,29))==5)||(dayofweek(dateadddays(Local.InitialDate,29))==6)	)
,Repeater_0.Output{Row/GENERAL_SHIFT_TYPE},Repeater_0.Output{Row/SHIFT_TYPE})))</From></Assign><Assign xsi:type="Assign"><Name/><Description/><To>update_last_three_dates_3.Param.6</To><From>stringif(((dayofweek(dateadddays(Local.InitialDate,30))==2)||(dayofweek(dateadddays(Local.InitialDate,30))==3)	),"",
stringif(containskey(Local.leavemap, "31")==1,getvaluefromMap(Local.leavemap, "31"),
stringif(((dayofweek(dateadddays(Local.InitialDate,30))==4)||(dayofweek(dateadddays(Local.InitialDate,30))==5)||(dayofweek(dateadddays(Local.InitialDate,30))==6)	)
,Repeater_0.Output{Row/GENERAL_SHIFT_TYPE},Repeater_0.Output{Row/SHIFT_TYPE})))</From></Assign><Assign xsi:type="Assign"><Name/><Description/><To>update_last_three_dates_3.Param.7</To><From>Repeater_0.Output{Row/SPOC_FLAG}</From></Assign><Assign xsi:type="Assign"><Name/><Description/><To>update_last_three_dates_3.Param.8</To><From>Repeater_0.Output{Row/User_Name}</From></Assign><Assign xsi:type="Assign"><Name/><Description/><To>update_last_three_dates_3.Param.9</To><From>Repeater_0.Output{Row/EMAIL}</From></Assign><Assign xsi:type="Assign"><Name/><Description/><To>update_last_three_dates_3.Param.10</To><From>Repeater_0.Output{Row/LOCATION}</From></Assign><Assign xsi:type="Assign"><Name/><Description/><To>update_last_three_dates_3.Param.11</To><From>Repeater_0.Output{Row/PHONE_NUMBER}</From></Assign><Assign xsi:type="Assign"><Name/><Description/><To>update_last_three_dates_3.Param.12</To><From>Repeater_0.Output{Row/ALTERNATE_NUMBER}</From></Assign></IncomingLinks><OutgoingLinks/></Action></Actions></Step></Steps><Actions><Action><Name>updateshiftifexists_1</Name><Description>MDO Query</Description><Expiration>Sequence_19</Expiration><IncomingLinks><Assign xsi:type="Assign"><Name/><Description/><To>updateshiftifexists_1.Param.1</To><From>Repeater_0.Output{Row/User_521ID}</From></Assign><Assign xsi:type="Assign"><Name/><Description/><To>updateshiftifexists_1.Param.2</To><From>Transaction.Team_name</From></Assign><Assign xsi:type="Assign"><Name/><Description/><To>updateshiftifexists_1.Param.3</To><From>Transaction.Month</From></Assign><Assign xsi:type="Assign"><Name/><Description/><To>updateshiftifexists_1.Param.4</To><From>Transaction.Year</From></Assign><Assign xsi:type="Assign"><Name/><Description/><To>updateshiftifexists_1.Param.5</To><From>stringif(((dayofweek(dateadddays(Local.InitialDate,0))==2)||(dayofweek(dateadddays(Local.InitialDate,0))==3)	),"",
stringif(containskey(Local.leavemap, "1")==1,getvaluefromMap(Local.leavemap, "1"),
stringif(((dayofweek(dateadddays(Local.InitialDate,0))==4)||(dayofweek(dateadddays(Local.InitialDate,0))==5)||(dayofweek(dateadddays(Local.InitialDate,0))==6)	)
,Repeater_0.Output{Row/GENERAL_SHIFT_TYPE},Repeater_0.Output{Row/SHIFT_TYPE})))</From></Assign><Assign xsi:type="Assign"><Name/><Description/><To>updateshiftifexists_1.Param.6</To><From>stringif(((dayofweek(dateadddays(Local.InitialDate,1))==2)||(dayofweek(dateadddays(Local.InitialDate,1))==3)	),"",
stringif(containskey(Local.leavemap, "2")==1,getvaluefromMap(Local.leavemap, "2"),
stringif(((dayofweek(dateadddays(Local.InitialDate,1))==4)||(dayofweek(dateadddays(Local.InitialDate,1))==5)||(dayofweek(dateadddays(Local.InitialDate,1))==6)	)
,Repeater_0.Output{Row/GENERAL_SHIFT_TYPE},Repeater_0.Output{Row/SHIFT_TYPE})))</From></Assign><Assign xsi:type="Assign"><Name/><Description/><To>updateshiftifexists_1.Param.7</To><From>stringif(((dayofweek(dateadddays(Local.InitialDate,2))==2)||(dayofweek(dateadddays(Local.InitialDate,2))==3)	),"",
stringif(containskey(Local.leavemap, "3")==1,getvaluefromMap(Local.leavemap, "3"),
stringif(((dayofweek(dateadddays(Local.InitialDate,2))==4)||(dayofweek(dateadddays(Local.InitialDate,2))==5)||(dayofweek(dateadddays(Local.InitialDate,2))==6)	)
,Repeater_0.Output{Row/GENERAL_SHIFT_TYPE},Repeater_0.Output{Row/SHIFT_TYPE})))</From></Assign><Assign xsi:type="Assign"><Name/><Description/><To>updateshiftifexists_1.Param.8</To><From>stringif(((dayofweek(dateadddays(Local.InitialDate,3))==2)||(dayofweek(dateadddays(Local.InitialDate,3))==3)	),"",
stringif(containskey(Local.leavemap, "4")==1,getvaluefromMap(Local.leavemap, "4"),
stringif(((dayofweek(dateadddays(Local.InitialDate,3))==4)||(dayofweek(dateadddays(Local.InitialDate,3))==5)||(dayofweek(dateadddays(Local.InitialDate,3))==6)	)
,Repeater_0.Output{Row/GENERAL_SHIFT_TYPE},Repeater_0.Output{Row/SHIFT_TYPE})))</From></Assign><Assign xsi:type="Assign"><Name/><Description/><To>updateshiftifexists_1.Param.9</To><From>stringif(((dayofweek(dateadddays(Local.InitialDate,4))==2)||(dayofweek(dateadddays(Local.InitialDate,4))==3)	),"",
stringif(containskey(Local.leavemap, "5")==1,getvaluefromMap(Local.leavemap, "5"),
stringif(((dayofweek(dateadddays(Local.InitialDate,4))==4)||(dayofweek(dateadddays(Local.InitialDate,4))==5)||(dayofweek(dateadddays(Local.InitialDate,4))==6)	)
,Repeater_0.Output{Row/GENERAL_SHIFT_TYPE},Repeater_0.Output{Row/SHIFT_TYPE})))</From></Assign><Assign xsi:type="Assign"><Name/><Description/><To>updateshiftifexists_1.Param.10</To><From>stringif(((dayofweek(dateadddays(Local.InitialDate,5))==2)||(dayofweek(dateadddays(Local.InitialDate,5))==3)	),"",
stringif(containskey(Local.leavemap, "6")==1,getvaluefromMap(Local.leavemap, "6"),
stringif(((dayofweek(dateadddays(Local.InitialDate,5))==4)||(dayofweek(dateadddays(Local.InitialDate,5))==5)||(dayofweek(dateadddays(Local.InitialDate,5))==6)	)
,Repeater_0.Output{Row/GENERAL_SHIFT_TYPE},Repeater_0.Output{Row/SHIFT_TYPE})))</From></Assign><Assign xsi:type="Assign"><Name/><Description/><To>updateshiftifexists_1.Param.11</To><From>stringif(((dayofweek(dateadddays(Local.InitialDate,6))==2)||(dayofweek(dateadddays(Local.InitialDate,6))==3)	),"",
stringif(containskey(Local.leavemap, "7")==1,getvaluefromMap(Local.leavemap, "7"),
stringif(((dayofweek(dateadddays(Local.InitialDate,6))==4)||(dayofweek(dateadddays(Local.InitialDate,6))==5)||(dayofweek(dateadddays(Local.InitialDate,6))==6)	)
,Repeater_0.Output{Row/GENERAL_SHIFT_TYPE},Repeater_0.Output{Row/SHIFT_TYPE})))</From></Assign><Assign xsi:type="Assign"><Name/><Description/><To>updateshiftifexists_1.Param.12</To><From>stringif(((dayofweek(dateadddays(Local.InitialDate,7))==2)||(dayofweek(dateadddays(Local.InitialDate,7))==3)	),"",
stringif(containskey(Local.leavemap, "8")==1,getvaluefromMap(Local.leavemap, "8"),
stringif(((dayofweek(dateadddays(Local.InitialDate,7))==4)||(dayofweek(dateadddays(Local.InitialDate,7))==5)||(dayofweek(dateadddays(Local.InitialDate,7))==6)	)
,Repeater_0.Output{Row/GENERAL_SHIFT_TYPE},Repeater_0.Output{Row/SHIFT_TYPE})))</From></Assign><Assign xsi:type="Assign"><Name/><Description/><To>updateshiftifexists_1.Param.13</To><From>stringif(((dayofweek(dateadddays(Local.InitialDate,8))==2)||(dayofweek(dateadddays(Local.InitialDate,8))==3)	),"",
stringif(containskey(Local.leavemap, "9")==1,getvaluefromMap(Local.leavemap, "9"),
stringif(((dayofweek(dateadddays(Local.InitialDate,8))==4)||(dayofweek(dateadddays(Local.InitialDate,8))==5)||(dayofweek(dateadddays(Local.InitialDate,8))==6)	)
,Repeater_0.Output{Row/GENERAL_SHIFT_TYPE},Repeater_0.Output{Row/SHIFT_TYPE})))</From></Assign><Assign xsi:type="Assign"><Name/><Description/><To>updateshiftifexists_1.Param.14</To><From>stringif(((dayofweek(dateadddays(Local.InitialDate,9))==2)||(dayofweek(dateadddays(Local.InitialDate,9))==3)	),"",
stringif(containskey(Local.leavemap, "10")==1,getvaluefromMap(Local.leavemap, "10"),
stringif(((dayofweek(dateadddays(Local.InitialDate,9))==4)||(dayofweek(dateadddays(Local.InitialDate,9))==5)||(dayofweek(dateadddays(Local.InitialDate,9))==6)	)
,Repeater_0.Output{Row/GENERAL_SHIFT_TYPE},Repeater_0.Output{Row/SHIFT_TYPE})))</From></Assign><Assign xsi:type="Assign"><Name/><Description/><To>updateshiftifexists_1.Param.15</To><From>stringif(((dayofweek(dateadddays(Local.InitialDate,10))==2)||(dayofweek(dateadddays(Local.InitialDate,10))==3)	),"",
stringif(containskey(Local.leavemap, "11")==1,getvaluefromMap(Local.leavemap, "11"),
stringif(((dayofweek(dateadddays(Local.InitialDate,10))==4)||(dayofweek(dateadddays(Local.InitialDate,10))==5)||(dayofweek(dateadddays(Local.InitialDate,10))==6)	)
,Repeater_0.Output{Row/GENERAL_SHIFT_TYPE},Repeater_0.Output{Row/SHIFT_TYPE})))</From></Assign><Assign xsi:type="Assign"><Name/><Description/><To>updateshiftifexists_1.Param.16</To><From>stringif(((dayofweek(dateadddays(Local.InitialDate,11))==2)||(dayofweek(dateadddays(Local.InitialDate,11))==3)	),"",
stringif(containskey(Local.leavemap, "12")==1,getvaluefromMap(Local.leavemap, "12"),
stringif(((dayofweek(dateadddays(Local.InitialDate,11))==4)||(dayofweek(dateadddays(Local.InitialDate,11))==5)||(dayofweek(dateadddays(Local.InitialDate,11))==6)	)
,Repeater_0.Output{Row/GENERAL_SHIFT_TYPE},Repeater_0.Output{Row/SHIFT_TYPE})))</From></Assign><Assign xsi:type="Assign"><Name/><Description/><To>updateshiftifexists_1.Param.17</To><From>stringif(((dayofweek(dateadddays(Local.InitialDate,12))==2)||(dayofweek(dateadddays(Local.InitialDate,12))==3)	),"",
stringif(containskey(Local.leavemap, "13")==1,getvaluefromMap(Local.leavemap, "13"),
stringif(((dayofweek(dateadddays(Local.InitialDate,12))==4)||(dayofweek(dateadddays(Local.InitialDate,12))==5)||(dayofweek(dateadddays(Local.InitialDate,12))==6)	)
,Repeater_0.Output{Row/GENERAL_SHIFT_TYPE},Repeater_0.Output{Row/SHIFT_TYPE})))</From></Assign><Assign xsi:type="Assign"><Name/><Description/><To>updateshiftifexists_1.Param.18</To><From>stringif(((dayofweek(dateadddays(Local.InitialDate,13))==2)||(dayofweek(dateadddays(Local.InitialDate,13))==3)	),"",
stringif(containskey(Local.leavemap, "14")==1,getvaluefromMap(Local.leavemap, "14"),
stringif(((dayofweek(dateadddays(Local.InitialDate,13))==4)||(dayofweek(dateadddays(Local.InitialDate,13))==5)||(dayofweek(dateadddays(Local.InitialDate,13))==6)	)
,Repeater_0.Output{Row/GENERAL_SHIFT_TYPE},Repeater_0.Output{Row/SHIFT_TYPE})))</From></Assign><Assign xsi:type="Assign"><Name/><Description/><To>updateshiftifexists_1.Param.19</To><From>stringif(((dayofweek(dateadddays(Local.InitialDate,14))==2)||(dayofweek(dateadddays(Local.InitialDate,14))==3)	),"",
stringif(containskey(Local.leavemap, "15")==1,getvaluefromMap(Local.leavemap, "15"),
stringif(((dayofweek(dateadddays(Local.InitialDate,14))==4)||(dayofweek(dateadddays(Local.InitialDate,14))==5)||(dayofweek(dateadddays(Local.InitialDate,14))==6)	)
,Repeater_0.Output{Row/GENERAL_SHIFT_TYPE},Repeater_0.Output{Row/SHIFT_TYPE})))</From></Assign><Assign xsi:type="Assign"><Name/><Description/><To>updateshiftifexists_1.Param.20</To><From>stringif(((dayofweek(dateadddays(Local.InitialDate,15))==2)||(dayofweek(dateadddays(Local.InitialDate,15))==3)	),"",
stringif(containskey(Local.leavemap, "16")==1,getvaluefromMap(Local.leavemap, "16"),
stringif(((dayofweek(dateadddays(Local.InitialDate,15))==4)||(dayofweek(dateadddays(Local.InitialDate,15))==5)||(dayofweek(dateadddays(Local.InitialDate,15))==6)	)
,Repeater_0.Output{Row/GENERAL_SHIFT_TYPE},Repeater_0.Output{Row/SHIFT_TYPE})))</From></Assign><Assign xsi:type="Assign"><Name/><Description/><To>updateshiftifexists_1.Param.21</To><From>stringif(((dayofweek(dateadddays(Local.InitialDate,16))==2)||(dayofweek(dateadddays(Local.InitialDate,16))==3)	),"",
stringif(containskey(Local.leavemap, "17")==1,getvaluefromMap(Local.leavemap, "17"),
stringif(((dayofweek(dateadddays(Local.InitialDate,16))==4)||(dayofweek(dateadddays(Local.InitialDate,16))==5)||(dayofweek(dateadddays(Local.InitialDate,16))==6)	)
,Repeater_0.Output{Row/GENERAL_SHIFT_TYPE},Repeater_0.Output{Row/SHIFT_TYPE})))</From></Assign><Assign xsi:type="Assign"><Name/><Description/><To>updateshiftifexists_1.Param.22</To><From>stringif(((dayofweek(dateadddays(Local.InitialDate,17))==2)||(dayofweek(dateadddays(Local.InitialDate,17))==3)	),"",
stringif(containskey(Local.leavemap, "18")==1,getvaluefromMap(Local.leavemap, "18"),
stringif(((dayofweek(dateadddays(Local.InitialDate,17))==4)||(dayofweek(dateadddays(Local.InitialDate,17))==5)||(dayofweek(dateadddays(Local.InitialDate,17))==6)	)
,Repeater_0.Output{Row/GENERAL_SHIFT_TYPE},Repeater_0.Output{Row/SHIFT_TYPE})))</From></Assign><Assign xsi:type="Assign"><Name/><Description/><To>updateshiftifexists_1.Param.23</To><From>stringif(((dayofweek(dateadddays(Local.InitialDate,18))==2)||(dayofweek(dateadddays(Local.InitialDate,18))==3)	),"",
stringif(containskey(Local.leavemap, "19")==1,getvaluefromMap(Local.leavemap, "19"),
stringif(((dayofweek(dateadddays(Local.InitialDate,18))==4)||(dayofweek(dateadddays(Local.InitialDate,18))==5)||(dayofweek(dateadddays(Local.InitialDate,18))==6)	)
,Repeater_0.Output{Row/GENERAL_SHIFT_TYPE},Repeater_0.Output{Row/SHIFT_TYPE})))</From></Assign><Assign xsi:type="Assign"><Name/><Description/><To>updateshiftifexists_1.Param.24</To><From>stringif(((dayofweek(dateadddays(Local.InitialDate,19))==2)||(dayofweek(dateadddays(Local.InitialDate,19))==3)	),"",
stringif(containskey(Local.leavemap, "20")==1,getvaluefromMap(Local.leavemap, "20"),
stringif(((dayofweek(dateadddays(Local.InitialDate,19))==4)||(dayofweek(dateadddays(Local.InitialDate,19))==5)||(dayofweek(dateadddays(Local.InitialDate,19))==6)	)
,Repeater_0.Output{Row/GENERAL_SHIFT_TYPE},Repeater_0.Output{Row/SHIFT_TYPE})))</From></Assign><Assign xsi:type="Assign"><Name/><Description/><To>updateshiftifexists_1.Param.25</To><From>stringif(((dayofweek(dateadddays(Local.InitialDate,20))==2)||(dayofweek(dateadddays(Local.InitialDate,20))==3)	),"",
stringif(containskey(Local.leavemap, "21")==1,getvaluefromMap(Local.leavemap, "21"),
stringif(((dayofweek(dateadddays(Local.InitialDate,20))==4)||(dayofweek(dateadddays(Local.InitialDate,20))==5)||(dayofweek(dateadddays(Local.InitialDate,20))==6)	)
,Repeater_0.Output{Row/GENERAL_SHIFT_TYPE},Repeater_0.Output{Row/SHIFT_TYPE})))</From></Assign><Assign xsi:type="Assign"><Name/><Description/><To>updateshiftifexists_1.Param.26</To><From>stringif(((dayofweek(dateadddays(Local.InitialDate,21))==2)||(dayofweek(dateadddays(Local.InitialDate,21))==3)	),"",
stringif(containskey(Local.leavemap, "22")==1,getvaluefromMap(Local.leavemap, "22"),
stringif(((dayofweek(dateadddays(Local.InitialDate,21))==4)||(dayofweek(dateadddays(Local.InitialDate,21))==5)||(dayofweek(dateadddays(Local.InitialDate,21))==6)	)
,Repeater_0.Output{Row/GENERAL_SHIFT_TYPE},Repeater_0.Output{Row/SHIFT_TYPE})))</From></Assign><Assign xsi:type="Assign"><Name/><Description/><To>updateshiftifexists_1.Param.27</To><From>stringif(((dayofweek(dateadddays(Local.InitialDate,22))==2)||(dayofweek(dateadddays(Local.InitialDate,22))==3)	),"",
stringif(containskey(Local.leavemap, "23")==1,getvaluefromMap(Local.leavemap, "23"),
stringif(((dayofweek(dateadddays(Local.InitialDate,22))==4)||(dayofweek(dateadddays(Local.InitialDate,22))==5)||(dayofweek(dateadddays(Local.InitialDate,22))==6)	)
,Repeater_0.Output{Row/GENERAL_SHIFT_TYPE},Repeater_0.Output{Row/SHIFT_TYPE})))</From></Assign><Assign xsi:type="Assign"><Name/><Description/><To>updateshiftifexists_1.Param.28</To><From>stringif(((dayofweek(dateadddays(Local.InitialDate,23))==2)||(dayofweek(dateadddays(Local.InitialDate,23))==3)	),"",
stringif(containskey(Local.leavemap, "24")==1,getvaluefromMap(Local.leavemap, "24"),
stringif(((dayofweek(dateadddays(Local.InitialDate,23))==4)||(dayofweek(dateadddays(Local.InitialDate,23))==5)||(dayofweek(dateadddays(Local.InitialDate,23))==6)	)
,Repeater_0.Output{Row/GENERAL_SHIFT_TYPE},Repeater_0.Output{Row/SHIFT_TYPE})))</From></Assign><Assign xsi:type="Assign"><Name/><Description/><To>updateshiftifexists_1.Param.29</To><From>stringif(((dayofweek(dateadddays(Local.InitialDate,24))==2)||(dayofweek(dateadddays(Local.InitialDate,24))==3)	),"",
stringif(containskey(Local.leavemap, "25")==1,getvaluefromMap(Local.leavemap, "25"),
stringif(((dayofweek(dateadddays(Local.InitialDate,24))==4)||(dayofweek(dateadddays(Local.InitialDate,24))==5)||(dayofweek(dateadddays(Local.InitialDate,24))==6)	)
,Repeater_0.Output{Row/GENERAL_SHIFT_TYPE},Repeater_0.Output{Row/SHIFT_TYPE})))</From></Assign><Assign xsi:type="Assign"><Name/><Description/><To>updateshiftifexists_1.Param.30</To><From>stringif(((dayofweek(dateadddays(Local.InitialDate,25))==2)||(dayofweek(dateadddays(Local.InitialDate,25))==3)	),"",
stringif(containskey(Local.leavemap, "26")==1,getvaluefromMap(Local.leavemap, "26"),
stringif(((dayofweek(dateadddays(Local.InitialDate,25))==4)||(dayofweek(dateadddays(Local.InitialDate,25))==5)||(dayofweek(dateadddays(Local.InitialDate,25))==6)	)
,Repeater_0.Output{Row/GENERAL_SHIFT_TYPE},Repeater_0.Output{Row/SHIFT_TYPE})))</From></Assign><Assign xsi:type="Assign"><Name/><Description/><To>updateshiftifexists_1.Param.31</To><From>stringif(((dayofweek(dateadddays(Local.InitialDate,26))==2)||(dayofweek(dateadddays(Local.InitialDate,26))==3)	),"",
stringif(containskey(Local.leavemap, "27")==1,getvaluefromMap(Local.leavemap, "27"),
stringif(((dayofweek(dateadddays(Local.InitialDate,26))==4)||(dayofweek(dateadddays(Local.InitialDate,26))==5)||(dayofweek(dateadddays(Local.InitialDate,26))==6)	)
,Repeater_0.Output{Row/GENERAL_SHIFT_TYPE},Repeater_0.Output{Row/SHIFT_TYPE})))</From></Assign><Assign xsi:type="Assign"><Name/><Description/><To>updateshiftifexists_1.Param.32</To><From>stringif(((dayofweek(dateadddays(Local.InitialDate,27))==2)||(dayofweek(dateadddays(Local.InitialDate,27))==3)	),"",
stringif(containskey(Local.leavemap, "28")==1,getvaluefromMap(Local.leavemap, "28"),
stringif(((dayofweek(dateadddays(Local.InitialDate,27))==4)||(dayofweek(dateadddays(Local.InitialDate,27))==5)||(dayofweek(dateadddays(Local.InitialDate,27))==6)	)
,Repeater_0.Output{Row/GENERAL_SHIFT_TYPE},Repeater_0.Output{Row/SHIFT_TYPE})))</From></Assign></IncomingLinks><OutgoingLinks/></Action></Actions></Step></Steps><Actions><Action><Name>Conditional_2</Name><Description> </Description><Expiration>Sequence_29</Expiration><IncomingLinks><Assign xsi:type="Assign"><Name/><Description/><To>Conditional_2.Input1</To><From>Shifttrackerrecordvalidation_1.Results{count(/Rowsets/Rowset/Row)}==0</From></Assign></IncomingLinks><OutgoingLinks/></Action></Actions></Step></Steps><Actions><Action><Name>Shifttrackerrecordvalidation_1</Name><Description>MDO Query</Description><Expiration>Sequence_29</Expiration><IncomingLinks><Assign xsi:type="Assign"><Name/><Description/><To>Shifttrackerrecordvalidation_1.Param.1</To><From>Transaction.Team_name</From></Assign><Assign xsi:type="Assign"><Name/><Description/><To>Shifttrackerrecordvalidation_1.Param.2</To><From>Transaction.Year</From></Assign><Assign xsi:type="Assign"><Name/><Description/><To>Shifttrackerrecordvalidation_1.Param.3</To><From>Transaction.Month</From></Assign><Assign xsi:type="Assign"><Name/><Description/><To>Shifttrackerrecordvalidation_1.Param.4</To><From>Repeater_0.Output{Row/User_521ID}</From></Assign></IncomingLinks><OutgoingLinks/></Action></Actions></Step></Steps><Actions><Action><Name>leavedetailsbasedonuserid_1</Name><Description>MDO Query</Description><Expiration>Sequence_11</Expiration><IncomingLinks><Assign xsi:type="Assign"><Name/><Description/><To>leavedetailsbasedonuserid_1.Param.1</To><From>Repeater_0.Output{Row/User_521ID}</From></Assign><Assign xsi:type="Assign"><Name/><Description/><To>leavedetailsbasedonuserid_1.Param.2</To><From>Transaction.Month</From></Assign><Assign xsi:type="Assign"><Name/><Description/><To>leavedetailsbasedonuserid_1.Param.3</To><From>Transaction.Year</From></Assign></IncomingLinks><OutgoingLinks/></Action></Actions></Step></Steps><Actions/></Step></Steps><Actions><Action><Name>Conditional_0</Name><Description> </Description><Expiration/><IncomingLinks><Assign xsi:type="Assign"><Name/><Description/><To>Conditional_0.Input1</To><From>Repeater_0.Output{Row/SHIFT_TYPE}=="S1"</From></Assign><Assign xsi:type="Assign"><Name/><Description/><To>Conditional_0.Input2</To><From>Repeater_0.Output{Row/SHIFT_TYPE}=="S2"</From></Assign><Assign xsi:type="Assign"><Name/><Description/><To>Conditional_0.Input3</To><From>Repeater_0.Output{Row/SHIFT_TYPE}=="S3"</From></Assign><Assign xsi:type="Assign"><Name/><Description/><To>Conditional_0.Input4</To><From>Repeater_0.Output{Row/SHIFT_TYPE}=="S4"</From></Assign></IncomingLinks><OutgoingLinks/></Action></Actions></Step></Steps><Actions><Action><Name>Assignment_2</Name><Description> </Description><Expiration/><IncomingLinks/><OutgoingLinks><Assign xsi:type="Assign"><Name/><Description/><To>Local.leavemap</To><From>emptymap</From></Assign></OutgoingLinks></Action></Actions></Step></Steps><Actions><Action><Name>Repeater_0</Name><Description> </Description><Expiration>Sequence_1</Expiration><IncomingLinks/><OutgoingLinks/></Action></Actions></Step></Steps><Actions><Action><Name>Team_membersandshift_0</Name><Description>MDO Query</Description><Expiration>Sequence_6</Expiration><IncomingLinks><Assign xsi:type="Assign"><Name/><Description/><To>Team_membersandshift_0.Param.1</To><From>Transaction.Team_name</From></Assign></IncomingLinks><OutgoingLinks/></Action></Actions></Step></Steps><Actions><Action><Name>convertingMonthtoDigitformatandassigning</Name><Description> </Description><Expiration>Sequence_4</Expiration><IncomingLinks/><OutgoingLinks><Assign xsi:type="Assign"><Name/><Description/><To>Local.monthindigit</To><From>getvaluefromMap(Local.monthmap, Transaction.Month)</From></Assign><Assign xsi:type="Assign"><Name/><Description/><To>Local.InitialDate</To><From>Transaction.Year&amp;"-"&amp;Local.monthindigit&amp;"-"&amp;"01T00:00:00"</From></Assign><Assign xsi:type="Assign"><Name/><Description/><To>Local.baseshiftmap</To><From>emptymap</From></Assign><Assign xsi:type="Assign"><Name/><Description/><To>Local.datevsbackupuser</To><From>emptymap</From></Assign><Assign xsi:type="Assign"><Name/><Description/><To>Local.leavemap</To><From>emptymap</From></Assign><Assign xsi:type="Assign"><Name/><Description/><To>Local.leaveuserbackupuser</To><From>emptymap</From></Assign></OutgoingLinks></Action></Actions></Step><Step xsi:type="Catch"><Name>Sequence_1</Name><Description/><Steps><Step xsi:type="ActionSequence"><Name>Sequence_2</Name><Description/><Steps/><Actions><Action><Name>Assignment_0</Name><Description> </Description><Expiration/><IncomingLinks/><OutgoingLinks/></Action></Actions></Step></Steps><Actions><Action><Name>Catch_0</Name><Description>Catches an exception</Description><Expiration>Sequence_2</Expiration><IncomingLinks/><OutgoingLinks/></Action></Actions></Step></Steps><Actions><Action><Name>Exception_Enabler_0</Name><Description>Enables exceptions.</Description><Expiration>Sequence_0</Expiration><IncomingLinks/><OutgoingLinks/></Action></Actions></Step></Steps></Transaction>