<?xml version="1.0" encoding="UTF-8" standalone="no"?><Transaction xmlns:xsd="http://www.w3.org/2001/XMLSchema" xmlns:xsi="http://www.w3.org/2001/XMLSchema-instance" Version="15.4.1.7"><TransactionAttributes><ContextItem><Name>Description</Name><Description>Transaction Description</Description><MinRange>0</MinRange><MaxRange>0</MaxRange><Value xsi:type="string"/><ReadOnly>true</ReadOnly><AlertXMLAssigned>false</AlertXMLAssigned></ContextItem><ContextItem><Name>Comments</Name><Description>User Comments</Description><MinRange>0</MinRange><MaxRange>0</MaxRange><Value xsi:type="string"/><ReadOnly>true</ReadOnly><AlertXMLAssigned>false</AlertXMLAssigned></ContextItem><ContextItem><Name>CreatedBy</Name><Description>Created By</Description><MinRange>0</MinRange><MaxRange>0</MaxRange><Value xsi:type="string">MKVI1</Value><ReadOnly>true</ReadOnly><AlertXMLAssigned>false</AlertXMLAssigned></ContextItem><ContextItem><Name>CreationDate</Name><Description>Creation Date</Description><MinRange>0</MinRange><MaxRange>0</MaxRange><Value xsi:type="dateTime">2022-12-23T13:38:48</Value><ReadOnly>true</ReadOnly><AlertXMLAssigned>false</AlertXMLAssigned></ContextItem><ContextItem><Name>Category</Name><Description>Transaction Category</Description><MinRange>0</MinRange><MaxRange>0</MaxRange><Value xsi:type="string"/><ReadOnly>true</ReadOnly><AlertXMLAssigned>false</AlertXMLAssigned></ContextItem><ContextItem><Name>Status</Name><Description>Deployment Status</Description><MinRange>0</MinRange><MaxRange>0</MaxRange><Value xsi:type="string">DEVELOPMENT</Value><ReadOnly>true</ReadOnly><AlertXMLAssigned>false</AlertXMLAssigned></ContextItem><ContextItem><Name>LegacyProcessingMode</Name><Description>Support the pre MII 12.1 Transaction Engine.</Description><MinRange>0</MinRange><MaxRange>0</MaxRange><Value xsi:type="boolean">0</Value><ReadOnly>true</ReadOnly><AlertXMLAssigned>false</AlertXMLAssigned></ContextItem><ContextItem><Name>AutoAppendBlankNamespaces</Name><Description>AutoAppendBlankNamespaces</Description><MinRange>0</MinRange><MaxRange>0</MaxRange><Value xsi:type="boolean">1</Value><ReadOnly>true</ReadOnly><AlertXMLAssigned>false</AlertXMLAssigned></ContextItem><ContextItem><Name>ThrowOnLinkError</Name><Description>Throws an exception when a link error occures</Description><MinRange>0</MinRange><MaxRange>0</MaxRange><Value xsi:type="boolean">0</Value><ReadOnly>true</ReadOnly><AlertXMLAssigned>false</AlertXMLAssigned></ContextItem><ContextItem><Name>ThrowOnActionError</Name><Description>Throws an exception when an action error occurs</Description><MinRange>0</MinRange><MaxRange>0</MaxRange><Value xsi:type="boolean">1</Value><ReadOnly>true</ReadOnly><AlertXMLAssigned>false</AlertXMLAssigned></ContextItem><ContextItem><Name>FormatXMLOnConversion</Name><Description>By default XML will be formatted when assigned from XML data type to String data type. This behaviour can be changed with this flag.</Description><MinRange>0</MinRange><MaxRange>0</MaxRange><Value xsi:type="boolean">1</Value><ReadOnly>true</ReadOnly><AlertXMLAssigned>false</AlertXMLAssigned></ContextItem><ContextItem><Name>LastEditedBy</Name><Description>Last Edited By</Description><MinRange>0</MinRange><MaxRange>0</MaxRange><Value xsi:type="xsd:string">MKVI1</Value><ReadOnly>true</ReadOnly><AlertXMLAssigned>false</AlertXMLAssigned></ContextItem><ContextItem><Name>LastEditedDate</Name><Description>Last Edited Date</Description><MinRange>0</MinRange><MaxRange>0</MaxRange><Value xsi:type="xsd:dateTime">2022-12-23T20:36:18</Value><ReadOnly>true</ReadOnly><AlertXMLAssigned>false</AlertXMLAssigned></ContextItem></TransactionAttributes><Name>Default/Viswajith/MKVI1/transactions/LeaveEmailNotificationtoteam</Name><Version>122</Version><WriterRoles>SAP_XMII_Super_Administrator,SAP_XMII_Administrator,SAP_XMII_Developer</WriterRoles><Context/><Local><ContextItem><Name>emailsubject</Name><Description/><MinRange>0</MinRange><MaxRange>0</MaxRange><Value xsi:type="string">Leave Tracker Mail Alert!</Value><ReadOnly>false</ReadOnly><AlertXMLAssigned>false</AlertXMLAssigned></ContextItem><ContextItem><Name>fromdlteams</Name><Description/><MinRange>0</MinRange><MaxRange>0</MaxRange><Value xsi:type="map">{AL_Ops_MII=[string:nidhi.vaghela@alcon.com], AL_Ops_MFG=[string:viswajith.mk@alcon.com]}</Value><ReadOnly>false</ReadOnly><AlertXMLAssigned>false</AlertXMLAssigned></ContextItem><ContextItem><Name>leavedate</Name><Description/><MinRange>0</MinRange><MaxRange>0</MaxRange><Value xsi:type="string"/><ReadOnly>false</ReadOnly><AlertXMLAssigned>false</AlertXMLAssigned></ContextItem><ContextItem><Name>leaveusers</Name><Description/><MinRange>0</MinRange><MaxRange>0</MaxRange><Value xsi:type="string"/><ReadOnly>false</ReadOnly><AlertXMLAssigned>false</AlertXMLAssigned></ContextItem><ContextItem><Name>monthdigitostring</Name><Description/><MinRange>0</MinRange><MaxRange>0</MaxRange><Value xsi:type="map">{11=[string:November], 01=[string:January], 12=[string:December], 02=[string:February], 03=[string:March], 04=[string:April], 05=[string:May], 06=[string:June], 07=[string:July], 08=[string:August], 09=[string:September], 10=[string:October]}</Value><ReadOnly>false</ReadOnly><AlertXMLAssigned>false</AlertXMLAssigned></ContextItem><ContextItem><Name>tomailteams</Name><Description/><MinRange>0</MinRange><MaxRange>0</MaxRange><Value xsi:type="map">{AL_Ops_MII=[string:viswajith.mk@alcon.com]}</Value><ReadOnly>false</ReadOnly><AlertXMLAssigned>false</AlertXMLAssigned></ContextItem></Local><Layout><GUILayoutItem><Name>Sequence</Name><X>296</X><Y>8</Y><Width>120</Width><SpacingWidth>696</SpacingWidth><DescendantWidth>696</DescendantWidth><Height>96</Height></GUILayoutItem><GUILayoutItem><Name>Exception_Enabler_0</Name><X>304</X><Y>24</Y><Width>104</Width><SpacingWidth>0</SpacingWidth><DescendantWidth>0</DescendantWidth><Height>72</Height></GUILayoutItem><GUILayoutItem><Name>Sequence_0</Name><X>224</X><Y>144</Y><Width>120</Width><SpacingWidth>552</SpacingWidth><DescendantWidth>552</DescendantWidth><Height>96</Height></GUILayoutItem><GUILayoutItem><Name>Sequence_1</Name><X>584</X><Y>144</Y><Width>120</Width><SpacingWidth>120</SpacingWidth><DescendantWidth>0</DescendantWidth><Height>96</Height></GUILayoutItem><GUILayoutItem><Name>Catch_0</Name><X>592</X><Y>160</Y><Width>104</Width><SpacingWidth>0</SpacingWidth><DescendantWidth>0</DescendantWidth><Height>72</Height></GUILayoutItem><GUILayoutItem><Name>Get_Leave_Details_0</Name><X>232</X><Y>160</Y><Width>104</Width><SpacingWidth>0</SpacingWidth><DescendantWidth>0</DescendantWidth><Height>72</Height></GUILayoutItem><GUILayoutItem><Name>Sequence_2</Name><X>224</X><Y>280</Y><Width>120</Width><SpacingWidth>552</SpacingWidth><DescendantWidth>552</DescendantWidth><Height>96</Height></GUILayoutItem><GUILayoutItem><Name>Team_names_0</Name><X>232</X><Y>296</Y><Width>104</Width><SpacingWidth>0</SpacingWidth><DescendantWidth>0</DescendantWidth><Height>72</Height></GUILayoutItem><GUILayoutItem><Name>Sequence_3</Name><X>224</X><Y>416</Y><Width>120</Width><SpacingWidth>552</SpacingWidth><DescendantWidth>552</DescendantWidth><Height>96</Height></GUILayoutItem><GUILayoutItem><Name>Repeater_0</Name><X>232</X><Y>432</Y><Width>104</Width><SpacingWidth>0</SpacingWidth><DescendantWidth>0</DescendantWidth><Height>72</Height></GUILayoutItem><GUILayoutItem><Name>Sequence_5</Name><X>224</X><Y>552</Y><Width>120</Width><SpacingWidth>552</SpacingWidth><DescendantWidth>552</DescendantWidth><Height>96</Height></GUILayoutItem><GUILayoutItem><Name>Generic_Sort_Filter_0</Name><X>232</X><Y>568</Y><Width>104</Width><SpacingWidth>0</SpacingWidth><DescendantWidth>0</DescendantWidth><Height>72</Height></GUILayoutItem><GUILayoutItem><Name>Sequence_6</Name><X>224</X><Y>824</Y><Width>120</Width><SpacingWidth>552</SpacingWidth><DescendantWidth>552</DescendantWidth><Height>96</Height></GUILayoutItem><GUILayoutItem><Name>Repeater_1</Name><X>232</X><Y>840</Y><Width>104</Width><SpacingWidth>0</SpacingWidth><DescendantWidth>0</DescendantWidth><Height>72</Height></GUILayoutItem><GUILayoutItem><Name>Sequence_7</Name><X>8</X><Y>1096</Y><Width>120</Width><SpacingWidth>120</SpacingWidth><DescendantWidth>0</DescendantWidth><Height>96</Height></GUILayoutItem><GUILayoutItem><Name>Assignment_0</Name><X>16</X><Y>1112</Y><Width>104</Width><SpacingWidth>0</SpacingWidth><DescendantWidth>0</DescendantWidth><Height>72</Height></GUILayoutItem><GUILayoutItem><Name>Sequence_8</Name><X>224</X><Y>688</Y><Width>120</Width><SpacingWidth>552</SpacingWidth><DescendantWidth>552</DescendantWidth><Height>96</Height></GUILayoutItem><GUILayoutItem><Name>Sequence_9</Name><X>8</X><Y>960</Y><Width>120</Width><SpacingWidth>120</SpacingWidth><DescendantWidth>120</DescendantWidth><Height>96</Height></GUILayoutItem><GUILayoutItem><Name>Conditional_0</Name><X>16</X><Y>976</Y><Width>104</Width><SpacingWidth>0</SpacingWidth><DescendantWidth>0</DescendantWidth><Height>72</Height></GUILayoutItem><GUILayoutItem><Name>Sequence_4</Name><X>224</X><Y>960</Y><Width>120</Width><SpacingWidth>264</SpacingWidth><DescendantWidth>264</DescendantWidth><Height>96</Height></GUILayoutItem><GUILayoutItem><Name>Conditional_1</Name><X>232</X><Y>976</Y><Width>104</Width><SpacingWidth>0</SpacingWidth><DescendantWidth>0</DescendantWidth><Height>72</Height></GUILayoutItem><GUILayoutItem><Name>Sequence_11</Name><X>152</X><Y>1096</Y><Width>120</Width><SpacingWidth>120</SpacingWidth><DescendantWidth>0</DescendantWidth><Height>96</Height></GUILayoutItem><GUILayoutItem><Name>Sequence_15</Name><X>296</X><Y>1096</Y><Width>120</Width><SpacingWidth>120</SpacingWidth><DescendantWidth>0</DescendantWidth><Height>96</Height></GUILayoutItem><GUILayoutItem><Name>Sequence_10</Name><X>440</X><Y>960</Y><Width>120</Width><SpacingWidth>120</SpacingWidth><DescendantWidth>0</DescendantWidth><Height>96</Height></GUILayoutItem><GUILayoutItem><Name>Assignment_1</Name><X>448</X><Y>976</Y><Width>104</Width><SpacingWidth>0</SpacingWidth><DescendantWidth>0</DescendantWidth><Height>72</Height></GUILayoutItem><GUILayoutItem><Name>Send_Mail_0</Name><X>160</X><Y>1112</Y><Width>104</Width><SpacingWidth>0</SpacingWidth><DescendantWidth>0</DescendantWidth><Height>72</Height></GUILayoutItem></Layout><Actions><ContextItem><Name>Exception_Enabler_0</Name><Description/><MinRange>0</MinRange><MaxRange>0</MaxRange><Value xsi:type="ExceptionEnabler"><EnableActionExceptions>true</EnableActionExceptions><EnableLinkExceptions>true</EnableLinkExceptions></Value><ReadOnly>false</ReadOnly><AlertXMLAssigned>false</AlertXMLAssigned></ContextItem><ContextItem><Name>Catch_0</Name><Description/><MinRange>0</MinRange><MaxRange>0</MaxRange><Value xsi:type="CatchAction"/><ReadOnly>false</ReadOnly><AlertXMLAssigned>false</AlertXMLAssigned></ContextItem><ContextItem><Name>Get_Leave_Details_0</Name><Description/><MinRange>0</MinRange><MaxRange>0</MaxRange><Value xsi:type="IlluminatorMDOQueryObject"><Timeout>60</Timeout><Format>text/xml</Format><QueryParameters/><ResultsAsString/><QueryStartDate>2022-12-23T13:40:40</QueryStartDate><SQLTransaction/><QueryTemplate>Default/Viswajith/MKVI1/queries/Get_Leave_Details</QueryTemplate><Results><ReferenceDocumentSource/>&lt;?xml version="1.0" encoding="UTF-8"?&gt;&lt;Rowsets CachedTime="" DateCreated="2022-12-23T08:10:40" EndDate="2022-12-23T08:10:40" StartDate="2022-12-23T07:10:40" Version="15.4 SP1 Patch 7 (Mar 2, 2021)"&gt;&lt;Rowset&gt;&lt;Columns&gt;&lt;Column Description="" MaxRange="100" MinRange="0" Name="USER_521ID" SQLDataType="12" SourceColumn="USER_521ID"/&gt;&lt;Column Description="" MaxRange="100" MinRange="0" Name="user" SQLDataType="12" SourceColumn="user"/&gt;&lt;Column Description="" MaxRange="100" MinRange="0" Name="team" SQLDataType="12" SourceColumn="team"/&gt;&lt;Column Description="" MaxRange="100" MinRange="0" Name="month" SQLDataType="12" SourceColumn="month"/&gt;&lt;Column Description="" MaxRange="100" MinRange="0" Name="year" SQLDataType="4" SourceColumn="year"/&gt;&lt;Column Description="" MaxRange="100" MinRange="0" Name="date" SQLDataType="4" SourceColumn="date"/&gt;&lt;Column Description="" MaxRange="100" MinRange="0" Name="EntireDateFormat" SQLDataType="12" SourceColumn="EntireDateFormat"/&gt;&lt;Column Description="" MaxRange="100" MinRange="0" Name="TYPE" SQLDataType="12" SourceColumn="TYPE"/&gt;&lt;Column Description="" MaxRange="100" MinRange="0" Name="WITHDRAW_FLAG" SQLDataType="12" SourceColumn="WITHDRAW_FLAG"/&gt;&lt;Column Description="LASTQUERYEXECUTION" MaxRange="1" MinRange="0" Name="LASTQUERYEXECUTION" SQLDataType="93" SourceColumn="LASTQUERYEXECUTION"/&gt;&lt;Column Description="LASTQUERYEXECUTIONBY" MaxRange="1" MinRange="0" Name="LASTQUERYEXECUTIONBY" SQLDataType="12" SourceColumn="LASTQUERYEXECUTIONBY"/&gt;&lt;Column Description="LASTTASKEXECUTEDBY" MaxRange="1" MinRange="0" Name="LASTTASKEXECUTEDBY" SQLDataType="12" SourceColumn="LASTTASKEXECUTEDBY"/&gt;&lt;Column Description="LASTTASKEXECUTION" MaxRange="1" MinRange="0" Name="LASTTASKEXECUTION" SQLDataType="93" SourceColumn="LASTTASKEXECUTION"/&gt;&lt;/Columns&gt;&lt;Row&gt;&lt;USER_521ID&gt;MAHENAB1&lt;/USER_521ID&gt;&lt;user&gt;Abhishek  Mahendrakar&lt;/user&gt;&lt;team&gt;AL_Ops_MII&lt;/team&gt;&lt;month&gt;November&lt;/month&gt;&lt;year&gt;2022&lt;/year&gt;&lt;date&gt;25&lt;/date&gt;&lt;EntireDateFormat&gt;11/25/22&lt;/EntireDateFormat&gt;&lt;TYPE&gt;LEAVE&lt;/TYPE&gt;&lt;WITHDRAW_FLAG&gt;X&lt;/WITHDRAW_FLAG&gt;&lt;LASTQUERYEXECUTION&gt;2022-11-28T09:14:43&lt;/LASTQUERYEXECUTION&gt;&lt;LASTQUERYEXECUTIONBY&gt;MAHENAB1&lt;/LASTQUERYEXECUTIONBY&gt;&lt;LASTTASKEXECUTEDBY&gt;---&lt;/LASTTASKEXECUTEDBY&gt;&lt;LASTTASKEXECUTION&gt;TimeUnavailable&lt;/LASTTASKEXECUTION&gt;&lt;/Row&gt;&lt;Row&gt;&lt;USER_521ID&gt;TYAGIMA1&lt;/USER_521ID&gt;&lt;user&gt;Mayank Tyagi&lt;/user&gt;&lt;team&gt;AL_Ops_MII&lt;/team&gt;&lt;month&gt;November&lt;/month&gt;&lt;year&gt;2022&lt;/year&gt;&lt;date&gt;30&lt;/date&gt;&lt;EntireDateFormat&gt;11/30/22&lt;/EntireDateFormat&gt;&lt;TYPE&gt;LEAVE&lt;/TYPE&gt;&lt;WITHDRAW_FLAG&gt;---&lt;/WITHDRAW_FLAG&gt;&lt;LASTQUERYEXECUTION&gt;2022-12-15T15:02:07&lt;/LASTQUERYEXECUTION&gt;&lt;LASTQUERYEXECUTIONBY&gt;MKVI1&lt;/LASTQUERYEXECUTIONBY&gt;&lt;LASTTASKEXECUTEDBY&gt;---&lt;/LASTTASKEXECUTEDBY&gt;&lt;LASTTASKEXECUTION&gt;TimeUnavailable&lt;/LASTTASKEXECUTION&gt;&lt;/Row&gt;&lt;Row&gt;&lt;USER_521ID&gt;KUMARVI8&lt;/USER_521ID&gt;&lt;user&gt;Vipul Kumar&lt;/user&gt;&lt;team&gt;AL_Ops_MII&lt;/team&gt;&lt;month&gt;November&lt;/month&gt;&lt;year&gt;2022&lt;/year&gt;&lt;date&gt;28&lt;/date&gt;&lt;EntireDateFormat&gt;11/28/22&lt;/EntireDateFormat&gt;&lt;TYPE&gt;LEAVE&lt;/TYPE&gt;&lt;WITHDRAW_FLAG&gt;---&lt;/WITHDRAW_FLAG&gt;&lt;LASTQUERYEXECUTION&gt;2022-11-27T07:50:45&lt;/LASTQUERYEXECUTION&gt;&lt;LASTQUERYEXECUTIONBY&gt;MKVI1&lt;/LASTQUERYEXECUTIONBY&gt;&lt;LASTTASKEXECUTEDBY&gt;---&lt;/LASTTASKEXECUTEDBY&gt;&lt;LASTTASKEXECUTION&gt;TimeUnavailable&lt;/LASTTASKEXECUTION&gt;&lt;/Row&gt;&lt;Row&gt;&lt;USER_521ID&gt;KOTASA5&lt;/USER_521ID&gt;&lt;user&gt;Sagar Kota&lt;/user&gt;&lt;team&gt;AL_Ops_MFG&lt;/team&gt;&lt;month&gt;December&lt;/month&gt;&lt;year&gt;2022&lt;/year&gt;&lt;date&gt;5&lt;/date&gt;&lt;EntireDateFormat&gt;12/5/22&lt;/EntireDateFormat&gt;&lt;TYPE&gt;LEAVE&lt;/TYPE&gt;&lt;WITHDRAW_FLAG&gt;---&lt;/WITHDRAW_FLAG&gt;&lt;LASTQUERYEXECUTION&gt;2022-11-28T17:22:15&lt;/LASTQUERYEXECUTION&gt;&lt;LASTQUERYEXECUTIONBY&gt;KOTASA5&lt;/LASTQUERYEXECUTIONBY&gt;&lt;LASTTASKEXECUTEDBY&gt;---&lt;/LASTTASKEXECUTEDBY&gt;&lt;LASTTASKEXECUTION&gt;TimeUnavailable&lt;/LASTTASKEXECUTION&gt;&lt;/Row&gt;&lt;Row&gt;&lt;USER_521ID&gt;PAMPASU1&lt;/USER_521ID&gt;&lt;user&gt;Subrahmanyam Pampanna&lt;/user&gt;&lt;team&gt;AL_Ops_MII&lt;/team&gt;&lt;month&gt;December&lt;/month&gt;&lt;year&gt;2022&lt;/year&gt;&lt;date&gt;7&lt;/date&gt;&lt;EntireDateFormat&gt;12/7/22&lt;/EntireDateFormat&gt;&lt;TYPE&gt;LEAVE&lt;/TYPE&gt;&lt;WITHDRAW_FLAG&gt;---&lt;/WITHDRAW_FLAG&gt;&lt;LASTQUERYEXECUTION&gt;2022-11-28T17:51:59&lt;/LASTQUERYEXECUTION&gt;&lt;LASTQUERYEXECUTIONBY&gt;PAMPASU1&lt;/LASTQUERYEXECUTIONBY&gt;&lt;LASTTASKEXECUTEDBY&gt;---&lt;/LASTTASKEXECUTEDBY&gt;&lt;LASTTASKEXECUTION&gt;TimeUnavailable&lt;/LASTTASKEXECUTION&gt;&lt;/Row&gt;&lt;Row&gt;&lt;USER_521ID&gt;KUMARVI8&lt;/USER_521ID&gt;&lt;user&gt;Vipul Kumar&lt;/user&gt;&lt;team&gt;AL_Ops_MII&lt;/team&gt;&lt;month&gt;November&lt;/month&gt;&lt;year&gt;2022&lt;/year&gt;&lt;date&gt;3&lt;/date&gt;&lt;EntireDateFormat&gt;11/3/22&lt;/EntireDateFormat&gt;&lt;TYPE&gt;LEAVE&lt;/TYPE&gt;&lt;WITHDRAW_FLAG&gt;---&lt;/WITHDRAW_FLAG&gt;&lt;LASTQUERYEXECUTION&gt;2022-12-16T10:05:58&lt;/LASTQUERYEXECUTION&gt;&lt;LASTQUERYEXECUTIONBY&gt;MKVI1&lt;/LASTQUERYEXECUTIONBY&gt;&lt;LASTTASKEXECUTEDBY&gt;---&lt;/LASTTASKEXECUTEDBY&gt;&lt;LASTTASKEXECUTION&gt;TimeUnavailable&lt;/LASTTASKEXECUTION&gt;&lt;/Row&gt;&lt;Row&gt;&lt;USER_521ID&gt;KUMARVI8&lt;/USER_521ID&gt;&lt;user&gt;Vipul Kumar&lt;/user&gt;&lt;team&gt;AL_Ops_MII&lt;/team&gt;&lt;month&gt;November&lt;/month&gt;&lt;year&gt;2022&lt;/year&gt;&lt;date&gt;23&lt;/date&gt;&lt;EntireDateFormat&gt;11/23/22&lt;/EntireDateFormat&gt;&lt;TYPE&gt;HOLIDAY&lt;/TYPE&gt;&lt;WITHDRAW_FLAG&gt;---&lt;/WITHDRAW_FLAG&gt;&lt;LASTQUERYEXECUTION&gt;2022-12-16T10:58:54&lt;/LASTQUERYEXECUTION&gt;&lt;LASTQUERYEXECUTIONBY&gt;MKVI1&lt;/LASTQUERYEXECUTIONBY&gt;&lt;LASTTASKEXECUTEDBY&gt;---&lt;/LASTTASKEXECUTEDBY&gt;&lt;LASTTASKEXECUTION&gt;TimeUnavailable&lt;/LASTTASKEXECUTION&gt;&lt;/Row&gt;&lt;Row&gt;&lt;USER_521ID&gt;MAHENAB1&lt;/USER_521ID&gt;&lt;user&gt;Abhishek  Mahendrakar&lt;/user&gt;&lt;team&gt;AL_Ops_MII&lt;/team&gt;&lt;month&gt;November&lt;/month&gt;&lt;year&gt;2022&lt;/year&gt;&lt;date&gt;24&lt;/date&gt;&lt;EntireDateFormat&gt;11/24/22&lt;/EntireDateFormat&gt;&lt;TYPE&gt;LEAVE&lt;/TYPE&gt;&lt;WITHDRAW_FLAG&gt;X&lt;/WITHDRAW_FLAG&gt;&lt;LASTQUERYEXECUTION&gt;2022-11-29T03:19:13&lt;/LASTQUERYEXECUTION&gt;&lt;LASTQUERYEXECUTIONBY&gt;MAHENAB1&lt;/LASTQUERYEXECUTIONBY&gt;&lt;LASTTASKEXECUTEDBY&gt;---&lt;/LASTTASKEXECUTEDBY&gt;&lt;LASTTASKEXECUTION&gt;TimeUnavailable&lt;/LASTTASKEXECUTION&gt;&lt;/Row&gt;&lt;Row&gt;&lt;USER_521ID&gt;MKVI1&lt;/USER_521ID&gt;&lt;user&gt;Viswajith Mk&lt;/user&gt;&lt;team&gt;AL_Ops_MII&lt;/team&gt;&lt;month&gt;November&lt;/month&gt;&lt;year&gt;2022&lt;/year&gt;&lt;date&gt;11&lt;/date&gt;&lt;EntireDateFormat&gt;11/11/22&lt;/EntireDateFormat&gt;&lt;TYPE&gt;LEAVE&lt;/TYPE&gt;&lt;WITHDRAW_FLAG&gt;X&lt;/WITHDRAW_FLAG&gt;&lt;LASTQUERYEXECUTION&gt;2022-12-16T10:04:56&lt;/LASTQUERYEXECUTION&gt;&lt;LASTQUERYEXECUTIONBY&gt;MKVI1&lt;/LASTQUERYEXECUTIONBY&gt;&lt;LASTTASKEXECUTEDBY&gt;---&lt;/LASTTASKEXECUTEDBY&gt;&lt;LASTTASKEXECUTION&gt;TimeUnavailable&lt;/LASTTASKEXECUTION&gt;&lt;/Row&gt;&lt;Row&gt;&lt;USER_521ID&gt;MKVI1&lt;/USER_521ID&gt;&lt;user&gt;Viswajith Mk&lt;/user&gt;&lt;team&gt;AL_Ops_MII&lt;/team&gt;&lt;month&gt;November&lt;/month&gt;&lt;year&gt;2022&lt;/year&gt;&lt;date&gt;24&lt;/date&gt;&lt;EntireDateFormat&gt;11/24/22&lt;/EntireDateFormat&gt;&lt;TYPE&gt;LEAVE&lt;/TYPE&gt;&lt;WITHDRAW_FLAG&gt;---&lt;/WITHDRAW_FLAG&gt;&lt;LASTQUERYEXECUTION&gt;2022-11-27T13:06:41&lt;/LASTQUERYEXECUTION&gt;&lt;LASTQUERYEXECUTIONBY&gt;MKVI1&lt;/LASTQUERYEXECUTIONBY&gt;&lt;LASTTASKEXECUTEDBY&gt;---&lt;/LASTTASKEXECUTEDBY&gt;&lt;LASTTASKEXECUTION&gt;TimeUnavailable&lt;/LASTTASKEXECUTION&gt;&lt;/Row&gt;&lt;Row&gt;&lt;USER_521ID&gt;MKVI1&lt;/USER_521ID&gt;&lt;user&gt;Viswajith Mk&lt;/user&gt;&lt;team&gt;AL_Ops_MII&lt;/team&gt;&lt;month&gt;November&lt;/month&gt;&lt;year&gt;2022&lt;/year&gt;&lt;date&gt;25&lt;/date&gt;&lt;EntireDateFormat&gt;11/25/22&lt;/EntireDateFormat&gt;&lt;TYPE&gt;LEAVE&lt;/TYPE&gt;&lt;WITHDRAW_FLAG&gt;---&lt;/WITHDRAW_FLAG&gt;&lt;LASTQUERYEXECUTION&gt;2022-11-27T13:06:41&lt;/LASTQUERYEXECUTION&gt;&lt;LASTQUERYEXECUTIONBY&gt;MKVI1&lt;/LASTQUERYEXECUTIONBY&gt;&lt;LASTTASKEXECUTEDBY&gt;---&lt;/LASTTASKEXECUTEDBY&gt;&lt;LASTTASKEXECUTION&gt;TimeUnavailable&lt;/LASTTASKEXECUTION&gt;&lt;/Row&gt;&lt;Row&gt;&lt;USER_521ID&gt;MKVI1&lt;/USER_521ID&gt;&lt;user&gt;Viswajith Mk&lt;/user&gt;&lt;team&gt;AL_Ops_MII&lt;/team&gt;&lt;month&gt;December&lt;/month&gt;&lt;year&gt;2022&lt;/year&gt;&lt;date&gt;1&lt;/date&gt;&lt;EntireDateFormat&gt;12/1/22&lt;/EntireDateFormat&gt;&lt;TYPE&gt;LEAVE&lt;/TYPE&gt;&lt;WITHDRAW_FLAG&gt;X&lt;/WITHDRAW_FLAG&gt;&lt;LASTQUERYEXECUTION&gt;2022-11-27T13:08:20&lt;/LASTQUERYEXECUTION&gt;&lt;LASTQUERYEXECUTIONBY&gt;MKVI1&lt;/LASTQUERYEXECUTIONBY&gt;&lt;LASTTASKEXECUTEDBY&gt;---&lt;/LASTTASKEXECUTEDBY&gt;&lt;LASTTASKEXECUTION&gt;TimeUnavailable&lt;/LASTTASKEXECUTION&gt;&lt;/Row&gt;&lt;Row&gt;&lt;USER_521ID&gt;MKVI1&lt;/USER_521ID&gt;&lt;user&gt;Viswajith Mk&lt;/user&gt;&lt;team&gt;AL_Ops_MII&lt;/team&gt;&lt;month&gt;November&lt;/month&gt;&lt;year&gt;2022&lt;/year&gt;&lt;date&gt;1&lt;/date&gt;&lt;EntireDateFormat&gt;11/1/22&lt;/EntireDateFormat&gt;&lt;TYPE&gt;HOLIDAY&lt;/TYPE&gt;&lt;WITHDRAW_FLAG&gt;---&lt;/WITHDRAW_FLAG&gt;&lt;LASTQUERYEXECUTION&gt;2022-12-15T18:35:10&lt;/LASTQUERYEXECUTION&gt;&lt;LASTQUERYEXECUTIONBY&gt;MKVI1&lt;/LASTQUERYEXECUTIONBY&gt;&lt;LASTTASKEXECUTEDBY&gt;---&lt;/LASTTASKEXECUTEDBY&gt;&lt;LASTTASKEXECUTION&gt;TimeUnavailable&lt;/LASTTASKEXECUTION&gt;&lt;/Row&gt;&lt;Row&gt;&lt;USER_521ID&gt;MKVI1&lt;/USER_521ID&gt;&lt;user&gt;Viswajith Mk&lt;/user&gt;&lt;team&gt;AL_Ops_MII&lt;/team&gt;&lt;month&gt;December&lt;/month&gt;&lt;year&gt;2022&lt;/year&gt;&lt;date&gt;2&lt;/date&gt;&lt;EntireDateFormat&gt;12/2/22&lt;/EntireDateFormat&gt;&lt;TYPE&gt;LEAVE&lt;/TYPE&gt;&lt;WITHDRAW_FLAG&gt;---&lt;/WITHDRAW_FLAG&gt;&lt;LASTQUERYEXECUTION&gt;2022-11-27T13:06:41&lt;/LASTQUERYEXECUTION&gt;&lt;LASTQUERYEXECUTIONBY&gt;MKVI1&lt;/LASTQUERYEXECUTIONBY&gt;&lt;LASTTASKEXECUTEDBY&gt;---&lt;/LASTTASKEXECUTEDBY&gt;&lt;LASTTASKEXECUTION&gt;TimeUnavailable&lt;/LASTTASKEXECUTION&gt;&lt;/Row&gt;&lt;Row&gt;&lt;USER_521ID&gt;MAHENAB1&lt;/USER_521ID&gt;&lt;user&gt;Abhishek  Mahendrakar&lt;/user&gt;&lt;team&gt;AL_Ops_MII&lt;/team&gt;&lt;month&gt;November&lt;/month&gt;&lt;year&gt;2022&lt;/year&gt;&lt;date&gt;1&lt;/date&gt;&lt;EntireDateFormat&gt;11/1/22&lt;/EntireDateFormat&gt;&lt;TYPE&gt;HOLIDAY&lt;/TYPE&gt;&lt;WITHDRAW_FLAG&gt;---&lt;/WITHDRAW_FLAG&gt;&lt;LASTQUERYEXECUTION&gt;2022-11-28T09:12:43&lt;/LASTQUERYEXECUTION&gt;&lt;LASTQUERYEXECUTIONBY&gt;MAHENAB1&lt;/LASTQUERYEXECUTIONBY&gt;&lt;LASTTASKEXECUTEDBY&gt;---&lt;/LASTTASKEXECUTEDBY&gt;&lt;LASTTASKEXECUTION&gt;TimeUnavailable&lt;/LASTTASKEXECUTION&gt;&lt;/Row&gt;&lt;Row&gt;&lt;USER_521ID&gt;TYAGIMA1&lt;/USER_521ID&gt;&lt;user&gt;Mayank Tyagi&lt;/user&gt;&lt;team&gt;AL_Ops_MII&lt;/team&gt;&lt;month&gt;November&lt;/month&gt;&lt;year&gt;2022&lt;/year&gt;&lt;date&gt;29&lt;/date&gt;&lt;EntireDateFormat&gt;11/29/22&lt;/EntireDateFormat&gt;&lt;TYPE&gt;HOLIDAY&lt;/TYPE&gt;&lt;WITHDRAW_FLAG&gt;---&lt;/WITHDRAW_FLAG&gt;&lt;LASTQUERYEXECUTION&gt;2022-12-15T15:01:37&lt;/LASTQUERYEXECUTION&gt;&lt;LASTQUERYEXECUTIONBY&gt;MKVI1&lt;/LASTQUERYEXECUTIONBY&gt;&lt;LASTTASKEXECUTEDBY&gt;---&lt;/LASTTASKEXECUTEDBY&gt;&lt;LASTTASKEXECUTION&gt;TimeUnavailable&lt;/LASTTASKEXECUTION&gt;&lt;/Row&gt;&lt;Row&gt;&lt;USER_521ID&gt;MIIUSER&lt;/USER_521ID&gt;&lt;user&gt;MII_TEST_USER&lt;/user&gt;&lt;team&gt;AL_Ops_MII&lt;/team&gt;&lt;month&gt;December&lt;/month&gt;&lt;year&gt;2022&lt;/year&gt;&lt;date&gt;1&lt;/date&gt;&lt;EntireDateFormat&gt;12/1/22&lt;/EntireDateFormat&gt;&lt;TYPE&gt;HOLIDAY&lt;/TYPE&gt;&lt;WITHDRAW_FLAG&gt;---&lt;/WITHDRAW_FLAG&gt;&lt;LASTQUERYEXECUTION&gt;2022-11-30T15:56:30&lt;/LASTQUERYEXECUTION&gt;&lt;LASTQUERYEXECUTIONBY&gt;KRISHAJ1&lt;/LASTQUERYEXECUTIONBY&gt;&lt;LASTTASKEXECUTEDBY&gt;---&lt;/LASTTASKEXECUTEDBY&gt;&lt;LASTTASKEXECUTION&gt;TimeUnavailable&lt;/LASTTASKEXECUTION&gt;&lt;/Row&gt;&lt;Row&gt;&lt;USER_521ID&gt;PAMPASU1&lt;/USER_521ID&gt;&lt;user&gt;Subrahmanyam Pampanna&lt;/user&gt;&lt;team&gt;AL_Ops_MII&lt;/team&gt;&lt;month&gt;December&lt;/month&gt;&lt;year&gt;2022&lt;/year&gt;&lt;date&gt;8&lt;/date&gt;&lt;EntireDateFormat&gt;12/8/22&lt;/EntireDateFormat&gt;&lt;TYPE&gt;LEAVE&lt;/TYPE&gt;&lt;WITHDRAW_FLAG&gt;---&lt;/WITHDRAW_FLAG&gt;&lt;LASTQUERYEXECUTION&gt;2022-11-28T17:51:59&lt;/LASTQUERYEXECUTION&gt;&lt;LASTQUERYEXECUTIONBY&gt;PAMPASU1&lt;/LASTQUERYEXECUTIONBY&gt;&lt;LASTTASKEXECUTEDBY&gt;---&lt;/LASTTASKEXECUTEDBY&gt;&lt;LASTTASKEXECUTION&gt;TimeUnavailable&lt;/LASTTASKEXECUTION&gt;&lt;/Row&gt;&lt;Row&gt;&lt;USER_521ID&gt;DARUKTR1&lt;/USER_521ID&gt;&lt;user&gt;Triveni Bharathi Darukumalli&lt;/user&gt;&lt;team&gt;AL_Ops_MFG&lt;/team&gt;&lt;month&gt;December&lt;/month&gt;&lt;year&gt;2022&lt;/year&gt;&lt;date&gt;7&lt;/date&gt;&lt;EntireDateFormat&gt;12/7/22&lt;/EntireDateFormat&gt;&lt;TYPE&gt;LEAVE&lt;/TYPE&gt;&lt;WITHDRAW_FLAG&gt;---&lt;/WITHDRAW_FLAG&gt;&lt;LASTQUERYEXECUTION&gt;2022-11-29T11:44:19&lt;/LASTQUERYEXECUTION&gt;&lt;LASTQUERYEXECUTIONBY&gt;KOTASA5&lt;/LASTQUERYEXECUTIONBY&gt;&lt;LASTTASKEXECUTEDBY&gt;---&lt;/LASTTASKEXECUTEDBY&gt;&lt;LASTTASKEXECUTION&gt;TimeUnavailable&lt;/LASTTASKEXECUTION&gt;&lt;/Row&gt;&lt;Row&gt;&lt;USER_521ID&gt;KUMARVI8&lt;/USER_521ID&gt;&lt;user&gt;Vipul Kumar&lt;/user&gt;&lt;team&gt;AL_Ops_MII&lt;/team&gt;&lt;month&gt;November&lt;/month&gt;&lt;year&gt;2022&lt;/year&gt;&lt;date&gt;18&lt;/date&gt;&lt;EntireDateFormat&gt;11/18/22&lt;/EntireDateFormat&gt;&lt;TYPE&gt;LEAVE&lt;/TYPE&gt;&lt;WITHDRAW_FLAG&gt;---&lt;/WITHDRAW_FLAG&gt;&lt;LASTQUERYEXECUTION&gt;2022-12-16T10:58:54&lt;/LASTQUERYEXECUTION&gt;&lt;LASTQUERYEXECUTIONBY&gt;MKVI1&lt;/LASTQUERYEXECUTIONBY&gt;&lt;LASTTASKEXECUTEDBY&gt;---&lt;/LASTTASKEXECUTEDBY&gt;&lt;LASTTASKEXECUTION&gt;TimeUnavailable&lt;/LASTTASKEXECUTION&gt;&lt;/Row&gt;&lt;Row&gt;&lt;USER_521ID&gt;KUMARSAK&lt;/USER_521ID&gt;&lt;user&gt;Sourabh Kumar&lt;/user&gt;&lt;team&gt;AL_Ops_MII&lt;/team&gt;&lt;month&gt;November&lt;/month&gt;&lt;year&gt;2022&lt;/year&gt;&lt;date&gt;24&lt;/date&gt;&lt;EntireDateFormat&gt;11/24/22&lt;/EntireDateFormat&gt;&lt;TYPE&gt;HOLIDAY&lt;/TYPE&gt;&lt;WITHDRAW_FLAG&gt;---&lt;/WITHDRAW_FLAG&gt;&lt;LASTQUERYEXECUTION&gt;2022-12-16T10:59:32&lt;/LASTQUERYEXECUTION&gt;&lt;LASTQUERYEXECUTIONBY&gt;MKVI1&lt;/LASTQUERYEXECUTIONBY&gt;&lt;LASTTASKEXECUTEDBY&gt;---&lt;/LASTTASKEXECUTEDBY&gt;&lt;LASTTASKEXECUTION&gt;TimeUnavailable&lt;/LASTTASKEXECUTION&gt;&lt;/Row&gt;&lt;Row&gt;&lt;USER_521ID&gt;MAHENAB1&lt;/USER_521ID&gt;&lt;user&gt;Abhishek  Mahendrakar&lt;/user&gt;&lt;team&gt;AL_Ops_MII&lt;/team&gt;&lt;month&gt;December&lt;/month&gt;&lt;year&gt;2022&lt;/year&gt;&lt;date&gt;30&lt;/date&gt;&lt;EntireDateFormat&gt;12/30/22&lt;/EntireDateFormat&gt;&lt;TYPE&gt;LEAVE&lt;/TYPE&gt;&lt;WITHDRAW_FLAG&gt;---&lt;/WITHDRAW_FLAG&gt;&lt;LASTQUERYEXECUTION&gt;2022-12-21T08:08:01&lt;/LASTQUERYEXECUTION&gt;&lt;LASTQUERYEXECUTIONBY&gt;MAHENAB1&lt;/LASTQUERYEXECUTIONBY&gt;&lt;LASTTASKEXECUTEDBY&gt;---&lt;/LASTTASKEXECUTEDBY&gt;&lt;LASTTASKEXECUTION&gt;TimeUnavailable&lt;/LASTTASKEXECUTION&gt;&lt;/Row&gt;&lt;Row&gt;&lt;USER_521ID&gt;PAMPASU1&lt;/USER_521ID&gt;&lt;user&gt;Subrahmanyam Pampanna&lt;/user&gt;&lt;team&gt;AL_Ops_MII&lt;/team&gt;&lt;month&gt;December&lt;/month&gt;&lt;year&gt;2022&lt;/year&gt;&lt;date&gt;9&lt;/date&gt;&lt;EntireDateFormat&gt;12/9/22&lt;/EntireDateFormat&gt;&lt;TYPE&gt;LEAVE&lt;/TYPE&gt;&lt;WITHDRAW_FLAG&gt;---&lt;/WITHDRAW_FLAG&gt;&lt;LASTQUERYEXECUTION&gt;2022-11-28T17:51:59&lt;/LASTQUERYEXECUTION&gt;&lt;LASTQUERYEXECUTIONBY&gt;PAMPASU1&lt;/LASTQUERYEXECUTIONBY&gt;&lt;LASTTASKEXECUTEDBY&gt;---&lt;/LASTTASKEXECUTEDBY&gt;&lt;LASTTASKEXECUTION&gt;TimeUnavailable&lt;/LASTTASKEXECUTION&gt;&lt;/Row&gt;&lt;Row&gt;&lt;USER_521ID&gt;KUMARSAK&lt;/USER_521ID&gt;&lt;user&gt;Sourabh Kumar&lt;/user&gt;&lt;team&gt;AL_Ops_MII&lt;/team&gt;&lt;month&gt;November&lt;/month&gt;&lt;year&gt;2022&lt;/year&gt;&lt;date&gt;18&lt;/date&gt;&lt;EntireDateFormat&gt;11/18/22&lt;/EntireDateFormat&gt;&lt;TYPE&gt;LEAVE&lt;/TYPE&gt;&lt;WITHDRAW_FLAG&gt;---&lt;/WITHDRAW_FLAG&gt;&lt;LASTQUERYEXECUTION&gt;2022-12-16T10:59:32&lt;/LASTQUERYEXECUTION&gt;&lt;LASTQUERYEXECUTIONBY&gt;MKVI1&lt;/LASTQUERYEXECUTIONBY&gt;&lt;LASTTASKEXECUTEDBY&gt;---&lt;/LASTTASKEXECUTEDBY&gt;&lt;LASTTASKEXECUTION&gt;TimeUnavailable&lt;/LASTTASKEXECUTION&gt;&lt;/Row&gt;&lt;Row&gt;&lt;USER_521ID&gt;KUMARVI8&lt;/USER_521ID&gt;&lt;user&gt;Vipul Kumar&lt;/user&gt;&lt;team&gt;AL_Ops_MII&lt;/team&gt;&lt;month&gt;November&lt;/month&gt;&lt;year&gt;2022&lt;/year&gt;&lt;date&gt;2&lt;/date&gt;&lt;EntireDateFormat&gt;11/2/22&lt;/EntireDateFormat&gt;&lt;TYPE&gt;HOLIDAY&lt;/TYPE&gt;&lt;WITHDRAW_FLAG&gt;---&lt;/WITHDRAW_FLAG&gt;&lt;LASTQUERYEXECUTION&gt;2022-12-16T10:05:58&lt;/LASTQUERYEXECUTION&gt;&lt;LASTQUERYEXECUTIONBY&gt;MKVI1&lt;/LASTQUERYEXECUTIONBY&gt;&lt;LASTTASKEXECUTEDBY&gt;---&lt;/LASTTASKEXECUTEDBY&gt;&lt;LASTTASKEXECUTION&gt;TimeUnavailable&lt;/LASTTASKEXECUTION&gt;&lt;/Row&gt;&lt;Row&gt;&lt;USER_521ID&gt;TYAGIMA1&lt;/USER_521ID&gt;&lt;user&gt;Mayank Tyagi&lt;/user&gt;&lt;team&gt;AL_Ops_MII&lt;/team&gt;&lt;month&gt;December&lt;/month&gt;&lt;year&gt;2022&lt;/year&gt;&lt;date&gt;30&lt;/date&gt;&lt;EntireDateFormat&gt;12/30/22&lt;/EntireDateFormat&gt;&lt;TYPE&gt;LEAVE&lt;/TYPE&gt;&lt;WITHDRAW_FLAG&gt;---&lt;/WITHDRAW_FLAG&gt;&lt;LASTQUERYEXECUTION&gt;2022-12-20T13:19:19&lt;/LASTQUERYEXECUTION&gt;&lt;LASTQUERYEXECUTIONBY&gt;MKVI1&lt;/LASTQUERYEXECUTIONBY&gt;&lt;LASTTASKEXECUTEDBY&gt;---&lt;/LASTTASKEXECUTEDBY&gt;&lt;LASTTASKEXECUTION&gt;TimeUnavailable&lt;/LASTTASKEXECUTION&gt;&lt;/Row&gt;&lt;/Rowset&gt;&lt;/Rowsets&gt;</Results><TagList/><ResultSet/><QueryEndDate>2022-12-23T13:40:40</QueryEndDate></Value><SchemaURI/><SchemaElement/><ValidateXMLOnExecution>1</ValidateXMLOnExecution><ReadOnly>false</ReadOnly><AlertXMLAssigned>false</AlertXMLAssigned></ContextItem><ContextItem><Name>Team_names_0</Name><Description/><MinRange>0</MinRange><MaxRange>0</MaxRange><Value xsi:type="IlluminatorMDOQueryObject"><Timeout>60</Timeout><Format>text/xml</Format><QueryParameters/><ResultsAsString/><QueryStartDate>2022-12-23T13:45:47</QueryStartDate><SQLTransaction/><QueryTemplate>Default/Viswajith/MKVI1/queries/Team_names</QueryTemplate><Results><ReferenceDocumentSource/>&lt;?xml version="1.0" encoding="UTF-8"?&gt;&lt;Rowsets CachedTime="" DateCreated="2022-12-23T08:15:47" EndDate="2022-12-23T08:15:47" StartDate="2022-12-23T07:15:47" Version="15.4 SP1 Patch 7 (Mar 2, 2021)"&gt;&lt;Rowset&gt;&lt;Columns&gt;&lt;Column Description="" MaxRange="100" MinRange="0" Name="Team_Name" SQLDataType="12" SourceColumn="Team_Name"/&gt;&lt;/Columns&gt;&lt;Row&gt;&lt;Team_Name&gt;AL_Ops_MII&lt;/Team_Name&gt;&lt;/Row&gt;&lt;Row&gt;&lt;Team_Name&gt;AL_Ops_MFG&lt;/Team_Name&gt;&lt;/Row&gt;&lt;Row&gt;&lt;Team_Name&gt;AL_Ops_BASIS&lt;/Team_Name&gt;&lt;/Row&gt;&lt;Row&gt;&lt;Team_Name&gt;AL_OPS_UAM&lt;/Team_Name&gt;&lt;/Row&gt;&lt;Row&gt;&lt;Team_Name&gt;AL_OPS_SCM&lt;/Team_Name&gt;&lt;/Row&gt;&lt;Row&gt;&lt;Team_Name&gt;AL_OPS_PI&lt;/Team_Name&gt;&lt;/Row&gt;&lt;Row&gt;&lt;Team_Name&gt;AL_OPS_FIPRC&lt;/Team_Name&gt;&lt;/Row&gt;&lt;Row&gt;&lt;Team_Name&gt;AL_OPS_ABAP&lt;/Team_Name&gt;&lt;/Row&gt;&lt;Row&gt;&lt;Team_Name&gt;AL_Dev_MII&lt;/Team_Name&gt;&lt;/Row&gt;&lt;/Rowset&gt;&lt;/Rowsets&gt;</Results><TagList/><ResultSet/><QueryEndDate>2022-12-23T13:45:47</QueryEndDate></Value><SchemaURI/><SchemaElement/><ValidateXMLOnExecution>1</ValidateXMLOnExecution><ReadOnly>false</ReadOnly><AlertXMLAssigned>false</AlertXMLAssigned></ContextItem><ContextItem><Name>Repeater_0</Name><Description/><MinRange>0</MinRange><MaxRange>0</MaxRange><Value xsi:type="RepeaterAction"><Output><ReferenceDocumentSource/>&lt;?xml version="1.0" encoding="UTF-8"?&gt;&lt;Row&gt;&lt;Team_Name&gt;AL_Ops_MII&lt;/Team_Name&gt;&lt;/Row&gt;</Output><Break>false</Break><ItemCount>0</ItemCount><CurrentItem>0</CurrentItem><Source>Team_names_0.Results{/Rowsets/Rowset/Row}</Source><Item><ReferenceDocumentSource/>&lt;?xml version="1.0" encoding="UTF-8"?&gt;&lt;Row&gt;&lt;Team_Name&gt;AL_Ops_MII&lt;/Team_Name&gt;&lt;/Row&gt;</Item></Value><SchemaURI/><SchemaElement/><ValidateXMLOnExecution>1</ValidateXMLOnExecution><SchemaURI/><SchemaElement/><ValidateXMLOnExecution>1</ValidateXMLOnExecution><ReadOnly>false</ReadOnly><AlertXMLAssigned>false</AlertXMLAssigned></ContextItem><ContextItem><Name>Generic_Sort_Filter_0</Name><Description/><MinRange>0</MinRange><MaxRange>0</MaxRange><Value xsi:type="GenericSortFilter"><Source>Get_Leave_Details_0.Results</Source><Output><ReferenceDocumentSource/>&lt;?xml version="1.0" encoding="UTF-8"?&gt;&lt;Rowsets CachedTime="" DateCreated="2022-12-23T08:10:40" EndDate="2022-12-23T08:10:40" StartDate="2022-12-23T07:10:40" Version="15.4 SP1 Patch 7 (Mar 2, 2021)"&gt;&lt;Rowset&gt;&lt;Columns&gt;&lt;Column Description="" MaxRange="100" MinRange="0" Name="USER_521ID" SQLDataType="12" SourceColumn="USER_521ID"/&gt;&lt;Column Description="" MaxRange="100" MinRange="0" Name="user" SQLDataType="12" SourceColumn="user"/&gt;&lt;Column Description="" MaxRange="100" MinRange="0" Name="team" SQLDataType="12" SourceColumn="team"/&gt;&lt;Column Description="" MaxRange="100" MinRange="0" Name="month" SQLDataType="12" SourceColumn="month"/&gt;&lt;Column Description="" MaxRange="100" MinRange="0" Name="year" SQLDataType="4" SourceColumn="year"/&gt;&lt;Column Description="" MaxRange="100" MinRange="0" Name="date" SQLDataType="4" SourceColumn="date"/&gt;&lt;Column Description="" MaxRange="100" MinRange="0" Name="EntireDateFormat" SQLDataType="12" SourceColumn="EntireDateFormat"/&gt;&lt;Column Description="" MaxRange="100" MinRange="0" Name="TYPE" SQLDataType="12" SourceColumn="TYPE"/&gt;&lt;Column Description="" MaxRange="100" MinRange="0" Name="WITHDRAW_FLAG" SQLDataType="12" SourceColumn="WITHDRAW_FLAG"/&gt;&lt;Column Description="LASTQUERYEXECUTION" MaxRange="1" MinRange="0" Name="LASTQUERYEXECUTION" SQLDataType="93" SourceColumn="LASTQUERYEXECUTION"/&gt;&lt;Column Description="LASTQUERYEXECUTIONBY" MaxRange="1" MinRange="0" Name="LASTQUERYEXECUTIONBY" SQLDataType="12" SourceColumn="LASTQUERYEXECUTIONBY"/&gt;&lt;Column Description="LASTTASKEXECUTEDBY" MaxRange="1" MinRange="0" Name="LASTTASKEXECUTEDBY" SQLDataType="12" SourceColumn="LASTTASKEXECUTEDBY"/&gt;&lt;Column Description="LASTTASKEXECUTION" MaxRange="1" MinRange="0" Name="LASTTASKEXECUTION" SQLDataType="93" SourceColumn="LASTTASKEXECUTION"/&gt;&lt;/Columns&gt;&lt;Row&gt;&lt;USER_521ID/&gt;&lt;user/&gt;&lt;team/&gt;&lt;month/&gt;&lt;year/&gt;&lt;date/&gt;&lt;EntireDateFormat/&gt;&lt;TYPE/&gt;&lt;WITHDRAW_FLAG/&gt;&lt;LASTQUERYEXECUTION/&gt;&lt;LASTQUERYEXECUTIONBY/&gt;&lt;LASTTASKEXECUTEDBY/&gt;&lt;LASTTASKEXECUTION/&gt;&lt;/Row&gt;&lt;/Rowset&gt;&lt;/Rowsets&gt;</Output><FilterCondition4>=</FilterCondition4><FilterCondition1>=</FilterCondition1><FilterCondition2>=</FilterCondition2><FilterCondition3>=</FilterCondition3><SortOrder1>ASCENDING</SortOrder1><SortColumn1/><FilterColumn1/><FilterType1>text</FilterType1><FilterValue1/><SortType1>text</SortType1><FilterColumn3/><FilterValue2/><SortColumn3/><FilterType3>text</FilterType3><SortColumn4/><FilterColumn2/><SortType4>text</SortType4><FilterType2>text</FilterType2><SortOrder3>ASCENDING</SortOrder3><SortOrder4>ASCENDING</SortOrder4><FilterColumn4/><SortType2>text</SortType2><SortColumn2/><FilterValue3/><SortOrder2>ASCENDING</SortOrder2><SortType3>text</SortType3><FilterType4>text</FilterType4><FilterValue4/></Value><SchemaURI/><SchemaElement/><ValidateXMLOnExecution>1</ValidateXMLOnExecution><ReadOnly>false</ReadOnly><AlertXMLAssigned>false</AlertXMLAssigned></ContextItem><ContextItem><Name>Repeater_1</Name><Description/><MinRange>0</MinRange><MaxRange>0</MaxRange><Value xsi:type="RepeaterAction"><Output><ReferenceDocumentSource/>&lt;?xml version="1.0" encoding="UTF-8"?&gt;&lt;Row&gt;&lt;USER_521ID/&gt;&lt;user/&gt;&lt;team/&gt;&lt;month/&gt;&lt;year/&gt;&lt;date/&gt;&lt;EntireDateFormat/&gt;&lt;TYPE/&gt;&lt;WITHDRAW_FLAG/&gt;&lt;LASTQUERYEXECUTION/&gt;&lt;LASTQUERYEXECUTIONBY/&gt;&lt;LASTTASKEXECUTEDBY/&gt;&lt;LASTTASKEXECUTION/&gt;&lt;/Row&gt;</Output><Break>false</Break><ItemCount>0</ItemCount><CurrentItem>0</CurrentItem><Source>Generic_Sort_Filter_0.Output{/Rowsets/Rowset/Row}</Source><Item><ReferenceDocumentSource/>&lt;?xml version="1.0" encoding="UTF-8"?&gt;&lt;Row&gt;&lt;USER_521ID/&gt;&lt;user/&gt;&lt;team/&gt;&lt;month/&gt;&lt;year/&gt;&lt;date/&gt;&lt;EntireDateFormat/&gt;&lt;TYPE/&gt;&lt;WITHDRAW_FLAG/&gt;&lt;LASTQUERYEXECUTION/&gt;&lt;LASTQUERYEXECUTIONBY/&gt;&lt;LASTTASKEXECUTEDBY/&gt;&lt;LASTTASKEXECUTION/&gt;&lt;/Row&gt;</Item></Value><SchemaURI/><SchemaElement/><ValidateXMLOnExecution>1</ValidateXMLOnExecution><SchemaURI/><SchemaElement/><ValidateXMLOnExecution>1</ValidateXMLOnExecution><ReadOnly>false</ReadOnly><AlertXMLAssigned>false</AlertXMLAssigned></ContextItem><ContextItem><Name>Assignment_0</Name><Description/><MinRange>0</MinRange><MaxRange>0</MaxRange><Value xsi:type="Assignment"/><ReadOnly>false</ReadOnly><AlertXMLAssigned>false</AlertXMLAssigned></ContextItem><ContextItem><Name>Conditional_0</Name><Description/><MinRange>0</MinRange><MaxRange>0</MaxRange><Value xsi:type="ConditionalAction"><Output>false</Output><InputCount>1</InputCount><LogicalAnd>false</LogicalAnd><Input1>false</Input1></Value><ReadOnly>false</ReadOnly><AlertXMLAssigned>false</AlertXMLAssigned></ContextItem><ContextItem><Name>Conditional_1</Name><Description/><MinRange>0</MinRange><MaxRange>0</MaxRange><Value xsi:type="ConditionalAction"><Output>false</Output><InputCount>1</InputCount><LogicalAnd>false</LogicalAnd><Input1>false</Input1></Value><ReadOnly>false</ReadOnly><AlertXMLAssigned>false</AlertXMLAssigned></ContextItem><ContextItem><Name>Assignment_1</Name><Description/><MinRange>0</MinRange><MaxRange>0</MaxRange><Value xsi:type="Assignment"/><ReadOnly>false</ReadOnly><AlertXMLAssigned>false</AlertXMLAssigned></ContextItem><ContextItem><Name>Send_Mail_0</Name><Description/><MinRange>0</MinRange><MaxRange>0</MaxRange><Value xsi:type="SendMail"><ConnPropAlias>EMAIL</ConnPropAlias><CredentialAlias>Email</CredentialAlias><MailServer>mailrelay.alcon.net</MailServer><MailAccount/><MailAccountPassword/><Attachment/><AttachmentContent/><AttachmentMimeType>text/plain</AttachmentMimeType><ConnectionTimeout>60</ConnectionTimeout><SendTimeout>60</SendTimeout><Port>25</Port><ToAddress/><CCAddress/><BCCAddress/><FromAddress/><Subject/><Message/><MessageMimeType>text/plain</MessageMimeType><Charset>UTF-8</Charset><AuthenticationRequired>true</AuthenticationRequired><EnableSSL>false</EnableSSL><EnableSTARTTLS>false</EnableSTARTTLS></Value><ReadOnly>false</ReadOnly><AlertXMLAssigned>false</AlertXMLAssigned></ContextItem></Actions><ReaderRoles>SAP_XMII_Super_Administrator,SAP_XMII_Administrator,SAP_XMII_Developer,SAP_XMII_User</ReaderRoles><Steps><Step xsi:type="ActionSequence"><Name>Sequence</Name><Description/><Steps><Step xsi:type="ActionSequence"><Name>Sequence_0</Name><Description/><Steps><Step xsi:type="ActionSequence"><Name>Sequence_2</Name><Description/><Steps><Step xsi:type="Repeater"><Name>Sequence_3</Name><Description/><Steps><Step xsi:type="ActionSequence"><Name>Sequence_5</Name><Description/><Steps><Step xsi:type="ActionSequence"><Name>Sequence_8</Name><Description/><Steps><Step xsi:type="Repeater"><Name>Sequence_6</Name><Description/><Steps><Step xsi:type="Conditional"><Name>Sequence_9</Name><Description/><Steps><Step xsi:type="ActionSequence"><Name>Sequence_7</Name><Description/><Steps/><Actions><Action><Name>Assignment_0</Name><Description> </Description><Expiration/><IncomingLinks/><OutgoingLinks><Assign xsi:type="Assign"><Name/><Description/><To>Local.leaveusers</To><From>stringif(Local.leaveusers=="", Repeater_1.Output{/Row/user},Local.leaveusers&amp;","&amp;Repeater_1.Output{/Row/user} )</From></Assign></OutgoingLinks></Action></Actions></Step></Steps><Actions><Action><Name>Conditional_0</Name><Description> </Description><Expiration>Sequence_4</Expiration><IncomingLinks><Assign xsi:type="Assign"><Name/><Description/><To>Conditional_0.Input1</To><From>Repeater_1.Output{/Row/date}==number(stringpart(dateadddays(datenow,1), 9, 2))

</From></Assign></IncomingLinks><OutgoingLinks/></Action></Actions></Step><Step xsi:type="Conditional"><Name>Sequence_4</Name><Description/><Steps><Step xsi:type="ActionSequence"><Name>Sequence_11</Name><Description/><Steps/><Actions><Action><Name>Send_Mail_0</Name><Description> </Description><Expiration>Sequence_15</Expiration><IncomingLinks><Assign xsi:type="Assign"><Name/><Description/><To>Send_Mail_0.ToAddress</To><From>getvaluefromMap(Local.tomailteams, Repeater_0.Output{/Row/Team_Name})</From></Assign><Assign xsi:type="Assign"><Name/><Description/><To>Send_Mail_0.Subject</To><From>Local.emailsubject</From></Assign><Assign xsi:type="Assign"><Name/><Description/><To>Send_Mail_0.Message</To><From>"Hello Team,"&amp;crlf&amp;crlf&amp;
"Good Day!"&amp;crlf&amp;

"Your Colleague "&amp;Local.leaveusers&amp; " is on Leave Tomorrow ("&amp;stringpart(dateadddays(datenow,1), 1, 10)&amp;") Please Align with your Teammates if any  Backup is required !!"&amp;crlf&amp;crlf&amp;crlf&amp;
"**This is an Automated Mail Alert from Leave Tracker Interface.Please Dont Reply!**"
</From></Assign><Assign xsi:type="Assign"><Name/><Description/><To>Send_Mail_0.FromAddress</To><From>getvaluefromMap(Local.fromdlteams, Repeater_0.Output{/Row/Team_Name})</From></Assign><Assign xsi:type="Assign"><Name/><Description/><To>Send_Mail_0.CCAddress</To><From>"viswajith.mk@alcon.com"</From></Assign></IncomingLinks><OutgoingLinks/></Action></Actions></Step><Step xsi:type="ActionSequence"><Name>Sequence_15</Name><Description/><Steps/><Actions/></Step></Steps><Actions><Action><Name>Conditional_1</Name><Description> </Description><Expiration>Sequence_11</Expiration><IncomingLinks><Assign xsi:type="Assign"><Name/><Description/><To>Conditional_1.Input1</To><From>stringlength(Local.leaveusers)&gt;0</From></Assign></IncomingLinks><OutgoingLinks/></Action></Actions></Step><Step xsi:type="ActionSequence"><Name>Sequence_10</Name><Description/><Steps/><Actions><Action><Name>Assignment_1</Name><Description> </Description><Expiration>Sequence_1</Expiration><IncomingLinks/><OutgoingLinks><Assign xsi:type="Assign"><Name/><Description/><To>Local.leaveusers</To><From>""</From></Assign></OutgoingLinks></Action></Actions></Step></Steps><Actions><Action><Name>Repeater_1</Name><Description> </Description><Expiration/><IncomingLinks/><OutgoingLinks/></Action></Actions></Step></Steps><Actions/></Step></Steps><Actions><Action><Name>Generic_Sort_Filter_0</Name><Description>Provides sorting and filtering functionality</Description><Expiration/><IncomingLinks><Assign xsi:type="Assign"><Name/><Description/><To>Generic_Sort_Filter_0.FilterColumn1</To><From>"team"</From></Assign><Assign xsi:type="Assign"><Name/><Description/><To>Generic_Sort_Filter_0.FilterValue1</To><From>Repeater_0.Output{/Row/Team_Name}</From></Assign><Assign xsi:type="Assign"><Name/><Description/><To>Generic_Sort_Filter_0.FilterColumn2</To><From>"month"</From></Assign><Assign xsi:type="Assign"><Name/><Description/><To>Generic_Sort_Filter_0.FilterColumn3</To><From>"year"</From></Assign><Assign xsi:type="Assign"><Name/><Description/><To>Generic_Sort_Filter_0.FilterValue2</To><From>"December"</From></Assign><Assign xsi:type="Assign"><Name/><Description/><To>Generic_Sort_Filter_0.FilterValue3</To><From>stringpart(datenow, 1, 4)</From></Assign></IncomingLinks><OutgoingLinks/></Action></Actions></Step></Steps><Actions><Action><Name>Repeater_0</Name><Description> </Description><Expiration>Sequence_15</Expiration><IncomingLinks/><OutgoingLinks/></Action></Actions></Step></Steps><Actions><Action><Name>Team_names_0</Name><Description>MDO Query</Description><Expiration>Sequence_5</Expiration><IncomingLinks/><OutgoingLinks/></Action></Actions></Step></Steps><Actions><Action><Name>Get_Leave_Details_0</Name><Description>MDO Query</Description><Expiration>Sequence_8</Expiration><IncomingLinks/><OutgoingLinks/></Action></Actions></Step><Step xsi:type="Catch"><Name>Sequence_1</Name><Description/><Steps/><Actions><Action><Name>Catch_0</Name><Description>Catches an exception</Description><Expiration/><IncomingLinks/><OutgoingLinks/></Action></Actions></Step></Steps><Actions><Action><Name>Exception_Enabler_0</Name><Description>Enables exceptions.</Description><Expiration>Sequence_0</Expiration><IncomingLinks/><OutgoingLinks/></Action></Actions></Step></Steps></Transaction>