<?xml version="1.0" encoding="UTF-8" standalone="no"?><Transaction xmlns:xsd="http://www.w3.org/2001/XMLSchema" xmlns:xsi="http://www.w3.org/2001/XMLSchema-instance" Version="15.4.1.7"><TransactionAttributes><ContextItem><Name>Description</Name><Description>Transaction Description</Description><MinRange>0</MinRange><MaxRange>0</MaxRange><Value xsi:type="string"/><ReadOnly>true</ReadOnly><AlertXMLAssigned>false</AlertXMLAssigned></ContextItem><ContextItem><Name>Comments</Name><Description>User Comments</Description><MinRange>0</MinRange><MaxRange>0</MaxRange><Value xsi:type="string"/><ReadOnly>true</ReadOnly><AlertXMLAssigned>false</AlertXMLAssigned></ContextItem><ContextItem><Name>CreatedBy</Name><Description>Created By</Description><MinRange>0</MinRange><MaxRange>0</MaxRange><Value xsi:type="string">MKVI1</Value><ReadOnly>true</ReadOnly><AlertXMLAssigned>false</AlertXMLAssigned></ContextItem><ContextItem><Name>CreationDate</Name><Description>Creation Date</Description><MinRange>0</MinRange><MaxRange>0</MaxRange><Value xsi:type="dateTime">2022-11-19T21:27:35</Value><ReadOnly>true</ReadOnly><AlertXMLAssigned>false</AlertXMLAssigned></ContextItem><ContextItem><Name>Category</Name><Description>Transaction Category</Description><MinRange>0</MinRange><MaxRange>0</MaxRange><Value xsi:type="string"/><ReadOnly>true</ReadOnly><AlertXMLAssigned>false</AlertXMLAssigned></ContextItem><ContextItem><Name>Status</Name><Description>Deployment Status</Description><MinRange>0</MinRange><MaxRange>0</MaxRange><Value xsi:type="string">DEVELOPMENT</Value><ReadOnly>true</ReadOnly><AlertXMLAssigned>false</AlertXMLAssigned></ContextItem><ContextItem><Name>LegacyProcessingMode</Name><Description>Support the pre MII 12.1 Transaction Engine.</Description><MinRange>0</MinRange><MaxRange>0</MaxRange><Value xsi:type="boolean">0</Value><ReadOnly>true</ReadOnly><AlertXMLAssigned>false</AlertXMLAssigned></ContextItem><ContextItem><Name>AutoAppendBlankNamespaces</Name><Description>AutoAppendBlankNamespaces</Description><MinRange>0</MinRange><MaxRange>0</MaxRange><Value xsi:type="boolean">1</Value><ReadOnly>true</ReadOnly><AlertXMLAssigned>false</AlertXMLAssigned></ContextItem><ContextItem><Name>ThrowOnLinkError</Name><Description>Throws an exception when a link error occures</Description><MinRange>0</MinRange><MaxRange>0</MaxRange><Value xsi:type="boolean">0</Value><ReadOnly>true</ReadOnly><AlertXMLAssigned>false</AlertXMLAssigned></ContextItem><ContextItem><Name>ThrowOnActionError</Name><Description>Throws an exception when an action error occurs</Description><MinRange>0</MinRange><MaxRange>0</MaxRange><Value xsi:type="boolean">1</Value><ReadOnly>true</ReadOnly><AlertXMLAssigned>false</AlertXMLAssigned></ContextItem><ContextItem><Name>FormatXMLOnConversion</Name><Description>By default XML will be formatted when assigned from XML data type to String data type. This behaviour can be changed with this flag.</Description><MinRange>0</MinRange><MaxRange>0</MaxRange><Value xsi:type="boolean">1</Value><ReadOnly>true</ReadOnly><AlertXMLAssigned>false</AlertXMLAssigned></ContextItem><ContextItem><Name>LastEditedBy</Name><Description>Last Edited By</Description><MinRange>0</MinRange><MaxRange>0</MaxRange><Value xsi:type="xsd:string">MKVI1</Value><ReadOnly>true</ReadOnly><AlertXMLAssigned>false</AlertXMLAssigned></ContextItem><ContextItem><Name>LastEditedDate</Name><Description>Last Edited Date</Description><MinRange>0</MinRange><MaxRange>0</MaxRange><Value xsi:type="xsd:dateTime">2022-12-16T15:28:50</Value><ReadOnly>true</ReadOnly><AlertXMLAssigned>false</AlertXMLAssigned></ContextItem></TransactionAttributes><Name>Default/Viswajith/MKVI1/transactions/Save_LeaveDetails</Name><Version>163</Version><WriterRoles>SAP_XMII_Super_Administrator,SAP_XMII_Administrator,SAP_XMII_Developer</WriterRoles><Context><ContextItem><Name>checkboxvalue1</Name><Description/><MinRange>0</MinRange><MaxRange>0</MaxRange><Value xsi:type="string">LEAVE</Value><ReadOnly>false</ReadOnly><AlertXMLAssigned>false</AlertXMLAssigned></ContextItem><ContextItem><Name>checkboxvalue10</Name><Description/><MinRange>0</MinRange><MaxRange>0</MaxRange><Value xsi:type="string">LEAVE</Value><ReadOnly>false</ReadOnly><AlertXMLAssigned>false</AlertXMLAssigned></ContextItem><ContextItem><Name>checkboxvalue2</Name><Description/><MinRange>0</MinRange><MaxRange>0</MaxRange><Value xsi:type="string">LEAVE</Value><ReadOnly>false</ReadOnly><AlertXMLAssigned>false</AlertXMLAssigned></ContextItem><ContextItem><Name>checkboxvalue3</Name><Description/><MinRange>0</MinRange><MaxRange>0</MaxRange><Value xsi:type="string">LEAVE</Value><ReadOnly>false</ReadOnly><AlertXMLAssigned>false</AlertXMLAssigned></ContextItem><ContextItem><Name>checkboxvalue4</Name><Description/><MinRange>0</MinRange><MaxRange>0</MaxRange><Value xsi:type="string">LEAVE</Value><ReadOnly>false</ReadOnly><AlertXMLAssigned>false</AlertXMLAssigned></ContextItem><ContextItem><Name>checkboxvalue5</Name><Description/><MinRange>0</MinRange><MaxRange>0</MaxRange><Value xsi:type="string">LEAVE</Value><ReadOnly>false</ReadOnly><AlertXMLAssigned>false</AlertXMLAssigned></ContextItem><ContextItem><Name>checkboxvalue6</Name><Description/><MinRange>0</MinRange><MaxRange>0</MaxRange><Value xsi:type="string">LEAVE</Value><ReadOnly>false</ReadOnly><AlertXMLAssigned>false</AlertXMLAssigned></ContextItem><ContextItem><Name>checkboxvalue7</Name><Description/><MinRange>0</MinRange><MaxRange>0</MaxRange><Value xsi:type="string">LEAVE</Value><ReadOnly>false</ReadOnly><AlertXMLAssigned>false</AlertXMLAssigned></ContextItem><ContextItem><Name>checkboxvalue8</Name><Description/><MinRange>0</MinRange><MaxRange>0</MaxRange><Value xsi:type="string">LEAVE</Value><ReadOnly>false</ReadOnly><AlertXMLAssigned>false</AlertXMLAssigned></ContextItem><ContextItem><Name>checkboxvalue9</Name><Description/><MinRange>0</MinRange><MaxRange>0</MaxRange><Value xsi:type="string">LEAVE</Value><ReadOnly>false</ReadOnly><AlertXMLAssigned>false</AlertXMLAssigned></ContextItem><ContextItem><Name>date1</Name><Description/><MinRange>0</MinRange><MaxRange>0</MaxRange><Value xsi:type="string">12/3/22</Value><ReadOnly>false</ReadOnly><AlertXMLAssigned>false</AlertXMLAssigned></ContextItem><ContextItem><Name>date10</Name><Description/><MinRange>0</MinRange><MaxRange>0</MaxRange><Value xsi:type="string">12/5/22</Value><ReadOnly>false</ReadOnly><AlertXMLAssigned>false</AlertXMLAssigned></ContextItem><ContextItem><Name>date2</Name><Description/><MinRange>0</MinRange><MaxRange>0</MaxRange><Value xsi:type="string">12/6/22</Value><ReadOnly>false</ReadOnly><AlertXMLAssigned>false</AlertXMLAssigned></ContextItem><ContextItem><Name>date3</Name><Description/><MinRange>0</MinRange><MaxRange>0</MaxRange><Value xsi:type="string"/><ReadOnly>false</ReadOnly><AlertXMLAssigned>false</AlertXMLAssigned></ContextItem><ContextItem><Name>date4</Name><Description/><MinRange>0</MinRange><MaxRange>0</MaxRange><Value xsi:type="string"/><ReadOnly>false</ReadOnly><AlertXMLAssigned>false</AlertXMLAssigned></ContextItem><ContextItem><Name>date5</Name><Description/><MinRange>0</MinRange><MaxRange>0</MaxRange><Value xsi:type="string"/><ReadOnly>false</ReadOnly><AlertXMLAssigned>false</AlertXMLAssigned></ContextItem><ContextItem><Name>date6</Name><Description/><MinRange>0</MinRange><MaxRange>0</MaxRange><Value xsi:type="string"/><ReadOnly>false</ReadOnly><AlertXMLAssigned>false</AlertXMLAssigned></ContextItem><ContextItem><Name>date7</Name><Description/><MinRange>0</MinRange><MaxRange>0</MaxRange><Value xsi:type="string"/><ReadOnly>false</ReadOnly><AlertXMLAssigned>false</AlertXMLAssigned></ContextItem><ContextItem><Name>date8</Name><Description/><MinRange>0</MinRange><MaxRange>0</MaxRange><Value xsi:type="string"/><ReadOnly>false</ReadOnly><AlertXMLAssigned>false</AlertXMLAssigned></ContextItem><ContextItem><Name>date9</Name><Description/><MinRange>0</MinRange><MaxRange>0</MaxRange><Value xsi:type="string"/><ReadOnly>false</ReadOnly><AlertXMLAssigned>false</AlertXMLAssigned></ContextItem><ContextItem><Name>saveStatus</Name><Description/><MinRange>0</MinRange><MaxRange>0</MaxRange><Value xsi:type="string">Leave Deatails Saved Successfully!!!</Value><ReadOnly>true</ReadOnly><AlertXMLAssigned>false</AlertXMLAssigned></ContextItem><ContextItem><Name>status</Name><Description/><MinRange>0</MinRange><MaxRange>0</MaxRange><Value xsi:type="string"/><ReadOnly>true</ReadOnly><AlertXMLAssigned>false</AlertXMLAssigned></ContextItem><ContextItem><Name>Team</Name><Description/><MinRange>0</MinRange><MaxRange>0</MaxRange><Value xsi:type="string">ERPIT_OPS_SAP_MII_EXT</Value><ReadOnly>false</ReadOnly><AlertXMLAssigned>false</AlertXMLAssigned></ContextItem><ContextItem><Name>totaldaysofleave</Name><Description/><MinRange>0</MinRange><MaxRange>0</MaxRange><Value xsi:type="integer">1</Value><ReadOnly>false</ReadOnly><AlertXMLAssigned>false</AlertXMLAssigned></ContextItem><ContextItem><Name>user</Name><Description/><MinRange>0</MinRange><MaxRange>0</MaxRange><Value xsi:type="string">Viswajith Mk</Value><ReadOnly>false</ReadOnly><AlertXMLAssigned>false</AlertXMLAssigned></ContextItem></Context><Local><ContextItem><Name>alldates</Name><Description/><MinRange>0</MinRange><MaxRange>0</MaxRange><Value xsi:type="string"/><ReadOnly>false</ReadOnly><AlertXMLAssigned>false</AlertXMLAssigned></ContextItem><ContextItem><Name>finaldatelist</Name><Description/><MinRange>0</MinRange><MaxRange>0</MaxRange><Value xsi:type="list">[[string:Transaction.date1], [string:Transaction.date2], [string:Transaction.date3], [string:Transaction.date4], [string:Transaction.date5], [string:Transaction.date6], [string:Transaction.date7], [string:Transaction.date8], [string:Transaction.date9], [string:Transaction.date10]]</Value><ReadOnly>false</ReadOnly><AlertXMLAssigned>false</AlertXMLAssigned></ContextItem><ContextItem><Name>monthmap</Name><Description/><MinRange>0</MinRange><MaxRange>0</MaxRange><Value xsi:type="map">{11=[string:November], 1=[string:January], 12=[string:December], 2=[string:February], 3=[string:March], 4=[string:April], 5=[string:May], 6=[string:June], 7=[string:July], 8=[string:August], 9=[string:September], 10=[string:October]}</Value><ReadOnly>false</ReadOnly><AlertXMLAssigned>false</AlertXMLAssigned></ContextItem></Local><Layout><GUILayoutItem><Name>Sequence_2</Name><X>440</X><Y>8</Y><Width>120</Width><SpacingWidth>984</SpacingWidth><DescendantWidth>984</DescendantWidth><Height>96</Height></GUILayoutItem><GUILayoutItem><Name>Sequence_4</Name><X>8</X><Y>688</Y><Width>120</Width><SpacingWidth>120</SpacingWidth><DescendantWidth>0</DescendantWidth><Height>96</Height></GUILayoutItem><GUILayoutItem><Name>Sequence_3</Name><X>8</X><Y>552</Y><Width>120</Width><SpacingWidth>120</SpacingWidth><DescendantWidth>120</DescendantWidth><Height>96</Height></GUILayoutItem><GUILayoutItem><Name>Sequence_5</Name><X>8</X><Y>416</Y><Width>120</Width><SpacingWidth>120</SpacingWidth><DescendantWidth>120</DescendantWidth><Height>96</Height></GUILayoutItem><GUILayoutItem><Name>For_Next_Loop_0</Name><X>16</X><Y>432</Y><Width>104</Width><SpacingWidth>0</SpacingWidth><DescendantWidth>0</DescendantWidth><Height>72</Height></GUILayoutItem><GUILayoutItem><Name>Assignment_0</Name><X>16</X><Y>568</Y><Width>104</Width><SpacingWidth>0</SpacingWidth><DescendantWidth>0</DescendantWidth><Height>72</Height></GUILayoutItem><GUILayoutItem><Name>Sequence_6</Name><X>296</X><Y>688</Y><Width>120</Width><SpacingWidth>408</SpacingWidth><DescendantWidth>408</DescendantWidth><Height>96</Height></GUILayoutItem><GUILayoutItem><Name>Sequence_7</Name><X>296</X><Y>552</Y><Width>120</Width><SpacingWidth>408</SpacingWidth><DescendantWidth>408</DescendantWidth><Height>96</Height></GUILayoutItem><GUILayoutItem><Name>Iterator_0</Name><X>304</X><Y>568</Y><Width>104</Width><SpacingWidth>0</SpacingWidth><DescendantWidth>0</DescendantWidth><Height>72</Height></GUILayoutItem><GUILayoutItem><Name>Logic to keep only applied date variables and remove rest date variables</Name><X>8</X><Y>144</Y><Width>120</Width><SpacingWidth>120</SpacingWidth><DescendantWidth>120</DescendantWidth><Height>96</Height></GUILayoutItem><GUILayoutItem><Name>insert each date record to mdo</Name><X>368</X><Y>144</Y><Width>120</Width><SpacingWidth>552</SpacingWidth><DescendantWidth>552</DescendantWidth><Height>96</Height></GUILayoutItem><GUILayoutItem><Name>Sequence_0</Name><X>224</X><Y>960</Y><Width>120</Width><SpacingWidth>264</SpacingWidth><DescendantWidth>264</DescendantWidth><Height>96</Height></GUILayoutItem><GUILayoutItem><Name>Insert_leaves_0</Name><X>232</X><Y>976</Y><Width>104</Width><SpacingWidth>0</SpacingWidth><DescendantWidth>0</DescendantWidth><Height>72</Height></GUILayoutItem><GUILayoutItem><Name>Exception_Enabler_0</Name><X>448</X><Y>24</Y><Width>104</Width><SpacingWidth>0</SpacingWidth><DescendantWidth>0</DescendantWidth><Height>72</Height></GUILayoutItem><GUILayoutItem><Name>Catching Any error during Transaction</Name><X>800</X><Y>144</Y><Width>120</Width><SpacingWidth>264</SpacingWidth><DescendantWidth>264</DescendantWidth><Height>96</Height></GUILayoutItem><GUILayoutItem><Name>Sequence_13</Name><X>800</X><Y>416</Y><Width>120</Width><SpacingWidth>264</SpacingWidth><DescendantWidth>264</DescendantWidth><Height>96</Height></GUILayoutItem><GUILayoutItem><Name>Catch_2</Name><X>808</X><Y>432</Y><Width>104</Width><SpacingWidth>0</SpacingWidth><DescendantWidth>0</DescendantWidth><Height>72</Height></GUILayoutItem><GUILayoutItem><Name>Sequence_1</Name><X>728</X><Y>688</Y><Width>120</Width><SpacingWidth>120</SpacingWidth><DescendantWidth>0</DescendantWidth><Height>96</Height></GUILayoutItem><GUILayoutItem><Name>Assignment_3</Name><X>736</X><Y>704</Y><Width>104</Width><SpacingWidth>0</SpacingWidth><DescendantWidth>0</DescendantWidth><Height>72</Height></GUILayoutItem><GUILayoutItem><Name>Sequence_10</Name><X>368</X><Y>280</Y><Width>120</Width><SpacingWidth>552</SpacingWidth><DescendantWidth>552</DescendantWidth><Height>96</Height></GUILayoutItem><GUILayoutItem><Name>get521ID_0</Name><X>376</X><Y>296</Y><Width>104</Width><SpacingWidth>0</SpacingWidth><DescendantWidth>0</DescendantWidth><Height>72</Height></GUILayoutItem><GUILayoutItem><Name>Sequence_16</Name><X>368</X><Y>416</Y><Width>120</Width><SpacingWidth>552</SpacingWidth><DescendantWidth>552</DescendantWidth><Height>96</Height></GUILayoutItem><GUILayoutItem><Name>Conditional_2</Name><X>376</X><Y>432</Y><Width>104</Width><SpacingWidth>0</SpacingWidth><DescendantWidth>0</DescendantWidth><Height>72</Height></GUILayoutItem><GUILayoutItem><Name>Sequence_17</Name><X>584</X><Y>552</Y><Width>120</Width><SpacingWidth>120</SpacingWidth><DescendantWidth>0</DescendantWidth><Height>96</Height></GUILayoutItem><GUILayoutItem><Name>Throw_1</Name><X>592</X><Y>568</Y><Width>104</Width><SpacingWidth>0</SpacingWidth><DescendantWidth>0</DescendantWidth><Height>72</Height></GUILayoutItem><GUILayoutItem><Name>Sequence_18</Name><X>224</X><Y>1096</Y><Width>120</Width><SpacingWidth>264</SpacingWidth><DescendantWidth>264</DescendantWidth><Height>96</Height></GUILayoutItem><GUILayoutItem><Name>Conditional_3</Name><X>232</X><Y>1112</Y><Width>104</Width><SpacingWidth>0</SpacingWidth><DescendantWidth>0</DescendantWidth><Height>72</Height></GUILayoutItem><GUILayoutItem><Name>Sequence_8</Name><X>152</X><Y>1232</Y><Width>120</Width><SpacingWidth>120</SpacingWidth><DescendantWidth>0</DescendantWidth><Height>96</Height></GUILayoutItem><GUILayoutItem><Name>Sequence_19</Name><X>296</X><Y>1232</Y><Width>120</Width><SpacingWidth>120</SpacingWidth><DescendantWidth>0</DescendantWidth><Height>96</Height></GUILayoutItem><GUILayoutItem><Name>RecordValidation_0</Name><X>304</X><Y>704</Y><Width>104</Width><SpacingWidth>0</SpacingWidth><DescendantWidth>0</DescendantWidth><Height>72</Height></GUILayoutItem><GUILayoutItem><Name>Sequence_20</Name><X>296</X><Y>824</Y><Width>120</Width><SpacingWidth>408</SpacingWidth><DescendantWidth>408</DescendantWidth><Height>96</Height></GUILayoutItem><GUILayoutItem><Name>Conditional_0</Name><X>304</X><Y>840</Y><Width>104</Width><SpacingWidth>0</SpacingWidth><DescendantWidth>0</DescendantWidth><Height>72</Height></GUILayoutItem><GUILayoutItem><Name>Sequence_21</Name><X>440</X><Y>960</Y><Width>120</Width><SpacingWidth>120</SpacingWidth><DescendantWidth>0</DescendantWidth><Height>96</Height></GUILayoutItem><GUILayoutItem><Name>Throw_0</Name><X>448</X><Y>976</Y><Width>104</Width><SpacingWidth>0</SpacingWidth><DescendantWidth>0</DescendantWidth><Height>72</Height></GUILayoutItem><GUILayoutItem><Name>Throw_2</Name><X>304</X><Y>1248</Y><Width>104</Width><SpacingWidth>0</SpacingWidth><DescendantWidth>0</DescendantWidth><Height>72</Height></GUILayoutItem><GUILayoutItem><Name>Sequence_9</Name><X>800</X><Y>280</Y><Width>120</Width><SpacingWidth>264</SpacingWidth><DescendantWidth>264</DescendantWidth><Height>96</Height></GUILayoutItem><GUILayoutItem><Name>Sequence_11</Name><X>800</X><Y>552</Y><Width>120</Width><SpacingWidth>264</SpacingWidth><DescendantWidth>264</DescendantWidth><Height>96</Height></GUILayoutItem><GUILayoutItem><Name>Conditional_1</Name><X>808</X><Y>568</Y><Width>104</Width><SpacingWidth>0</SpacingWidth><DescendantWidth>0</DescendantWidth><Height>72</Height></GUILayoutItem><GUILayoutItem><Name>Sequence_14</Name><X>872</X><Y>688</Y><Width>120</Width><SpacingWidth>120</SpacingWidth><DescendantWidth>0</DescendantWidth><Height>96</Height></GUILayoutItem><GUILayoutItem><Name>Assignment_2</Name><X>808</X><Y>296</Y><Width>104</Width><SpacingWidth>0</SpacingWidth><DescendantWidth>0</DescendantWidth><Height>72</Height></GUILayoutItem><GUILayoutItem><Name>removing null dates</Name><X>8</X><Y>280</Y><Width>120</Width><SpacingWidth>120</SpacingWidth><DescendantWidth>120</DescendantWidth><Height>96</Height></GUILayoutItem></Layout><Actions><ContextItem><Name>For_Next_Loop_0</Name><Description/><MinRange>0</MinRange><MaxRange>0</MaxRange><Value xsi:type="ForNextRepeaterAction"><From>0</From><To>5</To><Step>1</Step><Break>false</Break><CurrentItem>0</CurrentItem></Value><ReadOnly>false</ReadOnly><AlertXMLAssigned>false</AlertXMLAssigned></ContextItem><ContextItem><Name>Assignment_0</Name><Description/><MinRange>0</MinRange><MaxRange>0</MaxRange><Value xsi:type="Assignment"/><ReadOnly>false</ReadOnly><AlertXMLAssigned>false</AlertXMLAssigned></ContextItem><ContextItem><Name>Iterator_0</Name><Description/><MinRange>0</MinRange><MaxRange>0</MaxRange><Value xsi:type="IteratorAction"><ItemCount>0</ItemCount><CurrentItem/><Break>false</Break><Source/></Value><ReadOnly>false</ReadOnly><AlertXMLAssigned>false</AlertXMLAssigned></ContextItem><ContextItem><Name>Insert_leaves_0</Name><Description/><MinRange>0</MinRange><MaxRange>0</MaxRange><Value xsi:type="IlluminatorMDOQueryObject"><Timeout>60</Timeout><Format>text/xml</Format><QueryParameters/><QueryStartDate>2022-11-20T17:04:21</QueryStartDate><ResultsAsString/><SQLTransaction/><QueryTemplate>Default/Viswajith/MKVI1/queries/Insert_leaves</QueryTemplate><Results><ReferenceDocumentSource/>&lt;?xml version="1.0" encoding="UTF-8"?&gt;&lt;Rowsets CachedTime="" DateCreated="2022-11-20T11:34:21" EndDate="2022-11-20T11:34:21" StartDate="2022-11-20T10:34:21" Version="15.4 SP1 Patch 7 (Mar 2, 2021)"&gt;&lt;Messages&gt;&lt;Message&gt;Command Query Successful&lt;/Message&gt;&lt;/Messages&gt;&lt;/Rowsets&gt;</Results><QueryEndDate>2022-11-20T17:04:21</QueryEndDate><ResultSet/><TagList/></Value><SchemaURI/><SchemaElement/><ValidateXMLOnExecution>1</ValidateXMLOnExecution><ReadOnly>false</ReadOnly><AlertXMLAssigned>false</AlertXMLAssigned></ContextItem><ContextItem><Name>Exception_Enabler_0</Name><Description/><MinRange>0</MinRange><MaxRange>0</MaxRange><Value xsi:type="ExceptionEnabler"><EnableActionExceptions>true</EnableActionExceptions><EnableLinkExceptions>true</EnableLinkExceptions></Value><ReadOnly>false</ReadOnly><AlertXMLAssigned>false</AlertXMLAssigned></ContextItem><ContextItem><Name>Catch_2</Name><Description/><MinRange>0</MinRange><MaxRange>0</MaxRange><Value xsi:type="CatchAction"/><ReadOnly>false</ReadOnly><AlertXMLAssigned>false</AlertXMLAssigned></ContextItem><ContextItem><Name>Assignment_3</Name><Description/><MinRange>0</MinRange><MaxRange>0</MaxRange><Value xsi:type="Assignment"/><ReadOnly>false</ReadOnly><AlertXMLAssigned>false</AlertXMLAssigned></ContextItem><ContextItem><Name>get521ID_0</Name><Description/><MinRange>0</MinRange><MaxRange>0</MaxRange><Value xsi:type="IlluminatorMDOQueryObject"><Timeout>60</Timeout><Format>text/xml</Format><QueryParameters/><QueryStartDate>2022-11-20T18:34:16</QueryStartDate><ResultsAsString/><SQLTransaction/><QueryTemplate>Default/Viswajith/MKVI1/queries/get521ID</QueryTemplate><Results><ReferenceDocumentSource/>&lt;?xml version="1.0" encoding="UTF-8"?&gt;&lt;Rowsets CachedTime="" DateCreated="2022-11-20T13:04:17" EndDate="2022-11-20T13:04:17" StartDate="2022-11-20T12:04:17" Version="15.4 SP1 Patch 7 (Mar 2, 2021)"&gt;&lt;FatalError&gt;java.sql.SQLException: Error while processing the template Default/Viswajith/MKVI1/queries/get521ID Failed to set the parameter 1 of the statement &amp;gt;&amp;gt;SELECT 521ID.FROM MDO74003 WHERE Team_Name.? AND User_Name.? &amp;lt;&amp;lt;: Cannot assign an empty string to a parameter with JDBC type &amp;gt;&amp;gt;VARCHAR&amp;lt;&amp;lt;.&lt;/FatalError&gt;&lt;/Rowsets&gt;</Results><QueryEndDate>2022-11-20T18:34:16</QueryEndDate><ResultSet/><TagList/></Value><SchemaURI/><SchemaElement/><ValidateXMLOnExecution>1</ValidateXMLOnExecution><ReadOnly>false</ReadOnly><AlertXMLAssigned>false</AlertXMLAssigned></ContextItem><ContextItem><Name>Conditional_2</Name><Description/><MinRange>0</MinRange><MaxRange>0</MaxRange><Value xsi:type="ConditionalAction"><Output>false</Output><InputCount>1</InputCount><LogicalAnd>false</LogicalAnd><Input1>false</Input1></Value><ReadOnly>false</ReadOnly><AlertXMLAssigned>false</AlertXMLAssigned></ContextItem><ContextItem><Name>Throw_1</Name><Description/><MinRange>0</MinRange><MaxRange>0</MaxRange><Value xsi:type="Throw"><Message/><Enable>true</Enable><TerminateException>false</TerminateException></Value><ReadOnly>false</ReadOnly><AlertXMLAssigned>false</AlertXMLAssigned></ContextItem><ContextItem><Name>Conditional_3</Name><Description/><MinRange>0</MinRange><MaxRange>0</MaxRange><Value xsi:type="ConditionalAction"><Output>false</Output><InputCount>1</InputCount><LogicalAnd>false</LogicalAnd><Input1>false</Input1></Value><ReadOnly>false</ReadOnly><AlertXMLAssigned>false</AlertXMLAssigned></ContextItem><ContextItem><Name>RecordValidation_0</Name><Description/><MinRange>0</MinRange><MaxRange>0</MaxRange><Value xsi:type="IlluminatorMDOQueryObject"><Timeout>60</Timeout><Format>text/xml</Format><QueryParameters/><QueryStartDate>2022-11-20T18:57:04</QueryStartDate><ResultsAsString/><SQLTransaction/><QueryTemplate>Default/Viswajith/MKVI1/queries/RecordValidation</QueryTemplate><Results><ReferenceDocumentSource/>&lt;?xml version="1.0" encoding="UTF-8"?&gt;&lt;Rowsets CachedTime="" DateCreated="2022-11-20T13:27:04" EndDate="2022-11-20T13:27:04" StartDate="2022-11-20T12:27:04" Version="15.4 SP1 Patch 7 (Mar 2, 2021)"&gt;&lt;FatalError&gt;java.sql.SQLException: Error while processing the template Default/Viswajith/MKVI1/queries/RecordValidation Failed to set the parameter 1 of the statement &amp;gt;&amp;gt;SELECT user.team.year.month.date.521ID.EntireDateFormat.[user].LASTTASKEXECUTEDBY.LASTQUERYEXECUTION.LASTQUERYEXECUTION.Y FROM MDO74007 WHERE user.? AND team.? AND year.? AND month.? AND date.? AND 521ID.? AND EntireDateFormat.? &amp;lt;&amp;lt;: Cannot assign an empty string to a parameter with JDBC type &amp;gt;&amp;gt;VARCHAR&amp;lt;&amp;lt;.&lt;/FatalError&gt;&lt;/Rowsets&gt;</Results><QueryEndDate>2022-11-20T18:57:04</QueryEndDate><ResultSet/><TagList/></Value><SchemaURI/><SchemaElement/><ValidateXMLOnExecution>1</ValidateXMLOnExecution><ReadOnly>false</ReadOnly><AlertXMLAssigned>false</AlertXMLAssigned></ContextItem><ContextItem><Name>Conditional_0</Name><Description/><MinRange>0</MinRange><MaxRange>0</MaxRange><Value xsi:type="ConditionalAction"><Output>false</Output><InputCount>1</InputCount><LogicalAnd>false</LogicalAnd><Input1>false</Input1></Value><ReadOnly>false</ReadOnly><AlertXMLAssigned>false</AlertXMLAssigned></ContextItem><ContextItem><Name>Throw_0</Name><Description/><MinRange>0</MinRange><MaxRange>0</MaxRange><Value xsi:type="Throw"><Message/><Enable>true</Enable><TerminateException>false</TerminateException></Value><ReadOnly>false</ReadOnly><AlertXMLAssigned>false</AlertXMLAssigned></ContextItem><ContextItem><Name>Throw_2</Name><Description/><MinRange>0</MinRange><MaxRange>0</MaxRange><Value xsi:type="Throw"><Message/><Enable>true</Enable><TerminateException>false</TerminateException></Value><ReadOnly>false</ReadOnly><AlertXMLAssigned>false</AlertXMLAssigned></ContextItem><ContextItem><Name>Conditional_1</Name><Description/><MinRange>0</MinRange><MaxRange>0</MaxRange><Value xsi:type="ConditionalAction"><Output>false</Output><InputCount>1</InputCount><LogicalAnd>false</LogicalAnd><Input1>false</Input1></Value><ReadOnly>false</ReadOnly><AlertXMLAssigned>false</AlertXMLAssigned></ContextItem><ContextItem><Name>Assignment_2</Name><Description/><MinRange>0</MinRange><MaxRange>0</MaxRange><Value xsi:type="Assignment"/><ReadOnly>false</ReadOnly><AlertXMLAssigned>false</AlertXMLAssigned></ContextItem></Actions><ReaderRoles>SAP_XMII_Super_Administrator,SAP_XMII_Administrator,SAP_XMII_Developer,SAP_XMII_User</ReaderRoles><Steps><Step xsi:type="ActionSequence"><Name>Sequence_2</Name><Description/><Steps><Step xsi:type="ActionSequence"><Name>Logic to keep only applied date variables and remove rest date variables</Name><Description>Logic to keep only applied date variables and checkboxvalues and  remove rest date variables and checkboxes</Description><Steps><Step xsi:type="ActionSequence"><Name>removing null dates</Name><Description/><Steps><Step xsi:type="ForNextRepeater"><Name>Sequence_5</Name><Description/><Steps><Step xsi:type="ActionSequence"><Name>Sequence_3</Name><Description/><Steps><Step xsi:type="ActionSequence"><Name>Sequence_4</Name><Description/><Steps/><Actions/></Step></Steps><Actions><Action><Name>Assignment_0</Name><Description> </Description><Expiration/><IncomingLinks/><OutgoingLinks><Assign xsi:type="Assign"><Name/><Description/><To>Local.finaldatelist</To><From>remove(Local.finaldatelist,Transaction.totaldaysofleave)</From></Assign></OutgoingLinks></Action></Actions></Step></Steps><Actions><Action><Name>For_Next_Loop_0</Name><Description> </Description><Expiration>Sequence_3</Expiration><IncomingLinks><Assign xsi:type="Assign"><Name/><Description/><To>For_Next_Loop_0.To</To><From>10-Transaction.totaldaysofleave-1</From></Assign><Assign xsi:type="Assign"><Name/><Description/><To>For_Next_Loop_0.From</To><From>0</From></Assign><Assign xsi:type="Assign"><Name/><Description/><To>For_Next_Loop_0.Step</To><From>1</From></Assign></IncomingLinks><OutgoingLinks/></Action></Actions></Step></Steps><Actions/></Step></Steps><Actions/></Step><Step xsi:type="ActionSequence"><Name>insert each date record to mdo</Name><Description/><Steps><Step xsi:type="ActionSequence"><Name>Sequence_10</Name><Description/><Steps><Step xsi:type="Conditional"><Name>Sequence_16</Name><Description/><Steps><Step xsi:type="Iterator"><Name>Sequence_7</Name><Description/><Steps><Step xsi:type="ActionSequence"><Name>Sequence_6</Name><Description/><Steps><Step xsi:type="Conditional"><Name>Sequence_20</Name><Description/><Steps><Step xsi:type="ActionSequence"><Name>Sequence_0</Name><Description/><Steps><Step xsi:type="Conditional"><Name>Sequence_18</Name><Description/><Steps><Step xsi:type="ActionSequence"><Name>Sequence_8</Name><Description/><Steps/><Actions/></Step><Step xsi:type="ActionSequence"><Name>Sequence_19</Name><Description/><Steps/><Actions><Action><Name>Throw_2</Name><Description>Throws an exception</Description><Expiration>Sequence_21</Expiration><IncomingLinks><Assign xsi:type="Assign"><Name/><Description/><To>Throw_2.Message</To><From>"Error While Saving Leave Details"</From></Assign></IncomingLinks><OutgoingLinks/></Action></Actions></Step></Steps><Actions><Action><Name>Conditional_3</Name><Description> </Description><Expiration>Sequence_21</Expiration><IncomingLinks><Assign xsi:type="Assign"><Name/><Description/><To>Conditional_3.Input1</To><From>Insert_leaves_0.Success</From></Assign></IncomingLinks><OutgoingLinks/></Action></Actions></Step></Steps><Actions><Action><Name>Insert_leaves_0</Name><Description>MDO Query</Description><Expiration>Sequence_21</Expiration><IncomingLinks><Assign xsi:type="Assign"><Name/><Description/><To>Insert_leaves_0.Param.1</To><From>Transaction.user</From></Assign><Assign xsi:type="Assign"><Name/><Description/><To>Insert_leaves_0.Param.2</To><From>Transaction.Team</From></Assign><Assign xsi:type="Assign"><Name/><Description/><To>Insert_leaves_0.Param.3</To><From>20&amp;stringright(#Iterator_0.CurrentItem#,2)</From></Assign><Assign xsi:type="Assign"><Name/><Description/><To>Insert_leaves_0.Param.4</To><From>getvaluefromMap(Local.monthmap ,stringreplace(stringleft(#Iterator_0.CurrentItem#,2), "/", ""))</From></Assign><Assign xsi:type="Assign"><Name/><Description/><To>Insert_leaves_0.Param.5</To><From>stringreplace( stringpart(stringright(#Iterator_0.CurrentItem#,5) , 1, 2) , "/", "")</From></Assign><Assign xsi:type="Assign"><Name/><Description/><To>Insert_leaves_0.Param.6</To><From>get521ID_0.Results{/Rowsets/Rowset/Row/User_521ID}</From></Assign><Assign xsi:type="Assign"><Name/><Description/><To>Insert_leaves_0.Param.7</To><From>#Iterator_0.CurrentItem#</From></Assign><Assign xsi:type="Assign"><Name/><Description/><To>Insert_leaves_0.Param.8</To><From>stringif(stringright(Iterator_0.CurrentItem,1)=="1",Transaction.checkboxvalue1,
stringif(stringright(Iterator_0.CurrentItem,1)=="2",Transaction.checkboxvalue2,
stringif(stringright(Iterator_0.CurrentItem,1)=="3",Transaction.checkboxvalue3,
stringif(stringright(Iterator_0.CurrentItem,1)=="4",Transaction.checkboxvalue4,
stringif(stringright(Iterator_0.CurrentItem,1)=="5",Transaction.checkboxvalue5,
stringif(stringright(Iterator_0.CurrentItem,1)=="6",Transaction.checkboxvalue6,
stringif(stringright(Iterator_0.CurrentItem,1)=="7",Transaction.checkboxvalue7,
stringif(stringright(Iterator_0.CurrentItem,1)=="8",Transaction.checkboxvalue8,
stringif(stringright(Iterator_0.CurrentItem,1)=="9",Transaction.checkboxvalue9,
stringif(stringright(Iterator_0.CurrentItem,1)=="0",Transaction.checkboxvalue10,"LEAVE"))))))))))</From></Assign></IncomingLinks><OutgoingLinks/></Action></Actions></Step><Step xsi:type="ActionSequence"><Name>Sequence_21</Name><Description/><Steps/><Actions><Action><Name>Throw_0</Name><Description>Throws an exception</Description><Expiration>Sequence_17</Expiration><IncomingLinks><Assign xsi:type="Assign"><Name/><Description/><To>Throw_0.Message</To><From>"Leave Details Already Exist for Entered Dates!!"</From></Assign></IncomingLinks><OutgoingLinks/></Action></Actions></Step></Steps><Actions><Action><Name>Conditional_0</Name><Description> </Description><Expiration/><IncomingLinks><Assign xsi:type="Assign"><Name/><Description/><To>Conditional_0.Input1</To><From>RecordValidation_0.Results{count(/Rowsets/Rowset/Row)}==0</From></Assign></IncomingLinks><OutgoingLinks/></Action></Actions></Step></Steps><Actions><Action><Name>RecordValidation_0</Name><Description>MDO Query</Description><Expiration/><IncomingLinks><Assign xsi:type="Assign"><Name/><Description/><To>RecordValidation_0.Param.1</To><From>Transaction.user</From></Assign><Assign xsi:type="Assign"><Name/><Description/><To>RecordValidation_0.Param.2</To><From>Transaction.Team</From></Assign><Assign xsi:type="Assign"><Name/><Description/><To>RecordValidation_0.Param.3</To><From>20&amp;stringright(#Iterator_0.CurrentItem#,2)</From></Assign><Assign xsi:type="Assign"><Name/><Description/><To>RecordValidation_0.Param.4</To><From>getvaluefromMap(Local.monthmap ,stringreplace(stringleft(#Iterator_0.CurrentItem#,2), "/", ""))</From></Assign><Assign xsi:type="Assign"><Name/><Description/><To>RecordValidation_0.Param.5</To><From>stringreplace( stringpart(stringright(#Iterator_0.CurrentItem#,5) , 1, 2) , "/", "")</From></Assign><Assign xsi:type="Assign"><Name/><Description/><To>RecordValidation_0.Param.6</To><From>get521ID_0.Results{/Rowsets/Rowset/Row/User_521ID}</From></Assign><Assign xsi:type="Assign"><Name/><Description/><To>RecordValidation_0.Param.7</To><From>#Iterator_0.CurrentItem#</From></Assign><Assign xsi:type="Assign"><Name/><Description/><To>RecordValidation_0.Param.8</To><From>stringif(stringright(Iterator_0.CurrentItem,1)=="1",Transaction.checkboxvalue1,
stringif(stringright(Iterator_0.CurrentItem,1)=="2",Transaction.checkboxvalue2,
stringif(stringright(Iterator_0.CurrentItem,1)=="3",Transaction.checkboxvalue3,
stringif(stringright(Iterator_0.CurrentItem,1)=="4",Transaction.checkboxvalue4,
stringif(stringright(Iterator_0.CurrentItem,1)=="5",Transaction.checkboxvalue5,
stringif(stringright(Iterator_0.CurrentItem,1)=="6",Transaction.checkboxvalue6,
stringif(stringright(Iterator_0.CurrentItem,1)=="7",Transaction.checkboxvalue7,
stringif(stringright(Iterator_0.CurrentItem,1)=="8",Transaction.checkboxvalue8,
stringif(stringright(Iterator_0.CurrentItem,1)=="9",Transaction.checkboxvalue9,
stringif(stringright(Iterator_0.CurrentItem,1)=="0",Transaction.checkboxvalue10,"LEAVE"))))))))))</From></Assign></IncomingLinks><OutgoingLinks/></Action></Actions></Step></Steps><Actions><Action><Name>Iterator_0</Name><Description> </Description><Expiration>Sequence_17</Expiration><IncomingLinks><Assign xsi:type="Assign"><Name/><Description/><To>Iterator_0.Source</To><From>Local.finaldatelist</From></Assign></IncomingLinks><OutgoingLinks/></Action></Actions></Step><Step xsi:type="ActionSequence"><Name>Sequence_17</Name><Description/><Steps/><Actions><Action><Name>Throw_1</Name><Description>Throws an exception</Description><Expiration>Catching Any error during Transaction</Expiration><IncomingLinks><Assign xsi:type="Assign"><Name/><Description/><To>Throw_1.Message</To><From>"521ID Is not Registered please contact support Team to Add your ID"</From></Assign></IncomingLinks><OutgoingLinks/></Action></Actions></Step></Steps><Actions><Action><Name>Conditional_2</Name><Description> </Description><Expiration>Sequence_7</Expiration><IncomingLinks><Assign xsi:type="Assign"><Name/><Description/><To>Conditional_2.Input1</To><From>get521ID_0.Results{count(/Rowsets/Rowset/Row)}&gt;0</From></Assign></IncomingLinks><OutgoingLinks/></Action></Actions></Step></Steps><Actions><Action><Name>get521ID_0</Name><Description>MDO Query</Description><Expiration>Sequence_18</Expiration><IncomingLinks><Assign xsi:type="Assign"><Name/><Description/><To>get521ID_0.Param.1</To><From>Transaction.Team</From></Assign><Assign xsi:type="Assign"><Name/><Description/><To>get521ID_0.Param.2</To><From>Transaction.user</From></Assign></IncomingLinks><OutgoingLinks/></Action></Actions></Step></Steps><Actions/></Step><Step xsi:type="ActionSequence"><Name>Catching Any error during Transaction</Name><Description/><Steps><Step xsi:type="ActionSequence"><Name>Sequence_9</Name><Description/><Steps><Step xsi:type="Catch"><Name>Sequence_13</Name><Description/><Steps><Step xsi:type="Conditional"><Name>Sequence_11</Name><Description/><Steps><Step xsi:type="ActionSequence"><Name>Sequence_1</Name><Description/><Steps/><Actions><Action><Name>Assignment_3</Name><Description> </Description><Expiration>Sequence_14</Expiration><IncomingLinks/><OutgoingLinks><Assign xsi:type="Assign"><Name/><Description/><To>Transaction.saveStatus</To><From>"Error  Occured !!! " &amp;crlf&amp;Catch_2.Message</From></Assign><Assign xsi:type="Assign"><Name/><Description/><To>Transaction.status</To><From>"error"</From></Assign></OutgoingLinks></Action></Actions></Step><Step xsi:type="ActionSequence"><Name>Sequence_14</Name><Description/><Steps/><Actions/></Step></Steps><Actions><Action><Name>Conditional_1</Name><Description> </Description><Expiration/><IncomingLinks><Assign xsi:type="Assign"><Name/><Description/><To>Conditional_1.Input1</To><From>Catch_2.ExceptionCaught</From></Assign></IncomingLinks><OutgoingLinks/></Action></Actions></Step></Steps><Actions><Action><Name>Catch_2</Name><Description>Catches an exception</Description><Expiration>Sequence_14</Expiration><IncomingLinks/><OutgoingLinks/></Action></Actions></Step></Steps><Actions><Action><Name>Assignment_2</Name><Description> </Description><Expiration>Sequence_13</Expiration><IncomingLinks/><OutgoingLinks><Assign xsi:type="Assign"><Name/><Description/><To>Transaction.saveStatus</To><From>" Leaves Applied Successfull for User  "&amp;Transaction.user &amp;crlf&amp;"Happy Holidays!!"</From></Assign><Assign xsi:type="Assign"><Name/><Description/><To>Transaction.status</To><From>"success"</From></Assign></OutgoingLinks></Action></Actions></Step></Steps><Actions/></Step></Steps><Actions><Action><Name>Exception_Enabler_0</Name><Description>Enables exceptions.</Description><Expiration>Logic to keep only applied date variables and remove rest date variables</Expiration><IncomingLinks/><OutgoingLinks/></Action></Actions></Step></Steps></Transaction>